0 0 (0)
1 3870593 (0 -> 25 -> 91 -> 83 -> 1)
2 3312549 (0 -> 96 -> 40 -> 8 -> 2)
3 3181999 (0 -> 42 -> 16 -> 41 -> 3)
4 3618960 (0 -> 77 -> 21 -> 4)
5 2932063 (0 -> 42 -> 85 -> 5)
6 4222053 (0 -> 42 -> 63 -> 39 -> 6)
7 4080930 (0 -> 42 -> 81 -> 37 -> 14 -> 7)
8 1987667 (0 -> 96 -> 40 -> 8)
9 2554856 (0 -> 42 -> 45 -> 68 -> 9)
10 2938765 (0 -> 42 -> 81 -> 10)
11 4437773 (0 -> 96 -> 40 -> 8 -> 2 -> 60 -> 11)
12 2668014 (0 -> 42 -> 12)
13 3087019 (0 -> 42 -> 81 -> 10 -> 13)
14 3460601 (0 -> 42 -> 81 -> 37 -> 14)
15 2826849 (0 -> 42 -> 85 -> 15)
16 1816796 (0 -> 42 -> 16)
17 2920204 (0 -> 96 -> 66 -> 17)
18 5086763 (0 -> 96 -> 99 -> 18)
19 4250805 (0 -> 96 -> 99 -> 78 -> 19)
20 3822210 (0 -> 42 -> 67 -> 20)
21 2545740 (0 -> 77 -> 21)
22 4106058 (0 -> 96 -> 88 -> 22)
23 1953970 (0 -> 42 -> 63 -> 23)
24 3088623 (0 -> 42 -> 81 -> 37 -> 24)
25 909564 (0 -> 25)
26 3429528 (0 -> 42 -> 81 -> 37 -> 24 -> 26)
27 5226918 (0 -> 42 -> 45 -> 68 -> 9 -> 65 -> 27)
28 4212270 (0 -> 96 -> 75 -> 55 -> 28)
29 3168518 (0 -> 42 -> 81 -> 10 -> 13 -> 29)
30 4809221 (0 -> 42 -> 63 -> 94 -> 30)
31 3774684 (0 -> 77 -> 21 -> 31)
32 2839624 (0 -> 42 -> 63 -> 94 -> 47 -> 32)
33 4136786 (0 -> 25 -> 74 -> 33)
34 2950033 (0 -> 42 -> 85 -> 15 -> 34)
35 3566720 (0 -> 96 -> 40 -> 35)
36 3844510 (0 -> 96 -> 75 -> 36)
37 2914494 (0 -> 42 -> 81 -> 37)
38 3300754 (0 -> 77 -> 21 -> 38)
39 3441232 (0 -> 42 -> 63 -> 39)
40 1261607 (0 -> 96 -> 40)
41 1934974 (0 -> 42 -> 16 -> 41)
42 776535 (0 -> 42)
43 3970021 (0 -> 25 -> 91 -> 83 -> 43)
44 2794711 (0 -> 96 -> 66 -> 44)
45 2123264 (0 -> 42 -> 45)
46 3764423 (0 -> 42 -> 12 -> 46)
47 2796023 (0 -> 42 -> 63 -> 94 -> 47)
48 3596965 (0 -> 42 -> 81 -> 37 -> 48)
49 4584328 (0 -> 42 -> 85 -> 15 -> 34 -> 49)
50 5018755 (0 -> 42 -> 16 -> 41 -> 50)
51 3565532 (0 -> 96 -> 75 -> 51)
52 4501127 (0 -> 77 -> 21 -> 58 -> 52)
53 3316397 (0 -> 42 -> 16 -> 41 -> 98 -> 53)
54 3869004 (0 -> 42 -> 63 -> 54)
55 3432306 (0 -> 96 -> 75 -> 55)
56 3452913 (0 -> 77 -> 21 -> 56)
57 3342080 (0 -> 42 -> 16 -> 41 -> 98 -> 53 -> 57)
58 2573568 (0 -> 77 -> 21 -> 58)
59 5051457 (0 -> 25 -> 91 -> 83 -> 43 -> 59)
60 3462794 (0 -> 96 -> 40 -> 8 -> 2 -> 60)
61 3658867 (0 -> 42 -> 63 -> 39 -> 61)
62 3431471 (0 -> 96 -> 99 -> 78 -> 62)
63 1849117 (0 -> 42 -> 63)
64 4330315 (0 -> 96 -> 64)
65 2984544 (0 -> 42 -> 45 -> 68 -> 9 -> 65)
66 1578492 (0 -> 96 -> 66)
67 3375173 (0 -> 42 -> 67)
68 2227551 (0 -> 42 -> 45 -> 68)
69 1314551 (0 -> 42 -> 69)
70 3183588 (0 -> 42 -> 70)
71 3350837 (0 -> 96 -> 66 -> 17 -> 71)
72 2718314 (0 -> 96 -> 99 -> 78 -> 72)
73 4908568 (0 -> 42 -> 45 -> 68 -> 9 -> 65 -> 97 -> 73)
74 3433489 (0 -> 25 -> 74)
75 3081553 (0 -> 96 -> 75)
76 3119032 (0 -> 96 -> 40 -> 8 -> 76)
77 939318 (0 -> 77)
78 2613367 (0 -> 96 -> 99 -> 78)
79 3067081 (0 -> 42 -> 79)
80 4120944 (0 -> 42 -> 81 -> 80)
81 1144851 (0 -> 42 -> 81)
82 3569910 (0 -> 96 -> 75 -> 55 -> 82)
83 3862219 (0 -> 25 -> 91 -> 83)
84 4673509 (0 -> 96 -> 75 -> 55 -> 84)
85 2000990 (0 -> 42 -> 85)
86 3029508 (0 -> 42 -> 81 -> 37 -> 86)
87 4386349 (0 -> 96 -> 66 -> 44 -> 87)
88 2233484 (0 -> 96 -> 88)
89 3501595 (0 -> 42 -> 63 -> 23 -> 89)
90 3439916 (0 -> 96 -> 99 -> 78 -> 72 -> 90)
91 1061281 (0 -> 25 -> 91)
92 3329049 (0 -> 42 -> 63 -> 94 -> 92)
93 3025701 (0 -> 42 -> 63 -> 23 -> 93)
94 1921169 (0 -> 42 -> 63 -> 94)
95 3893287 (0 -> 77 -> 21 -> 56 -> 95)
96 423462 (0 -> 96)
97 3043653 (0 -> 42 -> 45 -> 68 -> 9 -> 65 -> 97)
98 2945145 (0 -> 42 -> 16 -> 41 -> 98)
99 1388292 (0 -> 96 -> 99)
