0 1884653 (11 -> 9 -> 35 -> 7 -> 0)
1 1290961 (11 -> 9 -> 1)
2 2647273 (11 -> 9 -> 25 -> 31 -> 33 -> 3 -> 2)
3 2152673 (11 -> 9 -> 25 -> 31 -> 33 -> 3)
4 1896457 (11 -> 9 -> 21 -> 44 -> 14 -> 36 -> 4)
5 1373845 (11 -> 9 -> 46 -> 5)
6 1591679 (11 -> 9 -> 38 -> 26 -> 6)
7 1809422 (11 -> 9 -> 35 -> 7)
8 1344662 (11 -> 9 -> 38 -> 8)
9 547063 (11 -> 9)
10 733045 (11 -> 9 -> 46 -> 10)
11 0 (11)
12 1246506 (11 -> 9 -> 25 -> 31 -> 12)
13 1067538 (11 -> 9 -> 25 -> 31 -> 13)
14 1563943 (11 -> 9 -> 21 -> 44 -> 14)
15 1266708 (11 -> 9 -> 25 -> 31 -> 15)
16 1360754 (11 -> 16)
17 1149206 (11 -> 9 -> 25 -> 17)
18 995997 (11 -> 9 -> 35 -> 18)
19 745686 (11 -> 9 -> 25 -> 19)
20 2800402 (11 -> 9 -> 21 -> 20)
21 592186 (11 -> 9 -> 21)
22 1755689 (11 -> 9 -> 1 -> 22)
23 2048806 (11 -> 9 -> 21 -> 44 -> 14 -> 23)
24 1876293 (11 -> 9 -> 25 -> 31 -> 13 -> 39 -> 24)
25 636966 (11 -> 9 -> 25)
26 1163460 (11 -> 9 -> 38 -> 26)
27 1073461 (11 -> 9 -> 25 -> 31 -> 13 -> 27)
28 1949328 (11 -> 9 -> 21 -> 44 -> 14 -> 28)
29 1245855 (11 -> 9 -> 21 -> 44 -> 29)
30 1836455 (11 -> 9 -> 21 -> 44 -> 14 -> 36 -> 30)
31 832338 (11 -> 9 -> 25 -> 31)
32 1436991 (11 -> 9 -> 46 -> 5 -> 32)
33 1515877 (11 -> 9 -> 25 -> 31 -> 33)
34 2539097 (11 -> 16 -> 48 -> 34)
35 836392 (11 -> 9 -> 35)
36 1621705 (11 -> 9 -> 21 -> 44 -> 14 -> 36)
37 2020399 (11 -> 9 -> 21 -> 44 -> 14 -> 36 -> 4 -> 37)
38 1023609 (11 -> 9 -> 38)
39 1075824 (11 -> 9 -> 25 -> 31 -> 13 -> 39)
40 1199687 (11 -> 9 -> 25 -> 31 -> 13 -> 40)
41 1795030 (11 -> 9 -> 38 -> 41)
42 1932734 (11 -> 9 -> 25 -> 31 -> 13 -> 40 -> 42)
43 1851594 (11 -> 9 -> 38 -> 8 -> 43)
44 1225852 (11 -> 9 -> 21 -> 44)
45 1299453 (11 -> 9 -> 21 -> 45)
46 570310 (11 -> 9 -> 46)
47 2533934 (11 -> 9 -> 35 -> 18 -> 47)
48 1533533 (11 -> 16 -> 48)
49 1120922 (11 -> 9 -> 25 -> 19 -> 49)
