0 251760 (11 -> 746 -> 875 -> 349 -> 45 -> 26 -> 968 -> 162 -> 658 -> 514 -> 0)
1 265943 (11 -> 746 -> 875 -> 903 -> 396 -> 153 -> 906 -> 278 -> 856 -> 1)
2 212876 (11 -> 746 -> 787 -> 129 -> 2)
3 352925 (11 -> 746 -> 875 -> 349 -> 413 -> 358 -> 3)
4 300588 (11 -> 746 -> 192 -> 288 -> 309 -> 4)
5 397129 (11 -> 746 -> 875 -> 903 -> 16 -> 294 -> 916 -> 348 -> 682 -> 5)
6 197436 (11 -> 746 -> 192 -> 35 -> 686 -> 484 -> 759 -> 87 -> 223 -> 588 -> 6)
7 178824 (11 -> 410 -> 212 -> 981 -> 7)
8 280177 (11 -> 410 -> 212 -> 981 -> 232 -> 400 -> 8)
9 153344 (11 -> 410 -> 233 -> 98 -> 9)
10 251843 (11 -> 410 -> 233 -> 98 -> 9 -> 53 -> 10)
11 0 (11)
12 305932 (11 -> 746 -> 740 -> 40 -> 907 -> 858 -> 428 -> 12)
13 271916 (11 -> 746 -> 192 -> 717 -> 577 -> 200 -> 13)
14 241321 (11 -> 746 -> 875 -> 393 -> 779 -> 524 -> 63 -> 279 -> 568 -> 14)
15 223342 (11 -> 437 -> 516 -> 15)
16 209329 (11 -> 746 -> 875 -> 903 -> 16)
17 286273 (11 -> 437 -> 518 -> 997 -> 469 -> 17)
18 250567 (11 -> 746 -> 875 -> 349 -> 45 -> 300 -> 951 -> 710 -> 18)
19 275541 (11 -> 746 -> 422 -> 825 -> 132 -> 19)
20 223783 (11 -> 746 -> 875 -> 393 -> 779 -> 167 -> 20)
21 193556 (11 -> 746 -> 875 -> 265 -> 241 -> 21)
22 262354 (11 -> 746 -> 192 -> 717 -> 22)
23 266999 (11 -> 410 -> 373 -> 340 -> 237 -> 854 -> 620 -> 290 -> 23)
24 262706 (11 -> 746 -> 740 -> 40 -> 907 -> 790 -> 575 -> 915 -> 891 -> 24)
25 328276 (11 -> 746 -> 192 -> 35 -> 606 -> 647 -> 807 -> 25)
26 152392 (11 -> 746 -> 875 -> 349 -> 45 -> 26)
27 324669 (11 -> 746 -> 192 -> 35 -> 686 -> 484 -> 789 -> 27)
28 175697 (11 -> 746 -> 875 -> 393 -> 779 -> 524 -> 63 -> 985 -> 28)
29 320720 (11 -> 746 -> 740 -> 325 -> 338 -> 653 -> 800 -> 146 -> 29)
30 252168 (11 -> 746 -> 34 -> 239 -> 30)
31 294731 (11 -> 746 -> 192 -> 288 -> 339 -> 911 -> 973 -> 264 -> 31)
32 235473 (11 -> 746 -> 875 -> 349 -> 611 -> 263 -> 777 -> 147 -> 32)
33 281228 (11 -> 746 -> 875 -> 393 -> 833 -> 33)
34 186585 (11 -> 746 -> 34)
35 46618 (11 -> 746 -> 192 -> 35)
36 240804 (11 -> 746 -> 875 -> 393 -> 677 -> 500 -> 36)
37 286943 (11 -> 746 -> 875 -> 349 -> 611 -> 263 -> 777 -> 147 -> 32 -> 37)
38 90919 (11 -> 746 -> 192 -> 38)
39 325048 (11 -> 410 -> 373 -> 340 -> 743 -> 281 -> 561 -> 39)
40 114973 (11 -> 746 -> 740 -> 40)
41 296110 (11 -> 746 -> 422 -> 41)
42 325684 (11 -> 746 -> 192 -> 38 -> 480 -> 804 -> 42)
43 236954 (11 -> 746 -> 808 -> 43)
44 292120 (11 -> 746 -> 192 -> 35 -> 686 -> 484 -> 789 -> 44)
45 142105 (11 -> 746 -> 875 -> 349 -> 45)
46 204401 (11 -> 746 -> 192 -> 288 -> 339 -> 911 -> 809 -> 852 -> 470 -> 46)
47 406261 (11 -> 746 -> 875 -> 776 -> 47)
48 267051 (11 -> 410 -> 373 -> 340 -> 92 -> 48)
49 209920 (11 -> 746 -> 192 -> 288 -> 339 -> 360 -> 592 -> 49)
50 202045 (11 -> 410 -> 373 -> 340 -> 237 -> 170 -> 50)
51 215638 (11 -> 746 -> 192 -> 35 -> 686 -> 484 -> 759 -> 347 -> 51)
52 288758 (11 -> 746 -> 740 -> 40 -> 907 -> 215 -> 52)
53 210768 (11 -> 410 -> 233 -> 98 -> 9 -> 53)
54 223940 (11 -> 746 -> 192 -> 288 -> 339 -> 360 -> 335 -> 54)
55 211828 (11 -> 746 -> 740 -> 40 -> 907 -> 521 -> 757 -> 55)
56 275787 (11 -> 410 -> 233 -> 98 -> 725 -> 818 -> 56)
57 193787 (11 -> 746 -> 192 -> 288 -> 339 -> 911 -> 809 -> 852 -> 57)
58 129739 (11 -> 746 -> 192 -> 38 -> 480 -> 58)
59 225129 (11 -> 746 -> 875 -> 903 -> 954 -> 879 -> 59)
60 272562 (11 -> 410 -> 910 -> 492 -> 75 -> 60)
61 297451 (11 -> 746 -> 192 -> 35 -> 686 -> 484 -> 759 -> 61)
62 140623 (11 -> 746 -> 740 -> 325 -> 62)
63 165464 (11 -> 746 -> 875 -> 393 -> 779 -> 524 -> 63)
64 309085 (11 -> 746 -> 192 -> 361 -> 821 -> 64)
65 290225 (11 -> 746 -> 875 -> 903 -> 986 -> 850 -> 65)
66 269522 (11 -> 746 -> 875 -> 903 -> 396 -> 153 -> 906 -> 278 -> 856 -> 66)
67 250463 (11 -> 410 -> 373 -> 340 -> 893 -> 67)
68 305618 (11 -> 410 -> 910 -> 171 -> 466 -> 68)
69 250994 (11 -> 746 -> 192 -> 38 -> 69)
70 290773 (11 -> 410 -> 212 -> 981 -> 70)
71 226632 (11 -> 746 -> 875 -> 903 -> 986 -> 959 -> 199 -> 71)
72 255446 (11 -> 746 -> 875 -> 903 -> 16 -> 294 -> 103 -> 72)
73 182246 (11 -> 746 -> 875 -> 393 -> 779 -> 524 -> 63 -> 279 -> 330 -> 73)
74 342204 (11 -> 746 -> 192 -> 35 -> 606 -> 647 -> 966 -> 74)
75 153187 (11 -> 410 -> 910 -> 492 -> 75)
76 319042 (11 -> 746 -> 875 -> 903 -> 183 -> 798 -> 76)
77 309281 (11 -> 410 -> 262 -> 820 -> 164 -> 77)
78 177760 (11 -> 746 -> 875 -> 393 -> 779 -> 78)
79 231633 (11 -> 746 -> 740 -> 40 -> 130 -> 974 -> 914 -> 79)
80 269418 (11 -> 410 -> 212 -> 981 -> 859 -> 467 -> 80)
81 322211 (11 -> 410 -> 910 -> 171 -> 597 -> 185 -> 379 -> 81)
82 153088 (11 -> 746 -> 875 -> 393 -> 833 -> 454 -> 82)
83 251638 (11 -> 746 -> 875 -> 349 -> 45 -> 300 -> 85 -> 629 -> 83)
84 306821 (11 -> 186 -> 84)
85 213047 (11 -> 746 -> 875 -> 349 -> 45 -> 300 -> 85)
86 131648 (11 -> 746 -> 192 -> 38 -> 86)
87 166056 (11 -> 746 -> 192 -> 35 -> 686 -> 484 -> 759 -> 87)
88 284848 (11 -> 746 -> 875 -> 393 -> 88)
89 213394 (11 -> 746 -> 740 -> 136 -> 89)
90 175918 (11 -> 746 -> 192 -> 288 -> 339 -> 911 -> 90)
91 246824 (11 -> 746 -> 875 -> 349 -> 45 -> 26 -> 91)
92 258139 (11 -> 410 -> 373 -> 340 -> 92)
93 163763 (11 -> 746 -> 875 -> 349 -> 45 -> 300 -> 93)
94 237773 (11 -> 746 -> 422 -> 904 -> 94)
95 444249 (11 -> 746 -> 192 -> 288 -> 339 -> 911 -> 809 -> 852 -> 721 -> 750 -> 95)
96 300071 (11 -> 746 -> 192 -> 288 -> 773 -> 230 -> 567 -> 96)
97 158397 (11 -> 746 -> 192 -> 38 -> 480 -> 804 -> 97)
98 149451 (11 -> 410 -> 233 -> 98)
99 269189 (11 -> 746 -> 875 -> 349 -> 944 -> 99)
100 341880 (11 -> 746 -> 192 -> 35 -> 606 -> 188 -> 705 -> 684 -> 198 -> 407 -> 100)
101 344352 (11 -> 781 -> 430 -> 101)
102 271021 (11 -> 746 -> 875 -> 903 -> 396 -> 284 -> 102)
103 254229 (11 -> 746 -> 875 -> 903 -> 16 -> 294 -> 103)
104 249310 (11 -> 746 -> 740 -> 40 -> 907 -> 790 -> 909 -> 775 -> 104)
105 270277 (11 -> 410 -> 233 -> 98 -> 725 -> 342 -> 709 -> 105)
106 327824 (11 -> 746 -> 875 -> 393 -> 779 -> 78 -> 587 -> 106)
107 159538 (11 -> 746 -> 875 -> 393 -> 779 -> 167 -> 107)
108 306159 (11 -> 746 -> 192 -> 38 -> 480 -> 745 -> 108)
109 213947 (11 -> 746 -> 740 -> 935 -> 109)
110 260791 (11 -> 746 -> 192 -> 288 -> 339 -> 360 -> 592 -> 110)
111 206051 (11 -> 746 -> 192 -> 288 -> 339 -> 911 -> 809 -> 357 -> 548 -> 111)
112 197573 (11 -> 746 -> 192 -> 288 -> 339 -> 911 -> 809 -> 852 -> 721 -> 112)
113 325492 (11 -> 746 -> 192 -> 38 -> 480 -> 505 -> 113)
114 212781 (11 -> 746 -> 740 -> 40 -> 130 -> 971 -> 114)
115 273616 (11 -> 746 -> 192 -> 35 -> 606 -> 188 -> 919 -> 768 -> 603 -> 115)
116 163286 (11 -> 410 -> 373 -> 842 -> 116)
117 247962 (11 -> 746 -> 875 -> 393 -> 779 -> 167 -> 622 -> 117)
118 220033 (11 -> 746 -> 875 -> 835 -> 659 -> 118)
119 225683 (11 -> 746 -> 192 -> 288 -> 339 -> 911 -> 119)
120 258972 (11 -> 437 -> 518 -> 827 -> 463 -> 120)
121 339478 (11 -> 746 -> 740 -> 40 -> 907 -> 790 -> 575 -> 378 -> 844 -> 121)
122 243479 (11 -> 746 -> 192 -> 288 -> 339 -> 911 -> 90 -> 122)
123 271371 (11 -> 746 -> 787 -> 129 -> 2 -> 457 -> 123)
124 267258 (11 -> 410 -> 311 -> 189 -> 286 -> 769 -> 124)
125 302654 (11 -> 746 -> 740 -> 935 -> 601 -> 125)
126 315665 (11 -> 746 -> 875 -> 349 -> 45 -> 26 -> 968 -> 162 -> 126)
127 320680 (11 -> 746 -> 740 -> 40 -> 907 -> 790 -> 909 -> 127)
128 289606 (11 -> 746 -> 875 -> 903 -> 986 -> 336 -> 128)
129 210164 (11 -> 746 -> 787 -> 129)
130 120013 (11 -> 746 -> 740 -> 40 -> 130)
131 233127 (11 -> 746 -> 740 -> 40 -> 130 -> 477 -> 131)
132 261737 (11 -> 746 -> 422 -> 825 -> 132)
133 250667 (11 -> 746 -> 875 -> 393 -> 779 -> 167 -> 107 -> 989 -> 133)
134 221852 (11 -> 410 -> 373 -> 842 -> 574 -> 134)
135 223500 (11 -> 186 -> 135)
136 157860 (11 -> 746 -> 740 -> 136)
137 300581 (11 -> 410 -> 373 -> 842 -> 116 -> 137)
138 146268 (11 -> 746 -> 740 -> 40 -> 138)
139 324303 (11 -> 746 -> 875 -> 393 -> 677 -> 500 -> 36 -> 501 -> 139)
140 485010 (11 -> 746 -> 192 -> 38 -> 371 -> 140)
141 246272 (11 -> 746 -> 875 -> 393 -> 779 -> 524 -> 63 -> 279 -> 712 -> 141)
142 306623 (11 -> 746 -> 787 -> 961 -> 731 -> 531 -> 399 -> 142)
143 200923 (11 -> 437 -> 143)
144 290840 (11 -> 746 -> 875 -> 903 -> 396 -> 153 -> 724 -> 144)
145 358740 (11 -> 437 -> 516 -> 15 -> 145)
146 285300 (11 -> 746 -> 740 -> 325 -> 338 -> 653 -> 800 -> 146)
147 225138 (11 -> 746 -> 875 -> 349 -> 611 -> 263 -> 777 -> 147)
148 411707 (11 -> 746 -> 875 -> 903 -> 16 -> 294 -> 916 -> 148)
149 245161 (11 -> 746 -> 192 -> 35 -> 686 -> 484 -> 226 -> 251 -> 149)
150 368592 (11 -> 410 -> 373 -> 340 -> 237 -> 170 -> 280 -> 150)
151 279605 (11 -> 746 -> 875 -> 349 -> 944 -> 151)
152 291579 (11 -> 437 -> 518 -> 997 -> 152)
153 136355 (11 -> 746 -> 875 -> 903 -> 396 -> 153)
154 178759 (11 -> 410 -> 373 -> 842 -> 154)
155 306966 (11 -> 410 -> 212 -> 981 -> 784 -> 155)
156 233442 (11 -> 746 -> 875 -> 393 -> 779 -> 524 -> 63 -> 985 -> 28 -> 156)
157 247455 (11 -> 746 -> 740 -> 40 -> 130 -> 390 -> 984 -> 157)
158 277281 (11 -> 746 -> 875 -> 393 -> 779 -> 524 -> 63 -> 279 -> 330 -> 158)
159 246416 (11 -> 746 -> 875 -> 393 -> 779 -> 524 -> 63 -> 985 -> 28 -> 271 -> 159)
160 161445 (11 -> 746 -> 740 -> 40 -> 130 -> 477 -> 160)
161 262718 (11 -> 746 -> 808 -> 43 -> 926 -> 161)
162 189568 (11 -> 746 -> 875 -> 349 -> 45 -> 26 -> 968 -> 162)
163 261168 (11 -> 746 -> 875 -> 393 -> 779 -> 524 -> 63 -> 279 -> 330 -> 73 -> 163)
164 226852 (11 -> 410 -> 262 -> 820 -> 164)
165 258179 (11 -> 746 -> 740 -> 40 -> 907 -> 790 -> 563 -> 165)
166 232538 (11 -> 746 -> 740 -> 40 -> 130 -> 390 -> 737 -> 166)
167 135375 (11 -> 746 -> 875 -> 393 -> 779 -> 167)
168 251082 (11 -> 746 -> 875 -> 349 -> 45 -> 300 -> 951 -> 168)
169 235665 (11 -> 410 -> 233 -> 98 -> 725 -> 958 -> 169)
170 187646 (11 -> 410 -> 373 -> 340 -> 237 -> 170)
171 119535 (11 -> 410 -> 910 -> 171)
172 192944 (11 -> 746 -> 740 -> 325 -> 338 -> 172)
173 254076 (11 -> 746 -> 192 -> 288 -> 339 -> 911 -> 809 -> 357 -> 548 -> 173)
174 276981 (11 -> 746 -> 740 -> 40 -> 130 -> 974 -> 914 -> 174)
175 247178 (11 -> 746 -> 875 -> 349 -> 472 -> 175)
176 243351 (11 -> 746 -> 740 -> 40 -> 907 -> 858 -> 428 -> 176)
177 271222 (11 -> 746 -> 740 -> 40 -> 907 -> 790 -> 909 -> 775 -> 104 -> 177)
178 222085 (11 -> 746 -> 875 -> 393 -> 559 -> 388 -> 178)
179 215288 (11 -> 746 -> 875 -> 349 -> 45 -> 26 -> 243 -> 179)
180 233823 (11 -> 746 -> 875 -> 393 -> 833 -> 423 -> 536 -> 180)
181 356007 (11 -> 746 -> 875 -> 903 -> 396 -> 284 -> 102 -> 181)
182 334101 (11 -> 746 -> 875 -> 393 -> 779 -> 524 -> 63 -> 985 -> 28 -> 306 -> 605 -> 182)
183 139418 (11 -> 746 -> 875 -> 903 -> 183)
184 277620 (11 -> 437 -> 516 -> 15 -> 184)
185 223972 (11 -> 410 -> 910 -> 171 -> 597 -> 185)
186 63848 (11 -> 186)
187 200436 (11 -> 746 -> 740 -> 325 -> 338 -> 898 -> 187)
188 165944 (11 -> 746 -> 192 -> 35 -> 606 -> 188)
189 205832 (11 -> 410 -> 311 -> 189)
190 258597 (11 -> 746 -> 192 -> 38 -> 86 -> 900 -> 298 -> 635 -> 190)
191 344435 (11 -> 746 -> 875 -> 903 -> 396 -> 153 -> 724 -> 191)
192 46594 (11 -> 746 -> 192)
193 270618 (11 -> 410 -> 212 -> 981 -> 859 -> 467 -> 329 -> 193)
194 235725 (11 -> 746 -> 192 -> 288 -> 339 -> 911 -> 809 -> 852 -> 470 -> 46 -> 663 -> 194)
195 183221 (11 -> 746 -> 740 -> 136 -> 195)
196 246434 (11 -> 746 -> 192 -> 288 -> 803 -> 316 -> 708 -> 476 -> 196)
197 349293 (11 -> 410 -> 212 -> 981 -> 232 -> 400 -> 197)
198 199476 (11 -> 746 -> 192 -> 35 -> 606 -> 188 -> 705 -> 684 -> 198)
199 201232 (11 -> 746 -> 875 -> 903 -> 986 -> 959 -> 199)
200 200191 (11 -> 746 -> 192 -> 717 -> 577 -> 200)
201 395018 (11 -> 746 -> 192 -> 35 -> 606 -> 647 -> 966 -> 74 -> 201)
202 187482 (11 -> 746 -> 740 -> 935 -> 202)
203 320379 (11 -> 746 -> 787 -> 961 -> 731 -> 490 -> 401 -> 203)
204 301412 (11 -> 746 -> 740 -> 40 -> 130 -> 974 -> 914 -> 204)
205 192106 (11 -> 746 -> 740 -> 40 -> 907 -> 790 -> 205)
206 269138 (11 -> 410 -> 373 -> 340 -> 237 -> 170 -> 280 -> 836 -> 206)
207 336862 (11 -> 746 -> 875 -> 393 -> 779 -> 524 -> 63 -> 985 -> 28 -> 271 -> 207)
208 203953 (11 -> 746 -> 740 -> 40 -> 907 -> 858 -> 208)
209 329137 (11 -> 746 -> 740 -> 40 -> 130 -> 390 -> 984 -> 157 -> 209)
210 599711 (11 -> 746 -> 192 -> 288 -> 339 -> 911 -> 809 -> 852 -> 470 -> 46 -> 663 -> 194 -> 996 -> 210)
211 307543 (11 -> 746 -> 875 -> 903 -> 396 -> 153 -> 906 -> 278 -> 856 -> 211)
212 113950 (11 -> 410 -> 212)
213 266433 (11 -> 746 -> 192 -> 288 -> 339 -> 360 -> 335 -> 451 -> 213)
214 288587 (11 -> 746 -> 740 -> 40 -> 907 -> 858 -> 428 -> 616 -> 628 -> 214)
215 279086 (11 -> 746 -> 740 -> 40 -> 907 -> 215)
216 290720 (11 -> 410 -> 373 -> 340 -> 216)
217 393035 (11 -> 410 -> 262 -> 820 -> 164 -> 217)
218 380122 (11 -> 437 -> 218)
219 177115 (11 -> 746 -> 192 -> 288 -> 219)
220 339966 (11 -> 746 -> 192 -> 288 -> 339 -> 911 -> 220)
221 254104 (11 -> 746 -> 740 -> 40 -> 130 -> 540 -> 221)
222 228397 (11 -> 746 -> 192 -> 35 -> 606 -> 188 -> 705 -> 684 -> 198 -> 222)
223 166681 (11 -> 746 -> 192 -> 35 -> 686 -> 484 -> 759 -> 87 -> 223)
224 351913 (11 -> 410 -> 910 -> 492 -> 224)
225 167160 (11 -> 746 -> 740 -> 40 -> 130 -> 477 -> 160 -> 225)
226 171972 (11 -> 746 -> 192 -> 35 -> 686 -> 484 -> 226)
227 230447 (11 -> 746 -> 875 -> 393 -> 779 -> 167 -> 107 -> 227)
228 176470 (11 -> 746 -> 875 -> 835 -> 228)
229 284810 (11 -> 410 -> 212 -> 981 -> 232 -> 229)
230 271117 (11 -> 746 -> 192 -> 288 -> 773 -> 230)
231 240991 (11 -> 746 -> 422 -> 825 -> 231)
232 226049 (11 -> 410 -> 212 -> 981 -> 232)
233 133298 (11 -> 410 -> 233)
234 284643 (11 -> 746 -> 740 -> 362 -> 793 -> 566 -> 234)
235 197955 (11 -> 746 -> 192 -> 288 -> 339 -> 911 -> 90 -> 889 -> 235)
236 355578 (11 -> 746 -> 192 -> 288 -> 339 -> 911 -> 809 -> 357 -> 548 -> 111 -> 236)
237 168899 (11 -> 410 -> 373 -> 340 -> 237)
238 206686 (11 -> 746 -> 192 -> 288 -> 339 -> 911 -> 238)
239 207497 (11 -> 746 -> 34 -> 239)
240 302960 (11 -> 746 -> 192 -> 288 -> 339 -> 911 -> 809 -> 357 -> 548 -> 111 -> 240)
241 148190 (11 -> 746 -> 875 -> 265 -> 241)
242 288992 (11 -> 746 -> 875 -> 903 -> 16 -> 242)
243 211462 (11 -> 746 -> 875 -> 349 -> 45 -> 26 -> 243)
244 351665 (11 -> 746 -> 875 -> 393 -> 833 -> 454 -> 82 -> 980 -> 641 -> 244)
245 245160 (11 -> 746 -> 875 -> 393 -> 779 -> 524 -> 778 -> 538 -> 245)
246 265028 (11 -> 746 -> 740 -> 40 -> 246)
247 149700 (11 -> 746 -> 875 -> 349 -> 45 -> 300 -> 247)
248 238904 (11 -> 746 -> 875 -> 349 -> 413 -> 248)
249 315807 (11 -> 410 -> 910 -> 171 -> 597 -> 602 -> 433 -> 249)
250 308366 (11 -> 410 -> 910 -> 171 -> 597 -> 602 -> 250)
251 245072 (11 -> 746 -> 192 -> 35 -> 686 -> 484 -> 226 -> 251)
252 418074 (11 -> 746 -> 875 -> 252)
253 323695 (11 -> 746 -> 787 -> 961 -> 731 -> 531 -> 579 -> 253)
254 253972 (11 -> 746 -> 875 -> 903 -> 954 -> 879 -> 59 -> 254)
255 293476 (11 -> 410 -> 262 -> 715 -> 255)
256 339197 (11 -> 746 -> 875 -> 393 -> 677 -> 500 -> 404 -> 558 -> 256)
257 242853 (11 -> 746 -> 875 -> 349 -> 45 -> 300 -> 93 -> 257)
258 267525 (11 -> 410 -> 212 -> 258)
259 188719 (11 -> 746 -> 192 -> 38 -> 480 -> 58 -> 259)
260 262347 (11 -> 746 -> 875 -> 393 -> 779 -> 524 -> 778 -> 538 -> 260)
261 403058 (11 -> 746 -> 875 -> 265 -> 241 -> 21 -> 261)
262 140718 (11 -> 410 -> 262)
263 179251 (11 -> 746 -> 875 -> 349 -> 611 -> 263)
264 206618 (11 -> 746 -> 192 -> 288 -> 339 -> 911 -> 973 -> 264)
265 141905 (11 -> 746 -> 875 -> 265)
266 219168 (11 -> 781 -> 266)
267 243131 (11 -> 437 -> 518 -> 997 -> 320 -> 267)
268 224541 (11 -> 746 -> 740 -> 362 -> 793 -> 268)
269 348228 (11 -> 746 -> 875 -> 349 -> 45 -> 26 -> 482 -> 269)
270 476570 (11 -> 746 -> 875 -> 393 -> 779 -> 524 -> 778 -> 538 -> 683 -> 625 -> 270)
271 193524 (11 -> 746 -> 875 -> 393 -> 779 -> 524 -> 63 -> 985 -> 28 -> 271)
272 195064 (11 -> 410 -> 212 -> 981 -> 784 -> 272)
273 140203 (11 -> 746 -> 192 -> 288 -> 339 -> 911 -> 809 -> 273)
274 294254 (11 -> 437 -> 518 -> 997 -> 469 -> 744 -> 274)
275 222748 (11 -> 410 -> 262 -> 902 -> 296 -> 275)
276 278118 (11 -> 746 -> 875 -> 393 -> 779 -> 524 -> 63 -> 985 -> 28 -> 276)
277 190062 (11 -> 746 -> 875 -> 903 -> 986 -> 959 -> 277)
278 196381 (11 -> 746 -> 875 -> 903 -> 396 -> 153 -> 906 -> 278)
279 166885 (11 -> 746 -> 875 -> 393 -> 779 -> 524 -> 63 -> 279)
280 190067 (11 -> 410 -> 373 -> 340 -> 237 -> 170 -> 280)
281 210616 (11 -> 410 -> 373 -> 340 -> 743 -> 281)
282 189640 (11 -> 746 -> 740 -> 40 -> 907 -> 858 -> 282)
283 328487 (11 -> 746 -> 875 -> 393 -> 779 -> 524 -> 63 -> 985 -> 28 -> 905 -> 507 -> 283)
284 189135 (11 -> 746 -> 875 -> 903 -> 396 -> 284)
285 273709 (11 -> 746 -> 740 -> 40 -> 907 -> 790 -> 909 -> 775 -> 285)
286 241358 (11 -> 410 -> 311 -> 189 -> 286)
287 312736 (11 -> 746 -> 192 -> 35 -> 686 -> 484 -> 759 -> 403 -> 673 -> 287)
288 60255 (11 -> 746 -> 192 -> 288)
289 191377 (11 -> 410 -> 910 -> 492 -> 649 -> 289)
290 254966 (11 -> 410 -> 373 -> 340 -> 237 -> 854 -> 620 -> 290)
291 261650 (11 -> 746 -> 875 -> 393 -> 833 -> 454 -> 82 -> 980 -> 291)
292 333938 (11 -> 746 -> 875 -> 393 -> 779 -> 524 -> 778 -> 538 -> 448 -> 292)
293 237771 (11 -> 746 -> 34 -> 293)
294 240106 (11 -> 746 -> 875 -> 903 -> 16 -> 294)
295 272822 (11 -> 746 -> 875 -> 903 -> 396 -> 153 -> 906 -> 278 -> 856 -> 295)
296 206158 (11 -> 410 -> 262 -> 902 -> 296)
297 179530 (11 -> 746 -> 192 -> 35 -> 606 -> 188 -> 297)
298 196531 (11 -> 746 -> 192 -> 38 -> 86 -> 900 -> 298)
299 192659 (11 -> 746 -> 740 -> 40 -> 907 -> 790 -> 205 -> 299)
300 149611 (11 -> 746 -> 875 -> 349 -> 45 -> 300)
301 330182 (11 -> 746 -> 192 -> 35 -> 686 -> 484 -> 759 -> 87 -> 223 -> 732 -> 828 -> 610 -> 301)
302 271079 (11 -> 746 -> 875 -> 903 -> 16 -> 294 -> 916 -> 302)
303 211029 (11 -> 410 -> 910 -> 492 -> 649 -> 289 -> 303)
304 292864 (11 -> 746 -> 875 -> 393 -> 833 -> 454 -> 82 -> 980 -> 641 -> 319 -> 802 -> 304)
305 285545 (11 -> 746 -> 740 -> 40 -> 907 -> 790 -> 909 -> 775 -> 104 -> 651 -> 305)
306 178344 (11 -> 746 -> 875 -> 393 -> 779 -> 524 -> 63 -> 985 -> 28 -> 306)
307 277910 (11 -> 746 -> 192 -> 35 -> 307)
308 210695 (11 -> 746 -> 740 -> 40 -> 907 -> 521 -> 308)
309 207162 (11 -> 746 -> 192 -> 288 -> 309)
310 251133 (11 -> 746 -> 875 -> 393 -> 779 -> 524 -> 63 -> 985 -> 28 -> 306 -> 310)
311 204170 (11 -> 410 -> 311)
312 251265 (11 -> 746 -> 192 -> 38 -> 371 -> 312)
313 191193 (11 -> 746 -> 192 -> 288 -> 803 -> 316 -> 313)
314 528697 (11 -> 746 -> 192 -> 288 -> 339 -> 911 -> 809 -> 852 -> 470 -> 46 -> 663 -> 194 -> 996 -> 314)
315 289446 (11 -> 410 -> 262 -> 820 -> 164 -> 698 -> 315)
316 188248 (11 -> 746 -> 192 -> 288 -> 803 -> 316)
317 224276 (11 -> 410 -> 373 -> 842 -> 678 -> 317)
318 228535 (11 -> 746 -> 192 -> 35 -> 606 -> 188 -> 705 -> 684 -> 337 -> 318)
319 243674 (11 -> 746 -> 875 -> 393 -> 833 -> 454 -> 82 -> 980 -> 641 -> 319)
320 231804 (11 -> 437 -> 518 -> 997 -> 320)
321 298441 (11 -> 746 -> 740 -> 40 -> 907 -> 858 -> 428 -> 616 -> 321)
322 362382 (11 -> 746 -> 740 -> 325 -> 338 -> 172 -> 934 -> 425 -> 322)
323 333341 (11 -> 410 -> 262 -> 902 -> 323)
324 210628 (11 -> 746 -> 192 -> 35 -> 686 -> 484 -> 759 -> 87 -> 223 -> 324)
325 131767 (11 -> 746 -> 740 -> 325)
326 368046 (11 -> 437 -> 518 -> 997 -> 469 -> 744 -> 738 -> 847 -> 326)
327 241157 (11 -> 746 -> 192 -> 288 -> 339 -> 911 -> 238 -> 942 -> 327)
328 304634 (11 -> 746 -> 875 -> 835 -> 441 -> 328)
329 262830 (11 -> 410 -> 212 -> 981 -> 859 -> 467 -> 329)
330 181618 (11 -> 746 -> 875 -> 393 -> 779 -> 524 -> 63 -> 279 -> 330)
331 233134 (11 -> 746 -> 875 -> 393 -> 331)
332 286763 (11 -> 746 -> 875 -> 349 -> 45 -> 300 -> 951 -> 535 -> 801 -> 332)
333 252412 (11 -> 746 -> 192 -> 288 -> 339 -> 420 -> 333)
334 286158 (11 -> 746 -> 875 -> 393 -> 779 -> 524 -> 778 -> 538 -> 334)
335 175119 (11 -> 746 -> 192 -> 288 -> 339 -> 360 -> 335)
336 182103 (11 -> 746 -> 875 -> 903 -> 986 -> 336)
337 217662 (11 -> 746 -> 192 -> 35 -> 606 -> 188 -> 705 -> 684 -> 337)
338 171164 (11 -> 746 -> 740 -> 325 -> 338)
339 92068 (11 -> 746 -> 192 -> 288 -> 339)
340 133562 (11 -> 410 -> 373 -> 340)
341 338919 (11 -> 746 -> 787 -> 961 -> 341)
342 200067 (11 -> 410 -> 233 -> 98 -> 725 -> 342)
343 299660 (11 -> 746 -> 740 -> 40 -> 130 -> 402 -> 343)
344 233723 (11 -> 746 -> 192 -> 35 -> 606 -> 647 -> 881 -> 344)
345 117733 (11 -> 410 -> 910 -> 492 -> 345)
346 310768 (11 -> 746 -> 875 -> 393 -> 779 -> 167 -> 107 -> 227 -> 346)
347 206468 (11 -> 746 -> 192 -> 35 -> 686 -> 484 -> 759 -> 347)
348 270538 (11 -> 746 -> 875 -> 903 -> 16 -> 294 -> 916 -> 348)
349 103133 (11 -> 746 -> 875 -> 349)
350 272450 (11 -> 746 -> 875 -> 393 -> 779 -> 167 -> 20 -> 350)
351 325086 (11 -> 746 -> 740 -> 40 -> 130 -> 402 -> 351)
352 287162 (11 -> 437 -> 518 -> 997 -> 469 -> 744 -> 738 -> 847 -> 352)
353 252873 (11 -> 746 -> 875 -> 903 -> 729 -> 353)
354 315657 (11 -> 746 -> 875 -> 393 -> 779 -> 524 -> 63 -> 985 -> 742 -> 354)
355 339261 (11 -> 746 -> 740 -> 40 -> 130 -> 477 -> 131 -> 355)
356 312454 (11 -> 746 -> 875 -> 393 -> 677 -> 500 -> 36 -> 501 -> 356)
357 156270 (11 -> 746 -> 192 -> 288 -> 339 -> 911 -> 809 -> 357)
358 296630 (11 -> 746 -> 875 -> 349 -> 413 -> 358)
359 294088 (11 -> 746 -> 875 -> 393 -> 779 -> 359)
360 161149 (11 -> 746 -> 192 -> 288 -> 339 -> 360)
361 175132 (11 -> 746 -> 192 -> 361)
362 132890 (11 -> 746 -> 740 -> 362)
363 294451 (11 -> 746 -> 875 -> 903 -> 986 -> 959 -> 829 -> 386 -> 363)
364 473741 (11 -> 746 -> 787 -> 961 -> 731 -> 531 -> 689 -> 899 -> 364)
365 216453 (11 -> 410 -> 373 -> 340 -> 237 -> 993 -> 365)
366 243077 (11 -> 410 -> 373 -> 340 -> 366)
367 435773 (11 -> 746 -> 192 -> 288 -> 339 -> 360 -> 335 -> 702 -> 491 -> 367)
368 273432 (11 -> 746 -> 192 -> 288 -> 339 -> 911 -> 90 -> 122 -> 368)
369 300047 (11 -> 746 -> 875 -> 349 -> 45 -> 300 -> 532 -> 956 -> 369)
370 206536 (11 -> 437 -> 518 -> 848 -> 370)
371 211269 (11 -> 746 -> 192 -> 38 -> 371)
372 347854 (11 -> 746 -> 192 -> 35 -> 686 -> 484 -> 759 -> 403 -> 673 -> 287 -> 372)
373 100128 (11 -> 410 -> 373)
374 445528 (11 -> 437 -> 518 -> 997 -> 469 -> 744 -> 274 -> 374)
375 275271 (11 -> 410 -> 373 -> 340 -> 237 -> 993 -> 733 -> 375)
376 192724 (11 -> 746 -> 875 -> 776 -> 376)
377 257929 (11 -> 410 -> 373 -> 842 -> 574 -> 621 -> 377)
378 215786 (11 -> 746 -> 740 -> 40 -> 907 -> 790 -> 575 -> 378)
379 226877 (11 -> 410 -> 910 -> 171 -> 597 -> 185 -> 379)
380 356525 (11 -> 746 -> 875 -> 349 -> 45 -> 300 -> 951 -> 710 -> 843 -> 494 -> 380)
381 322781 (11 -> 437 -> 518 -> 827 -> 381)
382 379527 (11 -> 410 -> 373 -> 340 -> 743 -> 281 -> 561 -> 39 -> 382)
383 285806 (11 -> 746 -> 740 -> 40 -> 907 -> 790 -> 563 -> 383)
384 305339 (11 -> 410 -> 262 -> 715 -> 384)
385 239220 (11 -> 410 -> 212 -> 385)
386 233808 (11 -> 746 -> 875 -> 903 -> 986 -> 959 -> 829 -> 386)
387 373243 (11 -> 746 -> 875 -> 393 -> 833 -> 454 -> 409 -> 923 -> 922 -> 387)
388 213184 (11 -> 746 -> 875 -> 393 -> 559 -> 388)
389 397433 (11 -> 746 -> 192 -> 38 -> 480 -> 804 -> 42 -> 389)
390 146312 (11 -> 746 -> 740 -> 40 -> 130 -> 390)
391 239274 (11 -> 746 -> 192 -> 979 -> 391)
392 265004 (11 -> 746 -> 192 -> 288 -> 339 -> 502 -> 392)
393 75031 (11 -> 746 -> 875 -> 393)
394 246588 (11 -> 746 -> 875 -> 349 -> 45 -> 300 -> 93 -> 680 -> 394)
395 414724 (11 -> 746 -> 192 -> 288 -> 339 -> 911 -> 809 -> 852 -> 721 -> 750 -> 395)
396 118461 (11 -> 746 -> 875 -> 903 -> 396)
397 344225 (11 -> 746 -> 875 -> 393 -> 559 -> 397)
398 233741 (11 -> 410 -> 373 -> 340 -> 237 -> 170 -> 50 -> 398)
399 235293 (11 -> 746 -> 787 -> 961 -> 731 -> 531 -> 399)
400 234256 (11 -> 410 -> 212 -> 981 -> 232 -> 400)
401 246485 (11 -> 746 -> 787 -> 961 -> 731 -> 490 -> 401)
402 272590 (11 -> 746 -> 740 -> 40 -> 130 -> 402)
403 209429 (11 -> 746 -> 192 -> 35 -> 686 -> 484 -> 759 -> 403)
404 250112 (11 -> 746 -> 875 -> 393 -> 677 -> 500 -> 404)
405 356515 (11 -> 746 -> 719 -> 614 -> 405)
406 481081 (11 -> 746 -> 740 -> 40 -> 130 -> 390 -> 737 -> 166 -> 999 -> 687 -> 406)
407 309250 (11 -> 746 -> 192 -> 35 -> 606 -> 188 -> 705 -> 684 -> 198 -> 407)
408 227578 (11 -> 746 -> 875 -> 349 -> 45 -> 300 -> 532 -> 956 -> 408)
409 180139 (11 -> 746 -> 875 -> 393 -> 833 -> 454 -> 409)
410 47455 (11 -> 410)
411 275000 (11 -> 746 -> 192 -> 288 -> 339 -> 911 -> 809 -> 852 -> 721 -> 411)
412 248999 (11 -> 186 -> 412)
413 132510 (11 -> 746 -> 875 -> 349 -> 413)
414 480906 (11 -> 746 -> 192 -> 35 -> 686 -> 484 -> 759 -> 61 -> 912 -> 414)
415 324905 (11 -> 746 -> 875 -> 393 -> 779 -> 524 -> 778 -> 415)
416 361274 (11 -> 746 -> 675 -> 416)
417 265866 (11 -> 410 -> 262 -> 820 -> 164 -> 556 -> 703 -> 417)
418 348069 (11 -> 746 -> 787 -> 961 -> 731 -> 531 -> 485 -> 418)
419 233813 (11 -> 746 -> 740 -> 325 -> 338 -> 172 -> 419)
420 155953 (11 -> 746 -> 192 -> 288 -> 339 -> 420)
421 171859 (11 -> 746 -> 740 -> 40 -> 421)
422 181610 (11 -> 746 -> 422)
423 166604 (11 -> 746 -> 875 -> 393 -> 833 -> 423)
424 242259 (11 -> 410 -> 373 -> 340 -> 237 -> 170 -> 693 -> 424)
425 279300 (11 -> 746 -> 740 -> 325 -> 338 -> 172 -> 934 -> 425)
426 394160 (11 -> 746 -> 192 -> 38 -> 480 -> 505 -> 654 -> 426)
427 245731 (11 -> 746 -> 875 -> 393 -> 779 -> 524 -> 63 -> 279 -> 568 -> 14 -> 427)
428 239374 (11 -> 746 -> 740 -> 40 -> 907 -> 858 -> 428)
429 225704 (11 -> 746 -> 875 -> 393 -> 677 -> 672 -> 946 -> 429)
430 207016 (11 -> 781 -> 430)
431 336818 (11 -> 746 -> 192 -> 361 -> 612 -> 431)
432 258936 (11 -> 746 -> 192 -> 288 -> 339 -> 911 -> 809 -> 852 -> 470 -> 46 -> 663 -> 194 -> 432)
433 182202 (11 -> 410 -> 910 -> 171 -> 597 -> 602 -> 433)
434 243389 (11 -> 746 -> 192 -> 361 -> 434)
435 275443 (11 -> 746 -> 740 -> 935 -> 109 -> 435)
436 309297 (11 -> 410 -> 373 -> 340 -> 237 -> 596 -> 436)
437 84276 (11 -> 437)
438 215034 (11 -> 746 -> 740 -> 40 -> 907 -> 790 -> 205 -> 299 -> 438)
439 349772 (11 -> 746 -> 740 -> 40 -> 130 -> 390 -> 737 -> 166 -> 999 -> 439)
440 363819 (11 -> 746 -> 740 -> 40 -> 246 -> 440)
441 281958 (11 -> 746 -> 875 -> 835 -> 441)
442 410086 (11 -> 746 -> 875 -> 393 -> 779 -> 524 -> 778 -> 442)
443 258569 (11 -> 410 -> 262 -> 846 -> 443)
444 262976 (11 -> 746 -> 740 -> 325 -> 338 -> 898 -> 187 -> 783 -> 444)
445 191993 (11 -> 746 -> 192 -> 35 -> 606 -> 188 -> 445)
446 211250 (11 -> 746 -> 875 -> 903 -> 986 -> 446)
447 322979 (11 -> 746 -> 192 -> 35 -> 686 -> 484 -> 759 -> 87 -> 223 -> 530 -> 947 -> 617 -> 447)
448 295265 (11 -> 746 -> 875 -> 393 -> 779 -> 524 -> 778 -> 538 -> 448)
449 352930 (11 -> 746 -> 422 -> 904 -> 94 -> 449)
450 312664 (11 -> 746 -> 192 -> 288 -> 339 -> 911 -> 973 -> 264 -> 31 -> 450)
451 227479 (11 -> 746 -> 192 -> 288 -> 339 -> 360 -> 335 -> 451)
452 184713 (11 -> 746 -> 192 -> 288 -> 773 -> 452)
453 236054 (11 -> 746 -> 192 -> 288 -> 339 -> 911 -> 809 -> 357 -> 453)
454 137624 (11 -> 746 -> 875 -> 393 -> 833 -> 454)
455 327557 (11 -> 746 -> 875 -> 903 -> 16 -> 930 -> 888 -> 455)
456 281222 (11 -> 746 -> 740 -> 362 -> 978 -> 456)
457 235299 (11 -> 746 -> 787 -> 129 -> 2 -> 457)
458 282677 (11 -> 410 -> 262 -> 902 -> 296 -> 275 -> 458)
459 212574 (11 -> 410 -> 910 -> 171 -> 466 -> 459)
460 336982 (11 -> 410 -> 910 -> 171 -> 460)
461 227657 (11 -> 410 -> 373 -> 340 -> 237 -> 461)
462 243320 (11 -> 410 -> 212 -> 981 -> 232 -> 400 -> 462)
463 219714 (11 -> 437 -> 518 -> 827 -> 463)
464 219191 (11 -> 746 -> 192 -> 288 -> 339 -> 911 -> 809 -> 852 -> 721 -> 464)
465 264730 (11 -> 746 -> 192 -> 288 -> 339 -> 360 -> 335 -> 54 -> 465)
466 147632 (11 -> 410 -> 910 -> 171 -> 466)
467 185779 (11 -> 410 -> 212 -> 981 -> 859 -> 467)
468 233336 (11 -> 410 -> 233 -> 98 -> 468)
469 191361 (11 -> 437 -> 518 -> 997 -> 469)
470 170438 (11 -> 746 -> 192 -> 288 -> 339 -> 911 -> 809 -> 852 -> 470)
471 263058 (11 -> 746 -> 875 -> 835 -> 228 -> 471)
472 172087 (11 -> 746 -> 875 -> 349 -> 472)
473 346796 (11 -> 746 -> 875 -> 393 -> 559 -> 388 -> 473)
474 276035 (11 -> 746 -> 875 -> 393 -> 779 -> 167 -> 932 -> 754 -> 474)
475 227234 (11 -> 410 -> 212 -> 981 -> 475)
476 229760 (11 -> 746 -> 192 -> 288 -> 803 -> 316 -> 708 -> 476)
477 143350 (11 -> 746 -> 740 -> 40 -> 130 -> 477)
478 356820 (11 -> 746 -> 192 -> 288 -> 339 -> 420 -> 333 -> 478)
479 275862 (11 -> 746 -> 192 -> 717 -> 577 -> 200 -> 671 -> 479)
480 127273 (11 -> 746 -> 192 -> 38 -> 480)
481 263098 (11 -> 746 -> 875 -> 265 -> 481)
482 197525 (11 -> 746 -> 875 -> 349 -> 45 -> 26 -> 482)
483 251894 (11 -> 746 -> 192 -> 35 -> 606 -> 483)
484 142244 (11 -> 746 -> 192 -> 35 -> 686 -> 484)
485 220205 (11 -> 746 -> 787 -> 961 -> 731 -> 531 -> 485)
486 244906 (11 -> 746 -> 875 -> 349 -> 45 -> 300 -> 93 -> 486)
487 190450 (11 -> 746 -> 740 -> 40 -> 907 -> 487)
488 208698 (11 -> 410 -> 262 -> 902 -> 488)
489 319988 (11 -> 746 -> 875 -> 903 -> 986 -> 850 -> 489)
490 231275 (11 -> 746 -> 787 -> 961 -> 731 -> 490)
491 275512 (11 -> 746 -> 192 -> 288 -> 339 -> 360 -> 335 -> 702 -> 491)
492 103040 (11 -> 410 -> 910 -> 492)
493 233560 (11 -> 746 -> 192 -> 288 -> 339 -> 502 -> 882 -> 493)
494 309249 (11 -> 746 -> 875 -> 349 -> 45 -> 300 -> 951 -> 710 -> 843 -> 494)
495 276303 (11 -> 746 -> 875 -> 776 -> 495)
496 220307 (11 -> 746 -> 875 -> 393 -> 779 -> 524 -> 63 -> 279 -> 529 -> 496)
497 403150 (11 -> 746 -> 740 -> 40 -> 907 -> 858 -> 428 -> 176 -> 497)
498 254427 (11 -> 746 -> 740 -> 40 -> 907 -> 790 -> 205 -> 299 -> 756 -> 498)
499 400575 (11 -> 746 -> 192 -> 288 -> 339 -> 502 -> 752 -> 499)
500 221043 (11 -> 746 -> 875 -> 393 -> 677 -> 500)
501 254002 (11 -> 746 -> 875 -> 393 -> 677 -> 500 -> 36 -> 501)
502 134555 (11 -> 746 -> 192 -> 288 -> 339 -> 502)
503 247970 (11 -> 410 -> 910 -> 171 -> 466 -> 503)
504 259209 (11 -> 746 -> 740 -> 325 -> 338 -> 898 -> 187 -> 504)
505 257593 (11 -> 746 -> 192 -> 38 -> 480 -> 505)
506 279606 (11 -> 746 -> 192 -> 288 -> 339 -> 502 -> 882 -> 493 -> 506)
507 325006 (11 -> 746 -> 875 -> 393 -> 779 -> 524 -> 63 -> 985 -> 28 -> 905 -> 507)
508 221931 (11 -> 746 -> 875 -> 903 -> 986 -> 446 -> 508)
509 408953 (11 -> 410 -> 311 -> 189 -> 509)
510 287024 (11 -> 410 -> 910 -> 492 -> 649 -> 510)
511 393038 (11 -> 746 -> 422 -> 825 -> 736 -> 511)
512 307098 (11 -> 746 -> 875 -> 349 -> 45 -> 300 -> 247 -> 512)
513 384692 (11 -> 746 -> 875 -> 393 -> 779 -> 524 -> 778 -> 415 -> 513)
514 220739 (11 -> 746 -> 875 -> 349 -> 45 -> 26 -> 968 -> 162 -> 658 -> 514)
515 241651 (11 -> 746 -> 875 -> 393 -> 779 -> 524 -> 515)
516 181485 (11 -> 437 -> 516)
517 237790 (11 -> 410 -> 373 -> 842 -> 678 -> 317 -> 517)
518 103402 (11 -> 437 -> 518)
519 294676 (11 -> 410 -> 910 -> 492 -> 649 -> 785 -> 519)
520 202849 (11 -> 746 -> 740 -> 40 -> 907 -> 790 -> 205 -> 299 -> 520)
521 126747 (11 -> 746 -> 740 -> 40 -> 907 -> 521)
522 218839 (11 -> 746 -> 875 -> 393 -> 779 -> 524 -> 63 -> 279 -> 529 -> 522)
523 222693 (11 -> 746 -> 192 -> 35 -> 606 -> 188 -> 919 -> 523)
524 142377 (11 -> 746 -> 875 -> 393 -> 779 -> 524)
525 267871 (11 -> 746 -> 192 -> 288 -> 339 -> 911 -> 525)
526 328751 (11 -> 410 -> 212 -> 981 -> 859 -> 467 -> 80 -> 871 -> 526)
527 278943 (11 -> 410 -> 212 -> 527)
528 328474 (11 -> 410 -> 373 -> 340 -> 237 -> 170 -> 693 -> 424 -> 528)
529 188407 (11 -> 746 -> 875 -> 393 -> 779 -> 524 -> 63 -> 279 -> 529)
530 217815 (11 -> 746 -> 192 -> 35 -> 686 -> 484 -> 759 -> 87 -> 223 -> 530)
531 206884 (11 -> 746 -> 787 -> 961 -> 731 -> 531)
532 187922 (11 -> 746 -> 875 -> 349 -> 45 -> 300 -> 532)
533 201720 (11 -> 746 -> 875 -> 393 -> 677 -> 672 -> 645 -> 533)
534 244236 (11 -> 410 -> 910 -> 492 -> 649 -> 785 -> 534)
535 248154 (11 -> 746 -> 875 -> 349 -> 45 -> 300 -> 951 -> 535)
536 197502 (11 -> 746 -> 875 -> 393 -> 833 -> 423 -> 536)
537 234871 (11 -> 746 -> 740 -> 928 -> 537)
538 159723 (11 -> 746 -> 875 -> 393 -> 779 -> 524 -> 778 -> 538)
539 252854 (11 -> 746 -> 875 -> 393 -> 779 -> 524 -> 778 -> 539)
540 141230 (11 -> 746 -> 740 -> 40 -> 130 -> 540)
541 186798 (11 -> 410 -> 212 -> 981 -> 541)
542 221530 (11 -> 746 -> 192 -> 35 -> 686 -> 484 -> 226 -> 542)
543 266877 (11 -> 746 -> 34 -> 293 -> 543)
544 241998 (11 -> 410 -> 233 -> 98 -> 725 -> 958 -> 169 -> 544)
545 340724 (11 -> 410 -> 910 -> 171 -> 597 -> 602 -> 545)
546 302111 (11 -> 746 -> 875 -> 349 -> 45 -> 300 -> 532 -> 662 -> 546)
547 395942 (11 -> 746 -> 192 -> 288 -> 339 -> 911 -> 809 -> 852 -> 547)
548 174933 (11 -> 746 -> 192 -> 288 -> 339 -> 911 -> 809 -> 357 -> 548)
549 285527 (11 -> 746 -> 875 -> 393 -> 779 -> 167 -> 622 -> 995 -> 549)
550 256271 (11 -> 746 -> 875 -> 393 -> 677 -> 672 -> 645 -> 533 -> 550)
551 308635 (11 -> 746 -> 875 -> 393 -> 779 -> 524 -> 63 -> 279 -> 330 -> 158 -> 551)
552 306564 (11 -> 746 -> 740 -> 40 -> 907 -> 790 -> 205 -> 299 -> 552)
553 266189 (11 -> 746 -> 740 -> 40 -> 907 -> 858 -> 428 -> 176 -> 553)
554 230103 (11 -> 746 -> 740 -> 40 -> 130 -> 554)
555 201850 (11 -> 746 -> 875 -> 349 -> 611 -> 263 -> 777 -> 555)
556 232407 (11 -> 410 -> 262 -> 820 -> 164 -> 556)
557 340898 (11 -> 746 -> 740 -> 40 -> 907 -> 790 -> 909 -> 775 -> 104 -> 651 -> 305 -> 557)
558 252384 (11 -> 746 -> 875 -> 393 -> 677 -> 500 -> 404 -> 558)
559 174829 (11 -> 746 -> 875 -> 393 -> 559)
560 238014 (11 -> 746 -> 740 -> 325 -> 560)
561 278138 (11 -> 410 -> 373 -> 340 -> 743 -> 281 -> 561)
562 291757 (11 -> 410 -> 373 -> 562)
563 208528 (11 -> 746 -> 740 -> 40 -> 907 -> 790 -> 563)
564 329902 (11 -> 746 -> 192 -> 717 -> 22 -> 564)
565 312483 (11 -> 746 -> 875 -> 393 -> 779 -> 524 -> 778 -> 538 -> 334 -> 565)
566 232173 (11 -> 746 -> 740 -> 362 -> 793 -> 566)
567 288112 (11 -> 746 -> 192 -> 288 -> 773 -> 230 -> 567)
568 235088 (11 -> 746 -> 875 -> 393 -> 779 -> 524 -> 63 -> 279 -> 568)
569 346379 (11 -> 746 -> 875 -> 393 -> 833 -> 454 -> 409 -> 923 -> 922 -> 569)
570 285561 (11 -> 746 -> 422 -> 825 -> 132 -> 19 -> 570)
571 318184 (11 -> 410 -> 212 -> 981 -> 232 -> 400 -> 8 -> 571)
572 166924 (11 -> 746 -> 192 -> 35 -> 686 -> 572)
573 180499 (11 -> 746 -> 875 -> 349 -> 45 -> 300 -> 573)
574 153849 (11 -> 410 -> 373 -> 842 -> 574)
575 154040 (11 -> 746 -> 740 -> 40 -> 907 -> 790 -> 575)
576 330921 (11 -> 410 -> 233 -> 576)
577 189236 (11 -> 746 -> 192 -> 717 -> 577)
578 279790 (11 -> 410 -> 212 -> 981 -> 7 -> 747 -> 578)
579 256712 (11 -> 746 -> 787 -> 961 -> 731 -> 531 -> 579)
580 263046 (11 -> 410 -> 212 -> 981 -> 7 -> 747 -> 580)
581 279959 (11 -> 781 -> 266 -> 581)
582 400663 (11 -> 746 -> 740 -> 325 -> 62 -> 983 -> 582)
583 269664 (11 -> 746 -> 875 -> 349 -> 944 -> 988 -> 583)
584 400586 (11 -> 746 -> 192 -> 288 -> 339 -> 911 -> 809 -> 852 -> 547 -> 584)
585 292219 (11 -> 746 -> 787 -> 129 -> 585)
586 328254 (11 -> 746 -> 875 -> 776 -> 797 -> 586)
587 218247 (11 -> 746 -> 875 -> 393 -> 779 -> 78 -> 587)
588 192999 (11 -> 746 -> 192 -> 35 -> 686 -> 484 -> 759 -> 87 -> 223 -> 588)
589 286271 (11 -> 746 -> 192 -> 38 -> 480 -> 58 -> 767 -> 589)
590 261181 (11 -> 746 -> 875 -> 349 -> 45 -> 26 -> 243 -> 179 -> 762 -> 590)
591 312206 (11 -> 746 -> 740 -> 935 -> 109 -> 591)
592 202923 (11 -> 746 -> 192 -> 288 -> 339 -> 360 -> 592)
593 248197 (11 -> 746 -> 875 -> 593)
594 334290 (11 -> 410 -> 262 -> 820 -> 164 -> 698 -> 594)
595 356109 (11 -> 746 -> 192 -> 288 -> 309 -> 4 -> 595)
596 243769 (11 -> 410 -> 373 -> 340 -> 237 -> 596)
597 170009 (11 -> 410 -> 910 -> 171 -> 597)
598 245491 (11 -> 746 -> 192 -> 38 -> 86 -> 900 -> 598)
599 189526 (11 -> 410 -> 373 -> 340 -> 743 -> 599)
600 354821 (11 -> 410 -> 373 -> 340 -> 237 -> 854 -> 620 -> 290 -> 23 -> 600)
601 209474 (11 -> 746 -> 740 -> 935 -> 601)
602 171881 (11 -> 410 -> 910 -> 171 -> 597 -> 602)
603 268208 (11 -> 746 -> 192 -> 35 -> 606 -> 188 -> 919 -> 768 -> 603)
604 251961 (11 -> 410 -> 373 -> 842 -> 574 -> 134 -> 604)
605 255199 (11 -> 746 -> 875 -> 393 -> 779 -> 524 -> 63 -> 985 -> 28 -> 306 -> 605)
606 80248 (11 -> 746 -> 192 -> 35 -> 606)
607 261005 (11 -> 410 -> 373 -> 340 -> 237 -> 854 -> 620 -> 607)
608 242378 (11 -> 746 -> 192 -> 35 -> 606 -> 188 -> 705 -> 684 -> 337 -> 318 -> 608)
609 259332 (11 -> 746 -> 740 -> 40 -> 421 -> 940 -> 609)
610 299692 (11 -> 746 -> 192 -> 35 -> 686 -> 484 -> 759 -> 87 -> 223 -> 732 -> 828 -> 610)
611 150651 (11 -> 746 -> 875 -> 349 -> 611)
612 308190 (11 -> 746 -> 192 -> 361 -> 612)
613 310205 (11 -> 746 -> 875 -> 393 -> 779 -> 524 -> 63 -> 279 -> 568 -> 14 -> 427 -> 613)
614 216251 (11 -> 746 -> 719 -> 614)
615 217078 (11 -> 410 -> 373 -> 842 -> 154 -> 615)
616 242425 (11 -> 746 -> 740 -> 40 -> 907 -> 858 -> 428 -> 616)
617 254420 (11 -> 746 -> 192 -> 35 -> 686 -> 484 -> 759 -> 87 -> 223 -> 530 -> 947 -> 617)
618 409416 (11 -> 746 -> 740 -> 325 -> 338 -> 898 -> 187 -> 674 -> 618)
619 383623 (11 -> 746 -> 808 -> 43 -> 926 -> 619)
620 245685 (11 -> 410 -> 373 -> 340 -> 237 -> 854 -> 620)
621 215206 (11 -> 410 -> 373 -> 842 -> 574 -> 621)
622 217328 (11 -> 746 -> 875 -> 393 -> 779 -> 167 -> 622)
623 264622 (11 -> 746 -> 675 -> 998 -> 623)
624 328036 (11 -> 746 -> 875 -> 349 -> 45 -> 300 -> 85 -> 624)
625 257638 (11 -> 746 -> 875 -> 393 -> 779 -> 524 -> 778 -> 538 -> 683 -> 625)
626 255716 (11 -> 746 -> 740 -> 325 -> 338 -> 648 -> 626)
627 304071 (11 -> 746 -> 192 -> 288 -> 339 -> 911 -> 238 -> 627)
628 255786 (11 -> 746 -> 740 -> 40 -> 907 -> 858 -> 428 -> 616 -> 628)
629 249497 (11 -> 746 -> 875 -> 349 -> 45 -> 300 -> 85 -> 629)
630 254291 (11 -> 410 -> 373 -> 842 -> 574 -> 630)
631 207388 (11 -> 746 -> 875 -> 349 -> 45 -> 26 -> 968 -> 162 -> 631)
632 295536 (11 -> 746 -> 875 -> 393 -> 833 -> 423 -> 632)
633 160927 (11 -> 746 -> 740 -> 40 -> 130 -> 540 -> 633)
634 258899 (11 -> 410 -> 233 -> 98 -> 725 -> 342 -> 709 -> 722 -> 634)
635 213410 (11 -> 746 -> 192 -> 38 -> 86 -> 900 -> 298 -> 635)
636 295104 (11 -> 746 -> 192 -> 288 -> 309 -> 636)
637 363782 (11 -> 746 -> 740 -> 325 -> 62 -> 983 -> 637)
638 182597 (11 -> 746 -> 740 -> 325 -> 338 -> 898 -> 638)
639 319527 (11 -> 746 -> 875 -> 393 -> 833 -> 454 -> 82 -> 639)
640 317799 (11 -> 746 -> 192 -> 35 -> 606 -> 188 -> 705 -> 684 -> 337 -> 318 -> 640)
641 227809 (11 -> 746 -> 875 -> 393 -> 833 -> 454 -> 82 -> 980 -> 641)
642 322847 (11 -> 746 -> 642)
643 247855 (11 -> 437 -> 518 -> 997 -> 469 -> 744 -> 824 -> 643)
644 225192 (11 -> 410 -> 910 -> 171 -> 597 -> 602 -> 433 -> 644)
645 182028 (11 -> 746 -> 875 -> 393 -> 677 -> 672 -> 645)
646 296652 (11 -> 410 -> 373 -> 340 -> 237 -> 993 -> 733 -> 375 -> 646)
647 143302 (11 -> 746 -> 192 -> 35 -> 606 -> 647)
648 212074 (11 -> 746 -> 740 -> 325 -> 338 -> 648)
649 145153 (11 -> 410 -> 910 -> 492 -> 649)
650 378898 (11 -> 746 -> 875 -> 835 -> 228 -> 471 -> 650)
651 274851 (11 -> 746 -> 740 -> 40 -> 907 -> 790 -> 909 -> 775 -> 104 -> 651)
652 214312 (11 -> 746 -> 740 -> 40 -> 652)
653 268519 (11 -> 746 -> 740 -> 325 -> 338 -> 653)
654 373815 (11 -> 746 -> 192 -> 38 -> 480 -> 505 -> 654)
655 252426 (11 -> 746 -> 875 -> 349 -> 45 -> 300 -> 93 -> 680 -> 655)
656 237100 (11 -> 746 -> 192 -> 288 -> 339 -> 360 -> 335 -> 451 -> 656)
657 267285 (11 -> 746 -> 875 -> 349 -> 45 -> 26 -> 657)
658 210731 (11 -> 746 -> 875 -> 349 -> 45 -> 26 -> 968 -> 162 -> 658)
659 190897 (11 -> 746 -> 875 -> 835 -> 659)
660 245689 (11 -> 746 -> 875 -> 393 -> 660)
661 293811 (11 -> 746 -> 192 -> 35 -> 606 -> 188 -> 705 -> 684 -> 337 -> 318 -> 661)
662 258366 (11 -> 746 -> 875 -> 349 -> 45 -> 300 -> 532 -> 662)
663 228445 (11 -> 746 -> 192 -> 288 -> 339 -> 911 -> 809 -> 852 -> 470 -> 46 -> 663)
664 309562 (11 -> 746 -> 192 -> 35 -> 686 -> 484 -> 759 -> 61 -> 664)
665 239966 (11 -> 746 -> 875 -> 835 -> 665)
666 274111 (11 -> 746 -> 192 -> 38 -> 86 -> 900 -> 598 -> 666)
667 211951 (11 -> 746 -> 192 -> 35 -> 686 -> 484 -> 667)
668 303004 (11 -> 746 -> 192 -> 288 -> 773 -> 230 -> 567 -> 96 -> 668)
669 177059 (11 -> 410 -> 233 -> 98 -> 9 -> 669)
670 268336 (11 -> 746 -> 192 -> 288 -> 339 -> 360 -> 592 -> 110 -> 670)
671 270528 (11 -> 746 -> 192 -> 717 -> 577 -> 200 -> 671)
672 156504 (11 -> 746 -> 875 -> 393 -> 677 -> 672)
673 281896 (11 -> 746 -> 192 -> 35 -> 686 -> 484 -> 759 -> 403 -> 673)
674 216829 (11 -> 746 -> 740 -> 325 -> 338 -> 898 -> 187 -> 674)
675 214062 (11 -> 746 -> 675)
676 198217 (11 -> 746 -> 192 -> 288 -> 773 -> 452 -> 676)
677 146365 (11 -> 746 -> 875 -> 393 -> 677)
678 184433 (11 -> 410 -> 373 -> 842 -> 678)
679 355654 (11 -> 746 -> 740 -> 40 -> 130 -> 554 -> 679)
680 190119 (11 -> 746 -> 875 -> 349 -> 45 -> 300 -> 93 -> 680)
681 215295 (11 -> 746 -> 875 -> 903 -> 954 -> 681)
682 326740 (11 -> 746 -> 875 -> 903 -> 16 -> 294 -> 916 -> 348 -> 682)
683 253719 (11 -> 746 -> 875 -> 393 -> 779 -> 524 -> 778 -> 538 -> 683)
684 188307 (11 -> 746 -> 192 -> 35 -> 606 -> 188 -> 705 -> 684)
685 313265 (11 -> 437 -> 518 -> 997 -> 320 -> 685)
686 133428 (11 -> 746 -> 192 -> 35 -> 686)
687 298985 (11 -> 746 -> 740 -> 40 -> 130 -> 390 -> 737 -> 166 -> 999 -> 687)
688 227246 (11 -> 746 -> 740 -> 40 -> 907 -> 858 -> 688)
689 255756 (11 -> 746 -> 787 -> 961 -> 731 -> 531 -> 689)
690 471961 (11 -> 746 -> 192 -> 288 -> 339 -> 911 -> 809 -> 273 -> 690)
691 191193 (11 -> 746 -> 875 -> 903 -> 986 -> 336 -> 691)
692 306167 (11 -> 746 -> 192 -> 35 -> 686 -> 484 -> 759 -> 87 -> 223 -> 692)
693 221566 (11 -> 410 -> 373 -> 340 -> 237 -> 170 -> 693)
694 328440 (11 -> 746 -> 875 -> 393 -> 677 -> 694)
695 347865 (11 -> 746 -> 192 -> 35 -> 686 -> 484 -> 667 -> 695)
696 264657 (11 -> 746 -> 192 -> 35 -> 686 -> 484 -> 759 -> 696)
697 249829 (11 -> 746 -> 740 -> 40 -> 907 -> 790 -> 575 -> 378 -> 697)
698 239890 (11 -> 410 -> 262 -> 820 -> 164 -> 698)
699 232813 (11 -> 410 -> 233 -> 98 -> 9 -> 53 -> 699)
700 263343 (11 -> 746 -> 875 -> 393 -> 660 -> 700)
701 277419 (11 -> 746 -> 192 -> 288 -> 339 -> 502 -> 701)
702 252561 (11 -> 746 -> 192 -> 288 -> 339 -> 360 -> 335 -> 702)
703 255138 (11 -> 410 -> 262 -> 820 -> 164 -> 556 -> 703)
704 234150 (11 -> 410 -> 233 -> 98 -> 9 -> 53 -> 699 -> 704)
705 180352 (11 -> 746 -> 192 -> 35 -> 606 -> 188 -> 705)
706 343447 (11 -> 746 -> 875 -> 393 -> 660 -> 700 -> 706)
707 277471 (11 -> 746 -> 740 -> 40 -> 907 -> 790 -> 205 -> 707)
708 222288 (11 -> 746 -> 192 -> 288 -> 803 -> 316 -> 708)
709 234255 (11 -> 410 -> 233 -> 98 -> 725 -> 342 -> 709)
710 224305 (11 -> 746 -> 875 -> 349 -> 45 -> 300 -> 951 -> 710)
711 272092 (11 -> 410 -> 311 -> 189 -> 286 -> 769 -> 124 -> 711)
712 197274 (11 -> 746 -> 875 -> 393 -> 779 -> 524 -> 63 -> 279 -> 712)
713 262988 (11 -> 410 -> 910 -> 171 -> 597 -> 185 -> 379 -> 713)
714 355742 (11 -> 746 -> 787 -> 961 -> 341 -> 714)
715 209817 (11 -> 410 -> 262 -> 715)
716 224213 (11 -> 781 -> 266 -> 716)
717 124797 (11 -> 746 -> 192 -> 717)
718 311975 (11 -> 746 -> 192 -> 288 -> 339 -> 360 -> 335 -> 718)
719 184733 (11 -> 746 -> 719)
720 294447 (11 -> 746 -> 740 -> 325 -> 338 -> 720)
721 139634 (11 -> 746 -> 192 -> 288 -> 339 -> 911 -> 809 -> 852 -> 721)
722 258860 (11 -> 410 -> 233 -> 98 -> 725 -> 342 -> 709 -> 722)
723 195794 (11 -> 746 -> 875 -> 393 -> 833 -> 454 -> 723)
724 213312 (11 -> 746 -> 875 -> 903 -> 396 -> 153 -> 724)
725 167745 (11 -> 410 -> 233 -> 98 -> 725)
726 231991 (11 -> 746 -> 740 -> 40 -> 907 -> 790 -> 205 -> 299 -> 438 -> 726)
727 270397 (11 -> 746 -> 192 -> 35 -> 686 -> 484 -> 759 -> 87 -> 727)
728 314456 (11 -> 746 -> 740 -> 40 -> 130 -> 390 -> 737 -> 728)
729 242716 (11 -> 746 -> 875 -> 903 -> 729)
730 383811 (11 -> 746 -> 192 -> 288 -> 339 -> 730)
731 182943 (11 -> 746 -> 787 -> 961 -> 731)
732 227933 (11 -> 746 -> 192 -> 35 -> 686 -> 484 -> 759 -> 87 -> 223 -> 732)
733 222773 (11 -> 410 -> 373 -> 340 -> 237 -> 993 -> 733)
734 275669 (11 -> 410 -> 262 -> 846 -> 443 -> 734)
735 248433 (11 -> 746 -> 740 -> 40 -> 130 -> 390 -> 984 -> 157 -> 735)
736 225135 (11 -> 746 -> 422 -> 825 -> 736)
737 208915 (11 -> 746 -> 740 -> 40 -> 130 -> 390 -> 737)
738 271946 (11 -> 437 -> 518 -> 997 -> 469 -> 744 -> 738)
739 212408 (11 -> 410 -> 373 -> 340 -> 743 -> 739)
740 65611 (11 -> 746 -> 740)
741 293987 (11 -> 746 -> 875 -> 776 -> 797 -> 741)
742 259465 (11 -> 746 -> 875 -> 393 -> 779 -> 524 -> 63 -> 985 -> 742)
743 179048 (11 -> 410 -> 373 -> 340 -> 743)
744 210118 (11 -> 437 -> 518 -> 997 -> 469 -> 744)
745 237451 (11 -> 746 -> 192 -> 38 -> 480 -> 745)
746 31129 (11 -> 746)
747 185755 (11 -> 410 -> 212 -> 981 -> 7 -> 747)
748 264456 (11 -> 746 -> 875 -> 903 -> 986 -> 959 -> 829 -> 748)
749 255280 (11 -> 746 -> 875 -> 393 -> 677 -> 500 -> 36 -> 749)
750 214074 (11 -> 746 -> 192 -> 288 -> 339 -> 911 -> 809 -> 852 -> 721 -> 750)
751 310184 (11 -> 410 -> 373 -> 751)
752 218321 (11 -> 746 -> 192 -> 288 -> 339 -> 502 -> 752)
753 292108 (11 -> 746 -> 740 -> 40 -> 907 -> 858 -> 428 -> 176 -> 753)
754 272217 (11 -> 746 -> 875 -> 393 -> 779 -> 167 -> 932 -> 754)
755 333099 (11 -> 746 -> 875 -> 393 -> 779 -> 524 -> 63 -> 985 -> 742 -> 354 -> 755)
756 202664 (11 -> 746 -> 740 -> 40 -> 907 -> 790 -> 205 -> 299 -> 756)
757 178252 (11 -> 746 -> 740 -> 40 -> 907 -> 521 -> 757)
758 267138 (11 -> 410 -> 233 -> 98 -> 725 -> 958 -> 169 -> 758)
759 163400 (11 -> 746 -> 192 -> 35 -> 686 -> 484 -> 759)
760 212535 (11 -> 746 -> 875 -> 349 -> 45 -> 26 -> 968 -> 162 -> 658 -> 760)
761 263730 (11 -> 746 -> 740 -> 40 -> 130 -> 477 -> 131 -> 761)
762 250041 (11 -> 746 -> 875 -> 349 -> 45 -> 26 -> 243 -> 179 -> 762)
763 217361 (11 -> 746 -> 192 -> 38 -> 86 -> 900 -> 763)
764 410899 (11 -> 746 -> 192 -> 38 -> 480 -> 58 -> 767 -> 589 -> 764)
765 294332 (11 -> 746 -> 740 -> 325 -> 338 -> 898 -> 187 -> 783 -> 765)
766 257324 (11 -> 746 -> 740 -> 878 -> 766)
767 263784 (11 -> 746 -> 192 -> 38 -> 480 -> 58 -> 767)
768 205779 (11 -> 746 -> 192 -> 35 -> 606 -> 188 -> 919 -> 768)
769 262514 (11 -> 410 -> 311 -> 189 -> 286 -> 769)
770 256912 (11 -> 746 -> 875 -> 903 -> 16 -> 294 -> 103 -> 770)
771 359892 (11 -> 746 -> 875 -> 903 -> 986 -> 850 -> 826 -> 990 -> 771)
772 217746 (11 -> 746 -> 192 -> 35 -> 686 -> 484 -> 772)
773 181550 (11 -> 746 -> 192 -> 288 -> 773)
774 211892 (11 -> 410 -> 212 -> 981 -> 7 -> 774)
775 235889 (11 -> 746 -> 740 -> 40 -> 907 -> 790 -> 909 -> 775)
776 142349 (11 -> 746 -> 875 -> 776)
777 188484 (11 -> 746 -> 875 -> 349 -> 611 -> 263 -> 777)
778 153988 (11 -> 746 -> 875 -> 393 -> 779 -> 524 -> 778)
779 99470 (11 -> 746 -> 875 -> 393 -> 779)
780 231290 (11 -> 437 -> 518 -> 997 -> 469 -> 780)
781 119425 (11 -> 781)
782 232618 (11 -> 746 -> 192 -> 35 -> 606 -> 188 -> 705 -> 684 -> 337 -> 782)
783 225488 (11 -> 746 -> 740 -> 325 -> 338 -> 898 -> 187 -> 783)
784 168963 (11 -> 410 -> 212 -> 981 -> 784)
785 231847 (11 -> 410 -> 910 -> 492 -> 649 -> 785)
786 193159 (11 -> 410 -> 262 -> 902 -> 786)
787 114825 (11 -> 746 -> 787)
788 284261 (11 -> 410 -> 373 -> 842 -> 574 -> 788)
789 228881 (11 -> 746 -> 192 -> 35 -> 686 -> 484 -> 789)
790 117875 (11 -> 746 -> 740 -> 40 -> 907 -> 790)
791 305097 (11 -> 746 -> 192 -> 288 -> 339 -> 911 -> 809 -> 852 -> 791)
792 270557 (11 -> 746 -> 740 -> 40 -> 421 -> 792)
793 212336 (11 -> 746 -> 740 -> 362 -> 793)
794 329421 (11 -> 746 -> 192 -> 38 -> 480 -> 505 -> 794)
795 314082 (11 -> 746 -> 740 -> 40 -> 907 -> 858 -> 428 -> 12 -> 795)
796 191257 (11 -> 410 -> 233 -> 98 -> 796)
797 170179 (11 -> 746 -> 875 -> 776 -> 797)
798 262338 (11 -> 746 -> 875 -> 903 -> 183 -> 798)
799 230545 (11 -> 746 -> 787 -> 961 -> 799)
800 283804 (11 -> 746 -> 740 -> 325 -> 338 -> 653 -> 800)
801 261793 (11 -> 746 -> 875 -> 349 -> 45 -> 300 -> 951 -> 535 -> 801)
802 269219 (11 -> 746 -> 875 -> 393 -> 833 -> 454 -> 82 -> 980 -> 641 -> 319 -> 802)
803 170610 (11 -> 746 -> 192 -> 288 -> 803)
804 137411 (11 -> 746 -> 192 -> 38 -> 480 -> 804)
805 306366 (11 -> 746 -> 875 -> 903 -> 986 -> 959 -> 829 -> 805)
806 194237 (11 -> 746 -> 192 -> 38 -> 480 -> 58 -> 259 -> 806)
807 245292 (11 -> 746 -> 192 -> 35 -> 606 -> 647 -> 807)
808 207834 (11 -> 746 -> 808)
809 132838 (11 -> 746 -> 192 -> 288 -> 339 -> 911 -> 809)
810 209022 (11 -> 746 -> 875 -> 903 -> 183 -> 810)
811 230627 (11 -> 746 -> 740 -> 40 -> 130 -> 477 -> 160 -> 811)
812 213218 (11 -> 746 -> 192 -> 288 -> 339 -> 911 -> 809 -> 273 -> 812)
813 326149 (11 -> 746 -> 875 -> 903 -> 986 -> 446 -> 508 -> 975 -> 813)
814 250965 (11 -> 746 -> 192 -> 288 -> 339 -> 911 -> 809 -> 852 -> 721 -> 750 -> 814)
815 330409 (11 -> 746 -> 875 -> 349 -> 944 -> 988 -> 583 -> 815)
816 411254 (11 -> 746 -> 740 -> 40 -> 907 -> 790 -> 575 -> 378 -> 816)
817 279953 (11 -> 437 -> 817)
818 231555 (11 -> 410 -> 233 -> 98 -> 725 -> 818)
819 216400 (11 -> 410 -> 910 -> 492 -> 345 -> 819)
820 217684 (11 -> 410 -> 262 -> 820)
821 195707 (11 -> 746 -> 192 -> 361 -> 821)
822 320263 (11 -> 410 -> 262 -> 715 -> 255 -> 896 -> 822)
823 232771 (11 -> 410 -> 910 -> 492 -> 75 -> 823)
824 218301 (11 -> 437 -> 518 -> 997 -> 469 -> 744 -> 824)
825 210650 (11 -> 746 -> 422 -> 825)
826 182263 (11 -> 746 -> 875 -> 903 -> 986 -> 850 -> 826)
827 176659 (11 -> 437 -> 518 -> 827)
828 282522 (11 -> 746 -> 192 -> 35 -> 686 -> 484 -> 759 -> 87 -> 223 -> 732 -> 828)
829 222852 (11 -> 746 -> 875 -> 903 -> 986 -> 959 -> 829)
830 299391 (11 -> 410 -> 212 -> 981 -> 475 -> 830)
831 275566 (11 -> 746 -> 875 -> 349 -> 472 -> 831)
832 279108 (11 -> 746 -> 787 -> 961 -> 731 -> 490 -> 832)
833 82403 (11 -> 746 -> 875 -> 393 -> 833)
834 231199 (11 -> 746 -> 740 -> 325 -> 338 -> 898 -> 187 -> 834)
835 66687 (11 -> 746 -> 875 -> 835)
836 204922 (11 -> 410 -> 373 -> 340 -> 237 -> 170 -> 280 -> 836)
837 310225 (11 -> 410 -> 212 -> 981 -> 475 -> 830 -> 837)
838 260545 (11 -> 410 -> 233 -> 98 -> 838)
839 259858 (11 -> 410 -> 262 -> 820 -> 164 -> 839)
840 297143 (11 -> 746 -> 740 -> 325 -> 338 -> 648 -> 626 -> 840)
841 243151 (11 -> 746 -> 192 -> 288 -> 339 -> 911 -> 809 -> 852 -> 841)
842 120100 (11 -> 410 -> 373 -> 842)
843 280696 (11 -> 746 -> 875 -> 349 -> 45 -> 300 -> 951 -> 710 -> 843)
844 286989 (11 -> 746 -> 740 -> 40 -> 907 -> 790 -> 575 -> 378 -> 844)
845 326382 (11 -> 746 -> 192 -> 361 -> 821 -> 64 -> 845)
846 233293 (11 -> 410 -> 262 -> 846)
847 280657 (11 -> 437 -> 518 -> 997 -> 469 -> 744 -> 738 -> 847)
848 196003 (11 -> 437 -> 518 -> 848)
849 272870 (11 -> 746 -> 34 -> 239 -> 30 -> 849)
850 172572 (11 -> 746 -> 875 -> 903 -> 986 -> 850)
851 285516 (11 -> 410 -> 910 -> 492 -> 649 -> 785 -> 851)
852 137174 (11 -> 746 -> 192 -> 288 -> 339 -> 911 -> 809 -> 852)
853 273239 (11 -> 746 -> 192 -> 35 -> 606 -> 188 -> 297 -> 853)
854 244727 (11 -> 410 -> 373 -> 340 -> 237 -> 854)
855 302871 (11 -> 410 -> 373 -> 340 -> 237 -> 170 -> 280 -> 836 -> 855)
856 200796 (11 -> 746 -> 875 -> 903 -> 396 -> 153 -> 906 -> 278 -> 856)
857 351267 (11 -> 746 -> 740 -> 325 -> 338 -> 898 -> 857)
858 157975 (11 -> 746 -> 740 -> 40 -> 907 -> 858)
859 182787 (11 -> 410 -> 212 -> 981 -> 859)
860 304378 (11 -> 410 -> 262 -> 820 -> 164 -> 556 -> 860)
861 340938 (11 -> 746 -> 740 -> 136 -> 872 -> 861)
862 255627 (11 -> 410 -> 862)
863 229526 (11 -> 746 -> 740 -> 40 -> 907 -> 858 -> 282 -> 863)
864 348640 (11 -> 746 -> 192 -> 288 -> 339 -> 360 -> 335 -> 718 -> 864)
865 276579 (11 -> 410 -> 373 -> 842 -> 865)
866 328901 (11 -> 746 -> 875 -> 393 -> 779 -> 524 -> 63 -> 279 -> 568 -> 14 -> 427 -> 613 -> 866)
867 272517 (11 -> 746 -> 740 -> 325 -> 338 -> 172 -> 419 -> 867)
868 319260 (11 -> 410 -> 373 -> 340 -> 237 -> 854 -> 620 -> 607 -> 868)
869 286972 (11 -> 186 -> 412 -> 869)
870 273374 (11 -> 746 -> 740 -> 40 -> 907 -> 790 -> 205 -> 299 -> 756 -> 498 -> 870)
871 304684 (11 -> 410 -> 212 -> 981 -> 859 -> 467 -> 80 -> 871)
872 201103 (11 -> 746 -> 740 -> 136 -> 872)
873 335409 (11 -> 410 -> 233 -> 98 -> 9 -> 873)
874 404353 (11 -> 746 -> 192 -> 288 -> 339 -> 911 -> 973 -> 874)
875 40496 (11 -> 746 -> 875)
876 263238 (11 -> 746 -> 875 -> 393 -> 779 -> 524 -> 63 -> 985 -> 28 -> 306 -> 876)
877 288970 (11 -> 746 -> 875 -> 349 -> 45 -> 26 -> 243 -> 179 -> 762 -> 877)
878 215181 (11 -> 746 -> 740 -> 878)
879 220912 (11 -> 746 -> 875 -> 903 -> 954 -> 879)
880 264688 (11 -> 437 -> 518 -> 997 -> 320 -> 880)
881 187752 (11 -> 746 -> 192 -> 35 -> 606 -> 647 -> 881)
882 162719 (11 -> 746 -> 192 -> 288 -> 339 -> 502 -> 882)
883 274863 (11 -> 746 -> 192 -> 38 -> 86 -> 900 -> 763 -> 883)
884 296525 (11 -> 746 -> 192 -> 38 -> 86 -> 884)
885 442901 (11 -> 746 -> 740 -> 362 -> 978 -> 885)
886 247234 (11 -> 746 -> 875 -> 393 -> 677 -> 886)
887 279438 (11 -> 746 -> 192 -> 35 -> 307 -> 887)
888 278315 (11 -> 746 -> 875 -> 903 -> 16 -> 930 -> 888)
889 186532 (11 -> 746 -> 192 -> 288 -> 339 -> 911 -> 90 -> 889)
890 236169 (11 -> 410 -> 233 -> 98 -> 725 -> 342 -> 890)
891 247373 (11 -> 746 -> 740 -> 40 -> 907 -> 790 -> 575 -> 915 -> 891)
892 208287 (11 -> 746 -> 192 -> 35 -> 606 -> 188 -> 705 -> 684 -> 198 -> 892)
893 180747 (11 -> 410 -> 373 -> 340 -> 893)
894 329847 (11 -> 746 -> 192 -> 288 -> 339 -> 911 -> 809 -> 852 -> 470 -> 46 -> 663 -> 194 -> 894)
895 389379 (11 -> 746 -> 740 -> 40 -> 907 -> 790 -> 909 -> 775 -> 104 -> 895)
896 306081 (11 -> 410 -> 262 -> 715 -> 255 -> 896)
897 266616 (11 -> 746 -> 875 -> 393 -> 779 -> 524 -> 63 -> 985 -> 28 -> 306 -> 310 -> 897)
898 181596 (11 -> 746 -> 740 -> 325 -> 338 -> 898)
899 280589 (11 -> 746 -> 787 -> 961 -> 731 -> 531 -> 689 -> 899)
900 166411 (11 -> 746 -> 192 -> 38 -> 86 -> 900)
901 310916 (11 -> 746 -> 192 -> 288 -> 339 -> 911 -> 809 -> 852 -> 721 -> 112 -> 901)
902 174904 (11 -> 410 -> 262 -> 902)
903 60390 (11 -> 746 -> 875 -> 903)
904 231997 (11 -> 746 -> 422 -> 904)
905 254507 (11 -> 746 -> 875 -> 393 -> 779 -> 524 -> 63 -> 985 -> 28 -> 905)
906 190348 (11 -> 746 -> 875 -> 903 -> 396 -> 153 -> 906)
907 116173 (11 -> 746 -> 740 -> 40 -> 907)
908 184909 (11 -> 746 -> 875 -> 265 -> 908)
909 188990 (11 -> 746 -> 740 -> 40 -> 907 -> 790 -> 909)
910 85049 (11 -> 410 -> 910)
911 97596 (11 -> 746 -> 192 -> 288 -> 339 -> 911)
912 351348 (11 -> 746 -> 192 -> 35 -> 686 -> 484 -> 759 -> 61 -> 912)
913 241755 (11 -> 746 -> 192 -> 35 -> 686 -> 484 -> 913)
914 226757 (11 -> 746 -> 740 -> 40 -> 130 -> 974 -> 914)
915 187309 (11 -> 746 -> 740 -> 40 -> 907 -> 790 -> 575 -> 915)
916 249647 (11 -> 746 -> 875 -> 903 -> 16 -> 294 -> 916)
917 218868 (11 -> 746 -> 192 -> 288 -> 339 -> 911 -> 917)
918 229811 (11 -> 746 -> 740 -> 40 -> 907 -> 790 -> 205 -> 918)
919 185078 (11 -> 746 -> 192 -> 35 -> 606 -> 188 -> 919)
920 253554 (11 -> 746 -> 875 -> 349 -> 45 -> 26 -> 968 -> 920)
921 298566 (11 -> 746 -> 192 -> 38 -> 480 -> 505 -> 921)
922 297329 (11 -> 746 -> 875 -> 393 -> 833 -> 454 -> 409 -> 923 -> 922)
923 264140 (11 -> 746 -> 875 -> 393 -> 833 -> 454 -> 409 -> 923)
924 243554 (11 -> 781 -> 266 -> 924)
925 304601 (11 -> 410 -> 233 -> 98 -> 9 -> 53 -> 925)
926 260171 (11 -> 746 -> 808 -> 43 -> 926)
927 289828 (11 -> 437 -> 518 -> 827 -> 927)
928 150989 (11 -> 746 -> 740 -> 928)
929 242247 (11 -> 746 -> 740 -> 40 -> 130 -> 554 -> 929)
930 250189 (11 -> 746 -> 875 -> 903 -> 16 -> 930)
931 212876 (11 -> 746 -> 875 -> 903 -> 986 -> 336 -> 931)
932 254473 (11 -> 746 -> 875 -> 393 -> 779 -> 167 -> 932)
933 267754 (11 -> 746 -> 787 -> 961 -> 731 -> 531 -> 485 -> 933)
934 213406 (11 -> 746 -> 740 -> 325 -> 338 -> 172 -> 934)
935 163394 (11 -> 746 -> 740 -> 935)
936 256555 (11 -> 781 -> 430 -> 936)
937 225063 (11 -> 746 -> 875 -> 393 -> 779 -> 524 -> 63 -> 279 -> 330 -> 73 -> 937)
938 400612 (11 -> 746 -> 875 -> 835 -> 665 -> 938)
939 303000 (11 -> 746 -> 875 -> 393 -> 677 -> 939)
940 250542 (11 -> 746 -> 740 -> 40 -> 421 -> 940)
941 271464 (11 -> 410 -> 233 -> 98 -> 9 -> 53 -> 10 -> 941)
942 219101 (11 -> 746 -> 192 -> 288 -> 339 -> 911 -> 238 -> 942)
943 404525 (11 -> 746 -> 192 -> 35 -> 606 -> 188 -> 445 -> 943)
944 197095 (11 -> 746 -> 875 -> 349 -> 944)
945 265778 (11 -> 746 -> 192 -> 38 -> 86 -> 900 -> 298 -> 945)
946 171953 (11 -> 746 -> 875 -> 393 -> 677 -> 672 -> 946)
947 247569 (11 -> 746 -> 192 -> 35 -> 686 -> 484 -> 759 -> 87 -> 223 -> 530 -> 947)
948 194275 (11 -> 746 -> 192 -> 288 -> 339 -> 502 -> 882 -> 948)
949 338607 (11 -> 746 -> 192 -> 288 -> 339 -> 911 -> 809 -> 852 -> 721 -> 411 -> 949)
950 272442 (11 -> 746 -> 875 -> 903 -> 396 -> 153 -> 906 -> 950)
951 188964 (11 -> 746 -> 875 -> 349 -> 45 -> 300 -> 951)
952 255638 (11 -> 746 -> 740 -> 40 -> 130 -> 974 -> 952)
953 353928 (11 -> 746 -> 875 -> 393 -> 779 -> 524 -> 63 -> 985 -> 742 -> 354 -> 755 -> 953)
954 93484 (11 -> 746 -> 875 -> 903 -> 954)
955 332265 (11 -> 437 -> 518 -> 997 -> 469 -> 17 -> 955)
956 199458 (11 -> 746 -> 875 -> 349 -> 45 -> 300 -> 532 -> 956)
957 323773 (11 -> 410 -> 910 -> 492 -> 345 -> 819 -> 957)
958 199673 (11 -> 410 -> 233 -> 98 -> 725 -> 958)
959 177530 (11 -> 746 -> 875 -> 903 -> 986 -> 959)
960 295976 (11 -> 746 -> 875 -> 903 -> 986 -> 960)
961 160719 (11 -> 746 -> 787 -> 961)
962 263220 (11 -> 746 -> 192 -> 35 -> 686 -> 484 -> 759 -> 87 -> 223 -> 530 -> 947 -> 962)
963 263601 (11 -> 746 -> 875 -> 393 -> 779 -> 524 -> 778 -> 538 -> 683 -> 625 -> 963)
964 278564 (11 -> 746 -> 740 -> 362 -> 964)
965 350382 (11 -> 410 -> 212 -> 981 -> 859 -> 467 -> 80 -> 871 -> 526 -> 965)
966 217526 (11 -> 746 -> 192 -> 35 -> 606 -> 647 -> 966)
967 339957 (11 -> 746 -> 875 -> 903 -> 396 -> 153 -> 906 -> 278 -> 856 -> 967)
968 186305 (11 -> 746 -> 875 -> 349 -> 45 -> 26 -> 968)
969 303271 (11 -> 746 -> 875 -> 393 -> 88 -> 969)
970 209353 (11 -> 746 -> 192 -> 288 -> 339 -> 911 -> 90 -> 889 -> 970)
971 193180 (11 -> 746 -> 740 -> 40 -> 130 -> 971)
972 231430 (11 -> 746 -> 740 -> 40 -> 421 -> 972)
973 173875 (11 -> 746 -> 192 -> 288 -> 339 -> 911 -> 973)
974 218728 (11 -> 746 -> 740 -> 40 -> 130 -> 974)
975 285647 (11 -> 746 -> 875 -> 903 -> 986 -> 446 -> 508 -> 975)
976 222821 (11 -> 746 -> 875 -> 349 -> 45 -> 300 -> 93 -> 976)
977 323401 (11 -> 746 -> 675 -> 998 -> 623 -> 977)
978 251773 (11 -> 746 -> 740 -> 362 -> 978)
979 188466 (11 -> 746 -> 192 -> 979)
980 200728 (11 -> 746 -> 875 -> 393 -> 833 -> 454 -> 82 -> 980)
981 155742 (11 -> 410 -> 212 -> 981)
982 300859 (11 -> 746 -> 875 -> 835 -> 228 -> 471 -> 982)
983 169613 (11 -> 746 -> 740 -> 325 -> 62 -> 983)
984 202389 (11 -> 746 -> 740 -> 40 -> 130 -> 390 -> 984)
985 168841 (11 -> 746 -> 875 -> 393 -> 779 -> 524 -> 63 -> 985)
986 151435 (11 -> 746 -> 875 -> 903 -> 986)
987 289141 (11 -> 746 -> 740 -> 325 -> 338 -> 987)
988 263428 (11 -> 746 -> 875 -> 349 -> 944 -> 988)
989 243433 (11 -> 746 -> 875 -> 393 -> 779 -> 167 -> 107 -> 989)
990 258802 (11 -> 746 -> 875 -> 903 -> 986 -> 850 -> 826 -> 990)
991 220399 (11 -> 746 -> 192 -> 979 -> 991)
992 274830 (11 -> 746 -> 787 -> 961 -> 731 -> 490 -> 992)
993 195889 (11 -> 410 -> 373 -> 340 -> 237 -> 993)
994 252001 (11 -> 410 -> 233 -> 98 -> 9 -> 669 -> 994)
995 254672 (11 -> 746 -> 875 -> 393 -> 779 -> 167 -> 622 -> 995)
996 253347 (11 -> 746 -> 192 -> 288 -> 339 -> 911 -> 809 -> 852 -> 470 -> 46 -> 663 -> 194 -> 996)
997 184153 (11 -> 437 -> 518 -> 997)
998 221001 (11 -> 746 -> 675 -> 998)
999 291205 (11 -> 746 -> 740 -> 40 -> 130 -> 390 -> 737 -> 166 -> 999)
