0 2033701 (11 -> 18 -> 71 -> 41 -> 86 -> 0)
1 1713886 (11 -> 51 -> 1)
2 2423205 (11 -> 18 -> 65 -> 13 -> 2)
3 2610668 (11 -> 18 -> 71 -> 77 -> 22 -> 12 -> 3)
4 2505445 (11 -> 18 -> 65 -> 13 -> 87 -> 4)
5 1328638 (11 -> 18 -> 71 -> 5)
6 2224688 (11 -> 88 -> 6)
7 3049008 (11 -> 51 -> 1 -> 25 -> 7)
8 2548879 (11 -> 51 -> 47 -> 32 -> 79 -> 8)
9 2830385 (11 -> 88 -> 6 -> 20 -> 9)
10 2310845 (11 -> 18 -> 71 -> 41 -> 10)
11 0 (11)
12 2388511 (11 -> 18 -> 71 -> 77 -> 22 -> 12)
13 2203071 (11 -> 18 -> 65 -> 13)
14 2642814 (11 -> 18 -> 71 -> 77 -> 14)
15 1870256 (11 -> 51 -> 47 -> 32 -> 15)
16 2506004 (11 -> 18 -> 83 -> 16)
17 2731437 (11 -> 51 -> 47 -> 32 -> 15 -> 69 -> 17)
18 587821 (11 -> 18)
19 2459364 (11 -> 18 -> 83 -> 19)
20 2361140 (11 -> 88 -> 6 -> 20)
21 3400697 (11 -> 51 -> 47 -> 32 -> 79 -> 8 -> 21)
22 1936170 (11 -> 18 -> 71 -> 77 -> 22)
23 3050874 (11 -> 51 -> 47 -> 32 -> 79 -> 70 -> 98 -> 23)
24 3397915 (11 -> 18 -> 71 -> 77 -> 14 -> 28 -> 24)
25 2074366 (11 -> 51 -> 1 -> 25)
26 2420198 (11 -> 51 -> 47 -> 32 -> 79 -> 27 -> 58 -> 26)
27 2064612 (11 -> 51 -> 47 -> 32 -> 79 -> 27)
28 2789608 (11 -> 18 -> 71 -> 77 -> 14 -> 28)
29 2119604 (11 -> 51 -> 47 -> 32 -> 29)
30 3248619 (11 -> 18 -> 71 -> 77 -> 22 -> 37 -> 30)
31 2149512 (11 -> 51 -> 47 -> 32 -> 29 -> 31)
32 1684121 (11 -> 51 -> 47 -> 32)
33 2806494 (11 -> 51 -> 47 -> 32 -> 29 -> 31 -> 33)
34 2094786 (11 -> 18 -> 71 -> 41 -> 38 -> 34)
35 3094581 (11 -> 18 -> 71 -> 41 -> 86 -> 81 -> 35)
36 2944065 (11 -> 51 -> 47 -> 32 -> 29 -> 31 -> 36)
37 2281601 (11 -> 18 -> 71 -> 77 -> 22 -> 37)
38 1731164 (11 -> 18 -> 71 -> 41 -> 38)
39 2235925 (11 -> 18 -> 71 -> 41 -> 38 -> 96 -> 39)
40 2921031 (11 -> 18 -> 71 -> 77 -> 22 -> 12 -> 40)
41 1476732 (11 -> 18 -> 71 -> 41)
42 2407053 (11 -> 18 -> 65 -> 13 -> 42)
43 5585133 (11 -> 51 -> 47 -> 32 -> 15 -> 69 -> 43)
44 2590157 (11 -> 51 -> 47 -> 32 -> 15 -> 44)
45 2538360 (11 -> 18 -> 71 -> 77 -> 22 -> 45)
46 3614879 (11 -> 18 -> 83 -> 16 -> 46)
47 1654688 (11 -> 51 -> 47)
48 4108357 (11 -> 51 -> 47 -> 32 -> 29 -> 31 -> 48)
49 3058798 (11 -> 18 -> 71 -> 41 -> 86 -> 81 -> 49)
50 3914260 (11 -> 51 -> 47 -> 32 -> 79 -> 27 -> 58 -> 26 -> 50)
51 687628 (11 -> 51)
52 2912465 (11 -> 18 -> 71 -> 41 -> 38 -> 96 -> 52)
53 1599176 (11 -> 18 -> 53)
54 2328021 (11 -> 18 -> 71 -> 41 -> 86 -> 81 -> 54)
55 2396882 (11 -> 51 -> 47 -> 55)
56 2360952 (11 -> 18 -> 65 -> 13 -> 87 -> 56)
57 3722489 (11 -> 18 -> 71 -> 41 -> 86 -> 81 -> 54 -> 57)
58 2154420 (11 -> 51 -> 47 -> 32 -> 79 -> 27 -> 58)
59 2639123 (11 -> 51 -> 47 -> 32 -> 29 -> 31 -> 59)
60 3849405 (11 -> 18 -> 71 -> 77 -> 14 -> 28 -> 24 -> 60)
61 3295232 (11 -> 51 -> 47 -> 32 -> 15 -> 69 -> 17 -> 61)
62 3474810 (11 -> 18 -> 71 -> 41 -> 86 -> 81 -> 49 -> 62)
63 2094205 (11 -> 18 -> 71 -> 77 -> 63)
64 2354164 (11 -> 51 -> 47 -> 32 -> 79 -> 70 -> 68 -> 64)
65 1272118 (11 -> 18 -> 65)
66 3036842 (11 -> 18 -> 53 -> 66)
67 2136155 (11 -> 51 -> 47 -> 32 -> 79 -> 67)
68 2221956 (11 -> 51 -> 47 -> 32 -> 79 -> 70 -> 68)
69 2553677 (11 -> 51 -> 47 -> 32 -> 15 -> 69)
70 2105124 (11 -> 51 -> 47 -> 32 -> 79 -> 70)
71 887584 (11 -> 18 -> 71)
72 3567597 (11 -> 51 -> 47 -> 32 -> 15 -> 44 -> 72)
73 3104594 (11 -> 18 -> 65 -> 73)
74 2043629 (11 -> 18 -> 71 -> 77 -> 22 -> 74)
75 2515304 (11 -> 18 -> 71 -> 41 -> 10 -> 75)
76 3755299 (11 -> 51 -> 47 -> 32 -> 79 -> 70 -> 98 -> 76)
77 1213520 (11 -> 18 -> 71 -> 77)
78 2509258 (11 -> 18 -> 71 -> 5 -> 78)
79 1950992 (11 -> 51 -> 47 -> 32 -> 79)
80 3173622 (11 -> 18 -> 71 -> 77 -> 80)
81 2239646 (11 -> 18 -> 71 -> 41 -> 86 -> 81)
82 2752760 (11 -> 18 -> 71 -> 41 -> 10 -> 82)
83 1450252 (11 -> 18 -> 83)
84 2851969 (11 -> 18 -> 71 -> 41 -> 10 -> 82 -> 84)
85 2486727 (11 -> 18 -> 65 -> 13 -> 87 -> 56 -> 85)
86 1774871 (11 -> 18 -> 71 -> 41 -> 86)
87 2328581 (11 -> 18 -> 65 -> 13 -> 87)
88 1364770 (11 -> 88)
89 3113296 (11 -> 51 -> 47 -> 32 -> 15 -> 69 -> 89)
90 2576343 (11 -> 51 -> 90)
91 2574799 (11 -> 91)
92 2804605 (11 -> 51 -> 47 -> 32 -> 29 -> 31 -> 92)
93 2345653 (11 -> 18 -> 65 -> 93)
94 2333713 (11 -> 51 -> 47 -> 32 -> 79 -> 27 -> 94)
95 2626263 (11 -> 18 -> 65 -> 13 -> 87 -> 56 -> 85 -> 95)
96 2060193 (11 -> 18 -> 71 -> 41 -> 38 -> 96)
97 3318014 (11 -> 51 -> 47 -> 32 -> 79 -> 27 -> 58 -> 97)
98 2871118 (11 -> 51 -> 47 -> 32 -> 79 -> 70 -> 98)
99 3621794 (11 -> 51 -> 1 -> 25 -> 99)
