0 554139 (11 -> 125 -> 540 -> 532 -> 0)
1 590293 (11 -> 125 -> 540 -> 944 -> 243 -> 268 -> 422 -> 351 -> 909 -> 1)
2 876283 (11 -> 125 -> 540 -> 855 -> 436 -> 341 -> 613 -> 621 -> 782 -> 785 -> 218 -> 713 -> 574 -> 2)
3 685508 (11 -> 125 -> 831 -> 754 -> 530 -> 498 -> 170 -> 3)
4 913510 (11 -> 125 -> 540 -> 442 -> 686 -> 173 -> 214 -> 236 -> 601 -> 4)
5 651986 (11 -> 125 -> 614 -> 229 -> 682 -> 877 -> 5)
6 919625 (11 -> 125 -> 540 -> 841 -> 840 -> 708 -> 366 -> 117 -> 609 -> 610 -> 644 -> 812 -> 121 -> 6)
7 1019324 (11 -> 125 -> 540 -> 442 -> 686 -> 630 -> 42 -> 383 -> 87 -> 186 -> 750 -> 52 -> 130 -> 519 -> 60 -> 7)
8 684303 (11 -> 125 -> 540 -> 855 -> 216 -> 563 -> 234 -> 8)
9 727986 (11 -> 125 -> 540 -> 442 -> 686 -> 630 -> 42 -> 383 -> 950 -> 553 -> 57 -> 447 -> 289 -> 9)
10 602299 (11 -> 125 -> 540 -> 855 -> 436 -> 341 -> 613 -> 705 -> 802 -> 10)
11 0 (11)
12 474349 (11 -> 125 -> 540 -> 855 -> 436 -> 341 -> 613 -> 705 -> 12)
13 1006028 (11 -> 125 -> 540 -> 442 -> 686 -> 630 -> 42 -> 383 -> 87 -> 186 -> 750 -> 659 -> 23 -> 13)
14 920686 (11 -> 125 -> 540 -> 442 -> 686 -> 818 -> 217 -> 223 -> 19 -> 14)
15 760108 (11 -> 125 -> 540 -> 442 -> 686 -> 630 -> 42 -> 699 -> 824 -> 590 -> 501 -> 15)
16 1023210 (11 -> 125 -> 540 -> 442 -> 686 -> 630 -> 42 -> 699 -> 824 -> 219 -> 315 -> 16)
17 414006 (11 -> 125 -> 540 -> 17)
18 590123 (11 -> 125 -> 614 -> 153 -> 372 -> 465 -> 227 -> 525 -> 18)
19 760800 (11 -> 125 -> 540 -> 442 -> 686 -> 818 -> 217 -> 223 -> 19)
20 701496 (11 -> 125 -> 614 -> 919 -> 827 -> 20)
21 719382 (11 -> 125 -> 540 -> 442 -> 686 -> 818 -> 217 -> 235 -> 21)
22 821804 (11 -> 125 -> 540 -> 442 -> 686 -> 173 -> 214 -> 22)
23 747814 (11 -> 125 -> 540 -> 442 -> 686 -> 630 -> 42 -> 383 -> 87 -> 186 -> 750 -> 659 -> 23)
24 731201 (11 -> 125 -> 540 -> 442 -> 686 -> 630 -> 517 -> 828 -> 723 -> 511 -> 118 -> 24)
25 615261 (11 -> 125 -> 540 -> 532 -> 989 -> 636 -> 25)
26 672859 (11 -> 125 -> 540 -> 944 -> 26)
27 1067242 (11 -> 125 -> 540 -> 855 -> 436 -> 341 -> 613 -> 621 -> 925 -> 290 -> 988 -> 76 -> 27)
28 562915 (11 -> 125 -> 540 -> 28)
29 639314 (11 -> 425 -> 209 -> 62 -> 615 -> 29)
30 445710 (11 -> 125 -> 540 -> 944 -> 30)
31 539928 (11 -> 125 -> 540 -> 442 -> 686 -> 630 -> 517 -> 828 -> 31)
32 668575 (11 -> 125 -> 614 -> 153 -> 372 -> 465 -> 227 -> 525 -> 32)
33 740229 (11 -> 125 -> 614 -> 153 -> 33)
34 839397 (11 -> 125 -> 424 -> 297 -> 285 -> 740 -> 34)
35 419056 (11 -> 125 -> 540 -> 841 -> 840 -> 708 -> 35)
36 603730 (11 -> 386 -> 36)
37 790006 (11 -> 125 -> 831 -> 754 -> 530 -> 498 -> 170 -> 524 -> 885 -> 37)
38 830757 (11 -> 125 -> 540 -> 17 -> 174 -> 38)
39 1117238 (11 -> 125 -> 614 -> 229 -> 682 -> 774 -> 39)
40 951340 (11 -> 125 -> 540 -> 442 -> 686 -> 77 -> 253 -> 859 -> 40)
41 721532 (11 -> 125 -> 540 -> 442 -> 686 -> 630 -> 42 -> 383 -> 87 -> 186 -> 750 -> 659 -> 748 -> 468 -> 482 -> 41)
42 293156 (11 -> 125 -> 540 -> 442 -> 686 -> 630 -> 42)
43 874617 (11 -> 125 -> 540 -> 442 -> 686 -> 630 -> 42 -> 699 -> 142 -> 374 -> 43)
44 746242 (11 -> 125 -> 540 -> 841 -> 840 -> 708 -> 249 -> 44)
45 882744 (11 -> 425 -> 209 -> 62 -> 615 -> 29 -> 453 -> 232 -> 45)
46 1039429 (11 -> 125 -> 614 -> 153 -> 372 -> 465 -> 46)
47 657554 (11 -> 125 -> 540 -> 855 -> 436 -> 341 -> 613 -> 621 -> 782 -> 451 -> 47)
48 983428 (11 -> 125 -> 614 -> 153 -> 133 -> 862 -> 430 -> 48)
49 896210 (11 -> 125 -> 540 -> 855 -> 436 -> 341 -> 613 -> 621 -> 925 -> 654 -> 890 -> 463 -> 49)
50 681648 (11 -> 125 -> 540 -> 532 -> 934 -> 294 -> 362 -> 608 -> 662 -> 50)
51 855297 (11 -> 125 -> 540 -> 442 -> 686 -> 630 -> 42 -> 383 -> 87 -> 186 -> 750 -> 52 -> 130 -> 364 -> 51)
52 488873 (11 -> 125 -> 540 -> 442 -> 686 -> 630 -> 42 -> 383 -> 87 -> 186 -> 750 -> 52)
53 583874 (11 -> 125 -> 424 -> 297 -> 285 -> 740 -> 420 -> 53)
54 741400 (11 -> 125 -> 540 -> 532 -> 951 -> 820 -> 284 -> 296 -> 54)
55 876101 (11 -> 125 -> 540 -> 532 -> 934 -> 721 -> 875 -> 631 -> 585 -> 397 -> 947 -> 642 -> 55)
56 873669 (11 -> 125 -> 540 -> 442 -> 686 -> 818 -> 217 -> 223 -> 19 -> 56)
57 568543 (11 -> 125 -> 540 -> 442 -> 686 -> 630 -> 42 -> 383 -> 950 -> 553 -> 57)
58 661037 (11 -> 125 -> 540 -> 532 -> 557 -> 552 -> 556 -> 58)
59 716381 (11 -> 125 -> 614 -> 153 -> 755 -> 59)
60 755588 (11 -> 125 -> 540 -> 442 -> 686 -> 630 -> 42 -> 383 -> 87 -> 186 -> 750 -> 52 -> 130 -> 519 -> 60)
61 668747 (11 -> 125 -> 540 -> 442 -> 686 -> 630 -> 42 -> 383 -> 950 -> 589 -> 920 -> 193 -> 61)
62 560477 (11 -> 425 -> 209 -> 62)
63 783466 (11 -> 125 -> 614 -> 432 -> 63)
64 714262 (11 -> 125 -> 540 -> 532 -> 934 -> 721 -> 875 -> 631 -> 418 -> 64)
65 832333 (11 -> 425 -> 209 -> 62 -> 615 -> 443 -> 871 -> 65)
66 631849 (11 -> 125 -> 540 -> 28 -> 667 -> 66)
67 690802 (11 -> 125 -> 614 -> 153 -> 372 -> 465 -> 227 -> 525 -> 67)
68 805566 (11 -> 125 -> 540 -> 532 -> 989 -> 384 -> 68)
69 1004644 (11 -> 125 -> 540 -> 855 -> 759 -> 629 -> 69)
70 779102 (11 -> 125 -> 70)
71 550789 (11 -> 125 -> 540 -> 855 -> 436 -> 720 -> 71)
72 675823 (11 -> 125 -> 614 -> 153 -> 372 -> 465 -> 227 -> 525 -> 18 -> 72)
73 916071 (11 -> 125 -> 540 -> 442 -> 686 -> 630 -> 42 -> 383 -> 950 -> 553 -> 57 -> 957 -> 73)
74 939503 (11 -> 125 -> 540 -> 442 -> 686 -> 630 -> 42 -> 383 -> 950 -> 589 -> 220 -> 74)
75 808513 (11 -> 125 -> 540 -> 944 -> 175 -> 329 -> 75)
76 900833 (11 -> 125 -> 540 -> 855 -> 436 -> 341 -> 613 -> 621 -> 925 -> 290 -> 988 -> 76)
77 285462 (11 -> 125 -> 540 -> 442 -> 686 -> 77)
78 657617 (11 -> 125 -> 540 -> 944 -> 243 -> 268 -> 422 -> 351 -> 78)
79 705620 (11 -> 125 -> 540 -> 442 -> 686 -> 630 -> 42 -> 383 -> 87 -> 186 -> 750 -> 659 -> 748 -> 79)
80 620738 (11 -> 125 -> 540 -> 855 -> 436 -> 720 -> 444 -> 668 -> 893 -> 80)
81 586266 (11 -> 125 -> 540 -> 532 -> 0 -> 81)
82 749559 (11 -> 425 -> 399 -> 82)
83 887498 (11 -> 125 -> 540 -> 442 -> 686 -> 630 -> 517 -> 828 -> 380 -> 83)
84 884583 (11 -> 125 -> 540 -> 532 -> 557 -> 507 -> 84)
85 813175 (11 -> 125 -> 540 -> 532 -> 934 -> 721 -> 875 -> 631 -> 134 -> 85)
86 667722 (11 -> 125 -> 614 -> 229 -> 316 -> 666 -> 86)
87 326625 (11 -> 125 -> 540 -> 442 -> 686 -> 630 -> 42 -> 383 -> 87)
88 807069 (11 -> 125 -> 540 -> 442 -> 686 -> 818 -> 217 -> 235 -> 88)
89 765347 (11 -> 125 -> 540 -> 532 -> 557 -> 552 -> 141 -> 89)
90 805879 (11 -> 125 -> 540 -> 841 -> 840 -> 708 -> 35 -> 603 -> 679 -> 90)
91 624296 (11 -> 125 -> 540 -> 442 -> 686 -> 630 -> 42 -> 383 -> 950 -> 553 -> 868 -> 91)
92 944027 (11 -> 125 -> 540 -> 442 -> 686 -> 630 -> 42 -> 383 -> 87 -> 186 -> 750 -> 659 -> 748 -> 468 -> 482 -> 799 -> 92)
93 835316 (11 -> 125 -> 540 -> 442 -> 686 -> 630 -> 42 -> 383 -> 950 -> 93)
94 659778 (11 -> 125 -> 831 -> 754 -> 530 -> 94)
95 653995 (11 -> 125 -> 540 -> 841 -> 840 -> 708 -> 366 -> 117 -> 609 -> 798 -> 95)
96 648875 (11 -> 125 -> 540 -> 855 -> 436 -> 720 -> 96)
97 758492 (11 -> 125 -> 614 -> 229 -> 97)
98 589445 (11 -> 125 -> 540 -> 532 -> 934 -> 294 -> 362 -> 608 -> 662 -> 98)
99 688136 (11 -> 125 -> 540 -> 532 -> 989 -> 99)
100 838222 (11 -> 125 -> 540 -> 442 -> 686 -> 630 -> 42 -> 383 -> 950 -> 589 -> 426 -> 924 -> 503 -> 100)
101 692448 (11 -> 125 -> 614 -> 153 -> 755 -> 881 -> 101)
102 792865 (11 -> 125 -> 831 -> 564 -> 545 -> 712 -> 102)
103 746807 (11 -> 125 -> 896 -> 844 -> 348 -> 103)
104 695838 (11 -> 125 -> 540 -> 532 -> 934 -> 294 -> 362 -> 147 -> 771 -> 104)
105 543620 (11 -> 125 -> 831 -> 105)
106 930658 (11 -> 125 -> 540 -> 442 -> 686 -> 630 -> 42 -> 383 -> 87 -> 186 -> 750 -> 659 -> 518 -> 106)
107 843735 (11 -> 125 -> 540 -> 442 -> 686 -> 630 -> 42 -> 383 -> 950 -> 553 -> 57 -> 447 -> 289 -> 302 -> 107)
108 734597 (11 -> 125 -> 540 -> 532 -> 934 -> 721 -> 407 -> 460 -> 108)
109 679189 (11 -> 125 -> 540 -> 442 -> 686 -> 630 -> 517 -> 828 -> 927 -> 269 -> 109)
110 693859 (11 -> 125 -> 540 -> 17 -> 110)
111 1184926 (11 -> 125 -> 540 -> 442 -> 686 -> 630 -> 42 -> 699 -> 824 -> 796 -> 732 -> 111)
112 778120 (11 -> 125 -> 540 -> 841 -> 840 -> 708 -> 35 -> 758 -> 718 -> 952 -> 112)
113 968206 (11 -> 125 -> 540 -> 944 -> 243 -> 535 -> 787 -> 113)
114 998727 (11 -> 125 -> 540 -> 841 -> 840 -> 708 -> 35 -> 573 -> 336 -> 258 -> 114)
115 652427 (11 -> 125 -> 540 -> 841 -> 884 -> 342 -> 115)
116 720147 (11 -> 125 -> 540 -> 532 -> 989 -> 188 -> 116)
117 518319 (11 -> 125 -> 540 -> 841 -> 840 -> 708 -> 366 -> 117)
118 624888 (11 -> 125 -> 540 -> 442 -> 686 -> 630 -> 517 -> 828 -> 723 -> 511 -> 118)
119 721480 (11 -> 425 -> 209 -> 62 -> 615 -> 29 -> 453 -> 119)
120 628808 (11 -> 125 -> 896 -> 844 -> 975 -> 559 -> 120)
121 786790 (11 -> 125 -> 540 -> 841 -> 840 -> 708 -> 366 -> 117 -> 609 -> 610 -> 644 -> 812 -> 121)
122 751383 (11 -> 125 -> 540 -> 944 -> 26 -> 122)
123 735387 (11 -> 125 -> 540 -> 532 -> 934 -> 721 -> 361 -> 381 -> 123)
124 805466 (11 -> 125 -> 540 -> 442 -> 686 -> 630 -> 42 -> 383 -> 950 -> 589 -> 920 -> 480 -> 778 -> 275 -> 124)
125 62629 (11 -> 125)
126 623639 (11 -> 125 -> 540 -> 532 -> 934 -> 294 -> 362 -> 608 -> 251 -> 317 -> 126)
127 893007 (11 -> 125 -> 896 -> 565 -> 127)
128 640165 (11 -> 125 -> 614 -> 153 -> 133 -> 128)
129 603289 (11 -> 425 -> 209 -> 62 -> 129)
130 561565 (11 -> 125 -> 540 -> 442 -> 686 -> 630 -> 42 -> 383 -> 87 -> 186 -> 750 -> 52 -> 130)
131 1215638 (11 -> 125 -> 540 -> 442 -> 686 -> 630 -> 42 -> 383 -> 87 -> 186 -> 750 -> 659 -> 748 -> 468 -> 434 -> 131)
132 746661 (11 -> 425 -> 399 -> 485 -> 132)
133 459168 (11 -> 125 -> 614 -> 153 -> 133)
134 768507 (11 -> 125 -> 540 -> 532 -> 934 -> 721 -> 875 -> 631 -> 134)
135 471885 (11 -> 125 -> 540 -> 841 -> 135)
136 681044 (11 -> 125 -> 540 -> 532 -> 989 -> 636 -> 136)
137 774822 (11 -> 125 -> 540 -> 442 -> 686 -> 173 -> 214 -> 747 -> 137)
138 552461 (11 -> 425 -> 209 -> 138)
139 588892 (11 -> 125 -> 540 -> 532 -> 951 -> 400 -> 139)
140 743163 (11 -> 125 -> 540 -> 944 -> 175 -> 475 -> 146 -> 445 -> 140)
141 651159 (11 -> 125 -> 540 -> 532 -> 557 -> 552 -> 141)
142 310960 (11 -> 125 -> 540 -> 442 -> 686 -> 630 -> 42 -> 699 -> 142)
143 1010032 (11 -> 125 -> 540 -> 442 -> 686 -> 995 -> 143)
144 945739 (11 -> 125 -> 540 -> 442 -> 686 -> 630 -> 42 -> 699 -> 824 -> 590 -> 501 -> 637 -> 151 -> 144)
145 501304 (11 -> 125 -> 540 -> 532 -> 934 -> 721 -> 407 -> 869 -> 145)
146 608009 (11 -> 125 -> 540 -> 944 -> 175 -> 475 -> 146)
147 551975 (11 -> 125 -> 540 -> 532 -> 934 -> 294 -> 362 -> 147)
148 553581 (11 -> 125 -> 540 -> 532 -> 989 -> 384 -> 148)
149 704652 (11 -> 125 -> 540 -> 442 -> 686 -> 630 -> 42 -> 699 -> 142 -> 374 -> 149)
150 781883 (11 -> 125 -> 614 -> 229 -> 316 -> 666 -> 86 -> 150)
151 929722 (11 -> 125 -> 540 -> 442 -> 686 -> 630 -> 42 -> 699 -> 824 -> 590 -> 501 -> 637 -> 151)
152 596576 (11 -> 125 -> 831 -> 754 -> 530 -> 498 -> 170 -> 546 -> 152)
153 351323 (11 -> 125 -> 614 -> 153)
154 697253 (11 -> 125 -> 540 -> 442 -> 686 -> 630 -> 42 -> 383 -> 950 -> 589 -> 426 -> 154)
155 743349 (11 -> 125 -> 540 -> 532 -> 554 -> 155)
156 505480 (11 -> 125 -> 540 -> 532 -> 934 -> 721 -> 407 -> 869 -> 145 -> 156)
157 968658 (11 -> 125 -> 540 -> 442 -> 686 -> 630 -> 42 -> 383 -> 87 -> 186 -> 750 -> 52 -> 157)
158 993747 (11 -> 125 -> 614 -> 982 -> 158)
159 821215 (11 -> 125 -> 540 -> 532 -> 934 -> 721 -> 407 -> 869 -> 866 -> 159)
160 1094573 (11 -> 125 -> 540 -> 841 -> 840 -> 708 -> 366 -> 117 -> 160)
161 462943 (11 -> 125 -> 540 -> 944 -> 161)
162 619165 (11 -> 125 -> 614 -> 229 -> 316 -> 162)
163 631656 (11 -> 125 -> 540 -> 855 -> 436 -> 341 -> 163)
164 909754 (11 -> 125 -> 540 -> 532 -> 951 -> 820 -> 284 -> 164)
165 673766 (11 -> 125 -> 540 -> 532 -> 557 -> 507 -> 165)
166 488204 (11 -> 125 -> 540 -> 944 -> 30 -> 166)
167 805684 (11 -> 125 -> 540 -> 442 -> 686 -> 630 -> 743 -> 167)
168 726302 (11 -> 125 -> 540 -> 855 -> 436 -> 341 -> 613 -> 621 -> 925 -> 654 -> 168)
169 1006435 (11 -> 125 -> 540 -> 532 -> 934 -> 721 -> 875 -> 631 -> 795 -> 955 -> 171 -> 169)
170 555781 (11 -> 125 -> 831 -> 754 -> 530 -> 498 -> 170)
171 817795 (11 -> 125 -> 540 -> 532 -> 934 -> 721 -> 875 -> 631 -> 795 -> 955 -> 171)
172 700095 (11 -> 125 -> 424 -> 297 -> 285 -> 534 -> 172)
173 347862 (11 -> 125 -> 540 -> 442 -> 686 -> 173)
174 815369 (11 -> 125 -> 540 -> 17 -> 174)
175 520064 (11 -> 125 -> 540 -> 944 -> 175)
176 423004 (11 -> 125 -> 540 -> 532 -> 934 -> 721 -> 875 -> 631 -> 176)
177 751336 (11 -> 125 -> 540 -> 442 -> 686 -> 818 -> 177)
178 550848 (11 -> 125 -> 424 -> 297 -> 285 -> 625 -> 178)
179 725002 (11 -> 125 -> 540 -> 532 -> 934 -> 294 -> 362 -> 608 -> 251 -> 449 -> 179)
180 919993 (11 -> 125 -> 540 -> 532 -> 557 -> 507 -> 454 -> 194 -> 929 -> 180)
181 839785 (11 -> 125 -> 540 -> 442 -> 686 -> 630 -> 42 -> 699 -> 824 -> 590 -> 501 -> 181)
182 735351 (11 -> 125 -> 540 -> 442 -> 686 -> 630 -> 42 -> 383 -> 950 -> 182)
183 799301 (11 -> 125 -> 540 -> 532 -> 989 -> 384 -> 183)
184 711440 (11 -> 125 -> 540 -> 442 -> 686 -> 630 -> 42 -> 383 -> 87 -> 186 -> 281 -> 240 -> 184)
185 655302 (11 -> 125 -> 614 -> 432 -> 288 -> 185)
186 341960 (11 -> 125 -> 540 -> 442 -> 686 -> 630 -> 42 -> 383 -> 87 -> 186)
187 805793 (11 -> 125 -> 614 -> 229 -> 187)
188 514682 (11 -> 125 -> 540 -> 532 -> 989 -> 188)
189 535457 (11 -> 125 -> 540 -> 442 -> 686 -> 630 -> 42 -> 383 -> 87 -> 186 -> 189)
190 696260 (11 -> 125 -> 831 -> 564 -> 582 -> 190)
191 671846 (11 -> 125 -> 540 -> 442 -> 686 -> 630 -> 42 -> 383 -> 87 -> 186 -> 750 -> 52 -> 130 -> 191)
192 591872 (11 -> 125 -> 540 -> 532 -> 951 -> 820 -> 192)
193 642406 (11 -> 125 -> 540 -> 442 -> 686 -> 630 -> 42 -> 383 -> 950 -> 589 -> 920 -> 193)
194 840503 (11 -> 125 -> 540 -> 532 -> 557 -> 507 -> 454 -> 194)
195 616062 (11 -> 125 -> 540 -> 442 -> 686 -> 630 -> 42 -> 699 -> 824 -> 796 -> 510 -> 195)
196 753546 (11 -> 125 -> 540 -> 442 -> 686 -> 630 -> 42 -> 196)
197 1135814 (11 -> 125 -> 540 -> 442 -> 686 -> 630 -> 517 -> 222 -> 948 -> 461 -> 197)
198 624848 (11 -> 125 -> 540 -> 442 -> 686 -> 630 -> 743 -> 198)
199 796425 (11 -> 125 -> 540 -> 841 -> 840 -> 708 -> 35 -> 758 -> 245 -> 823 -> 199)
200 767901 (11 -> 125 -> 540 -> 442 -> 686 -> 630 -> 42 -> 383 -> 87 -> 186 -> 750 -> 659 -> 518 -> 312 -> 506 -> 849 -> 200)
201 787964 (11 -> 125 -> 540 -> 841 -> 840 -> 708 -> 249 -> 44 -> 201)
202 706948 (11 -> 125 -> 540 -> 442 -> 686 -> 630 -> 42 -> 383 -> 87 -> 186 -> 750 -> 659 -> 202)
203 820934 (11 -> 125 -> 896 -> 844 -> 203)
204 663008 (11 -> 125 -> 540 -> 841 -> 840 -> 204)
205 690257 (11 -> 125 -> 540 -> 442 -> 686 -> 818 -> 217 -> 945 -> 205)
206 789815 (11 -> 125 -> 540 -> 855 -> 436 -> 720 -> 444 -> 668 -> 893 -> 80 -> 252 -> 502 -> 206)
207 829518 (11 -> 125 -> 540 -> 532 -> 989 -> 99 -> 817 -> 618 -> 207)
208 1000226 (11 -> 125 -> 540 -> 855 -> 436 -> 341 -> 613 -> 621 -> 658 -> 208)
209 540310 (11 -> 425 -> 209)
210 555813 (11 -> 125 -> 540 -> 841 -> 840 -> 210)
211 953536 (11 -> 125 -> 831 -> 754 -> 211)
212 912238 (11 -> 125 -> 614 -> 153 -> 372 -> 465 -> 987 -> 212)
213 629862 (11 -> 125 -> 540 -> 855 -> 436 -> 720 -> 444 -> 668 -> 893 -> 80 -> 213)
214 514893 (11 -> 125 -> 540 -> 442 -> 686 -> 173 -> 214)
215 870937 (11 -> 125 -> 540 -> 841 -> 840 -> 708 -> 35 -> 758 -> 245 -> 823 -> 199 -> 215)
216 367635 (11 -> 125 -> 540 -> 855 -> 216)
217 485886 (11 -> 125 -> 540 -> 442 -> 686 -> 818 -> 217)
218 758864 (11 -> 125 -> 540 -> 855 -> 436 -> 341 -> 613 -> 621 -> 782 -> 785 -> 218)
219 620874 (11 -> 125 -> 540 -> 442 -> 686 -> 630 -> 42 -> 699 -> 824 -> 219)
220 566505 (11 -> 125 -> 540 -> 442 -> 686 -> 630 -> 42 -> 383 -> 950 -> 589 -> 220)
221 580675 (11 -> 125 -> 614 -> 153 -> 372 -> 465 -> 227 -> 221)
222 494703 (11 -> 125 -> 540 -> 442 -> 686 -> 630 -> 517 -> 222)
223 497935 (11 -> 125 -> 540 -> 442 -> 686 -> 818 -> 217 -> 223)
224 766235 (11 -> 125 -> 614 -> 153 -> 755 -> 59 -> 224)
225 609432 (11 -> 125 -> 540 -> 442 -> 686 -> 630 -> 42 -> 383 -> 87 -> 186 -> 189 -> 225)
226 1004967 (11 -> 125 -> 540 -> 841 -> 840 -> 708 -> 35 -> 573 -> 548 -> 226)
227 535531 (11 -> 125 -> 614 -> 153 -> 372 -> 465 -> 227)
228 701402 (11 -> 125 -> 540 -> 442 -> 686 -> 630 -> 42 -> 383 -> 87 -> 895 -> 583 -> 228)
229 113956 (11 -> 125 -> 614 -> 229)
230 771799 (11 -> 125 -> 540 -> 855 -> 436 -> 720 -> 444 -> 668 -> 893 -> 80 -> 213 -> 230)
231 731718 (11 -> 425 -> 231)
232 716288 (11 -> 425 -> 209 -> 62 -> 615 -> 29 -> 453 -> 232)
233 970107 (11 -> 125 -> 540 -> 944 -> 243 -> 268 -> 233)
234 578248 (11 -> 125 -> 540 -> 855 -> 216 -> 563 -> 234)
235 672114 (11 -> 125 -> 540 -> 442 -> 686 -> 818 -> 217 -> 235)
236 810508 (11 -> 125 -> 540 -> 442 -> 686 -> 173 -> 214 -> 236)
237 623129 (11 -> 125 -> 614 -> 153 -> 372 -> 465 -> 227 -> 221 -> 237)
238 888934 (11 -> 125 -> 540 -> 855 -> 436 -> 341 -> 613 -> 621 -> 925 -> 654 -> 291 -> 238)
239 554390 (11 -> 125 -> 424 -> 297 -> 285 -> 625 -> 239)
240 661580 (11 -> 125 -> 540 -> 442 -> 686 -> 630 -> 42 -> 383 -> 87 -> 186 -> 281 -> 240)
241 1090113 (11 -> 125 -> 540 -> 532 -> 0 -> 241)
242 745571 (11 -> 125 -> 896 -> 844 -> 975 -> 559 -> 242)
243 492612 (11 -> 125 -> 540 -> 944 -> 243)
244 643480 (11 -> 125 -> 540 -> 841 -> 840 -> 708 -> 35 -> 758 -> 245 -> 244)
245 528536 (11 -> 125 -> 540 -> 841 -> 840 -> 708 -> 35 -> 758 -> 245)
246 615274 (11 -> 125 -> 540 -> 442 -> 686 -> 630 -> 42 -> 699 -> 824 -> 763 -> 246)
247 680589 (11 -> 125 -> 540 -> 442 -> 686 -> 77 -> 533 -> 247)
248 737162 (11 -> 125 -> 424 -> 248)
249 629713 (11 -> 125 -> 540 -> 841 -> 840 -> 708 -> 249)
250 611159 (11 -> 125 -> 540 -> 855 -> 216 -> 563 -> 363 -> 250)
251 505541 (11 -> 125 -> 540 -> 532 -> 934 -> 294 -> 362 -> 608 -> 251)
252 722609 (11 -> 125 -> 540 -> 855 -> 436 -> 720 -> 444 -> 668 -> 893 -> 80 -> 252)
253 675508 (11 -> 125 -> 540 -> 442 -> 686 -> 77 -> 253)
254 580976 (11 -> 125 -> 540 -> 442 -> 686 -> 630 -> 42 -> 383 -> 87 -> 254)
255 727308 (11 -> 125 -> 614 -> 153 -> 372 -> 465 -> 987 -> 255)
256 821068 (11 -> 125 -> 762 -> 256)
257 679474 (11 -> 125 -> 540 -> 442 -> 686 -> 77 -> 257)
258 846352 (11 -> 125 -> 540 -> 841 -> 840 -> 708 -> 35 -> 573 -> 336 -> 258)
259 975866 (11 -> 125 -> 540 -> 442 -> 686 -> 630 -> 42 -> 383 -> 87 -> 186 -> 750 -> 659 -> 518 -> 312 -> 506 -> 259)
260 906145 (11 -> 125 -> 540 -> 442 -> 686 -> 77 -> 253 -> 892 -> 260)
261 728827 (11 -> 125 -> 540 -> 442 -> 686 -> 630 -> 42 -> 383 -> 87 -> 895 -> 504 -> 261)
262 905994 (11 -> 125 -> 614 -> 919 -> 992 -> 928 -> 262)
263 667698 (11 -> 125 -> 540 -> 855 -> 436 -> 341 -> 613 -> 621 -> 263)
264 819082 (11 -> 125 -> 540 -> 855 -> 436 -> 720 -> 264)
265 866367 (11 -> 125 -> 614 -> 229 -> 790 -> 547 -> 588 -> 265)
266 631367 (11 -> 125 -> 540 -> 532 -> 934 -> 294 -> 362 -> 608 -> 251 -> 317 -> 126 -> 549 -> 266)
267 628419 (11 -> 125 -> 540 -> 841 -> 840 -> 708 -> 366 -> 117 -> 609 -> 798 -> 267)
268 498042 (11 -> 125 -> 540 -> 944 -> 243 -> 268)
269 601077 (11 -> 125 -> 540 -> 442 -> 686 -> 630 -> 517 -> 828 -> 927 -> 269)
270 850199 (11 -> 125 -> 614 -> 153 -> 372 -> 465 -> 987 -> 255 -> 433 -> 270)
271 657829 (11 -> 125 -> 540 -> 442 -> 686 -> 630 -> 42 -> 699 -> 824 -> 590 -> 878 -> 271)
272 944577 (11 -> 125 -> 540 -> 442 -> 686 -> 173 -> 214 -> 747 -> 272)
273 666940 (11 -> 125 -> 540 -> 442 -> 686 -> 818 -> 273)
274 854021 (11 -> 125 -> 540 -> 442 -> 686 -> 630 -> 517 -> 828 -> 274)
275 745200 (11 -> 125 -> 540 -> 442 -> 686 -> 630 -> 42 -> 383 -> 950 -> 589 -> 920 -> 480 -> 778 -> 275)
276 732004 (11 -> 125 -> 540 -> 532 -> 989 -> 99 -> 817 -> 509 -> 276)
277 832212 (11 -> 125 -> 614 -> 432 -> 288 -> 438 -> 830 -> 277)
278 925610 (11 -> 125 -> 540 -> 532 -> 989 -> 636 -> 749 -> 908 -> 278)
279 628322 (11 -> 125 -> 540 -> 442 -> 686 -> 630 -> 42 -> 383 -> 950 -> 553 -> 868 -> 91 -> 279)
280 1026217 (11 -> 125 -> 540 -> 442 -> 686 -> 173 -> 935 -> 280)
281 344430 (11 -> 125 -> 540 -> 442 -> 686 -> 630 -> 42 -> 383 -> 87 -> 186 -> 281)
282 802748 (11 -> 125 -> 540 -> 532 -> 951 -> 820 -> 192 -> 423 -> 622 -> 282)
283 855282 (11 -> 425 -> 209 -> 62 -> 539 -> 283)
284 658602 (11 -> 125 -> 540 -> 532 -> 951 -> 820 -> 284)
285 527308 (11 -> 125 -> 424 -> 297 -> 285)
286 838323 (11 -> 125 -> 540 -> 944 -> 30 -> 166 -> 286)
287 750317 (11 -> 125 -> 540 -> 442 -> 686 -> 77 -> 257 -> 287)
288 622759 (11 -> 125 -> 614 -> 432 -> 288)
289 633514 (11 -> 125 -> 540 -> 442 -> 686 -> 630 -> 42 -> 383 -> 950 -> 553 -> 57 -> 447 -> 289)
290 588801 (11 -> 125 -> 540 -> 855 -> 436 -> 341 -> 613 -> 621 -> 925 -> 290)
291 599669 (11 -> 125 -> 540 -> 855 -> 436 -> 341 -> 613 -> 621 -> 925 -> 654 -> 291)
292 883450 (11 -> 125 -> 821 -> 292)
293 751125 (11 -> 125 -> 614 -> 229 -> 904 -> 293)
294 367508 (11 -> 125 -> 540 -> 532 -> 934 -> 294)
295 767691 (11 -> 125 -> 614 -> 919 -> 992 -> 886 -> 295)
296 686080 (11 -> 125 -> 540 -> 532 -> 951 -> 820 -> 284 -> 296)
297 452555 (11 -> 125 -> 424 -> 297)
298 625749 (11 -> 125 -> 540 -> 442 -> 686 -> 630 -> 42 -> 383 -> 87 -> 254 -> 298)
299 590735 (11 -> 386 -> 299)
300 1006499 (11 -> 125 -> 424 -> 248 -> 300)
301 719250 (11 -> 125 -> 540 -> 855 -> 436 -> 341 -> 613 -> 621 -> 782 -> 451 -> 301)
302 840195 (11 -> 125 -> 540 -> 442 -> 686 -> 630 -> 42 -> 383 -> 950 -> 553 -> 57 -> 447 -> 289 -> 302)
303 959664 (11 -> 125 -> 614 -> 229 -> 647 -> 523 -> 431 -> 303)
304 1168923 (11 -> 125 -> 540 -> 442 -> 686 -> 630 -> 42 -> 699 -> 824 -> 590 -> 878 -> 271 -> 304)
305 729205 (11 -> 125 -> 424 -> 297 -> 285 -> 625 -> 369 -> 797 -> 305)
306 720958 (11 -> 125 -> 540 -> 532 -> 557 -> 507 -> 165 -> 306)
307 579093 (11 -> 125 -> 540 -> 442 -> 686 -> 630 -> 42 -> 699 -> 824 -> 590 -> 356 -> 307)
308 700226 (11 -> 125 -> 614 -> 153 -> 372 -> 465 -> 227 -> 525 -> 18 -> 72 -> 308)
309 1045630 (11 -> 125 -> 540 -> 532 -> 0 -> 81 -> 309)
310 689143 (11 -> 125 -> 540 -> 442 -> 686 -> 630 -> 671 -> 310)
311 822790 (11 -> 125 -> 540 -> 855 -> 436 -> 341 -> 613 -> 621 -> 925 -> 654 -> 168 -> 311)
312 588492 (11 -> 125 -> 540 -> 442 -> 686 -> 630 -> 42 -> 383 -> 87 -> 186 -> 750 -> 659 -> 518 -> 312)
313 611317 (11 -> 125 -> 540 -> 442 -> 686 -> 630 -> 42 -> 383 -> 87 -> 895 -> 583 -> 313)
314 615419 (11 -> 125 -> 614 -> 961 -> 641 -> 314)
315 716975 (11 -> 125 -> 540 -> 442 -> 686 -> 630 -> 42 -> 699 -> 824 -> 219 -> 315)
316 486919 (11 -> 125 -> 614 -> 229 -> 316)
317 521375 (11 -> 125 -> 540 -> 532 -> 934 -> 294 -> 362 -> 608 -> 251 -> 317)
318 774665 (11 -> 125 -> 424 -> 297 -> 285 -> 625 -> 178 -> 318)
319 442886 (11 -> 125 -> 540 -> 855 -> 436 -> 720 -> 319)
320 730488 (11 -> 125 -> 540 -> 855 -> 436 -> 341 -> 320)
321 1044126 (11 -> 125 -> 540 -> 532 -> 989 -> 384 -> 183 -> 321)
322 678779 (11 -> 125 -> 540 -> 944 -> 26 -> 322)
323 748979 (11 -> 125 -> 614 -> 229 -> 316 -> 860 -> 323)
324 990684 (11 -> 125 -> 540 -> 532 -> 989 -> 384 -> 324)
325 723522 (11 -> 125 -> 831 -> 564 -> 545 -> 737 -> 325)
326 1310844 (11 -> 125 -> 540 -> 442 -> 686 -> 818 -> 217 -> 945 -> 715 -> 326)
327 891563 (11 -> 125 -> 540 -> 532 -> 989 -> 384 -> 68 -> 327)
328 712490 (11 -> 125 -> 540 -> 532 -> 951 -> 820 -> 328)
329 581245 (11 -> 125 -> 540 -> 944 -> 175 -> 329)
330 1007306 (11 -> 125 -> 540 -> 532 -> 934 -> 721 -> 407 -> 460 -> 108 -> 330)
331 803606 (11 -> 125 -> 540 -> 855 -> 436 -> 341 -> 613 -> 621 -> 782 -> 785 -> 218 -> 331)
332 908099 (11 -> 125 -> 831 -> 105 -> 974 -> 605 -> 332)
333 661103 (11 -> 125 -> 540 -> 841 -> 840 -> 708 -> 35 -> 573 -> 653 -> 333)
334 725845 (11 -> 125 -> 540 -> 855 -> 436 -> 720 -> 71 -> 334)
335 877137 (11 -> 125 -> 821 -> 335)
336 655155 (11 -> 125 -> 540 -> 841 -> 840 -> 708 -> 35 -> 573 -> 336)
337 906078 (11 -> 125 -> 540 -> 855 -> 436 -> 341 -> 613 -> 621 -> 925 -> 337)
338 651705 (11 -> 125 -> 540 -> 841 -> 840 -> 708 -> 366 -> 117 -> 609 -> 798 -> 338)
339 853644 (11 -> 125 -> 614 -> 229 -> 316 -> 860 -> 339)
340 436430 (11 -> 125 -> 540 -> 442 -> 686 -> 173 -> 935 -> 340)
341 379179 (11 -> 125 -> 540 -> 855 -> 436 -> 341)
342 641873 (11 -> 125 -> 540 -> 841 -> 884 -> 342)
343 755466 (11 -> 125 -> 540 -> 442 -> 686 -> 818 -> 217 -> 235 -> 21 -> 343)
344 753270 (11 -> 125 -> 540 -> 442 -> 686 -> 630 -> 517 -> 344)
345 910374 (11 -> 125 -> 540 -> 442 -> 686 -> 630 -> 517 -> 828 -> 31 -> 345)
346 818327 (11 -> 125 -> 831 -> 754 -> 530 -> 498 -> 170 -> 546 -> 152 -> 346)
347 543621 (11 -> 125 -> 540 -> 841 -> 840 -> 708 -> 35 -> 758 -> 718 -> 347)
348 581920 (11 -> 125 -> 896 -> 844 -> 348)
349 898884 (11 -> 125 -> 614 -> 153 -> 372 -> 465 -> 227 -> 221 -> 349)
350 450525 (11 -> 125 -> 540 -> 944 -> 350)
351 585730 (11 -> 125 -> 540 -> 944 -> 243 -> 268 -> 422 -> 351)
352 880312 (11 -> 125 -> 540 -> 855 -> 436 -> 341 -> 613 -> 621 -> 925 -> 654 -> 890 -> 463 -> 846 -> 352)
353 681890 (11 -> 125 -> 540 -> 841 -> 840 -> 708 -> 35 -> 573 -> 653 -> 395 -> 353)
354 910540 (11 -> 125 -> 614 -> 153 -> 372 -> 465 -> 227 -> 221 -> 349 -> 354)
355 649834 (11 -> 125 -> 540 -> 841 -> 884 -> 342 -> 355)
356 511163 (11 -> 125 -> 540 -> 442 -> 686 -> 630 -> 42 -> 699 -> 824 -> 590 -> 356)
357 762000 (11 -> 125 -> 896 -> 844 -> 348 -> 103 -> 357)
358 1032003 (11 -> 125 -> 540 -> 442 -> 686 -> 818 -> 217 -> 223 -> 19 -> 14 -> 728 -> 358)
359 674582 (11 -> 386 -> 867 -> 359)
360 695797 (11 -> 125 -> 540 -> 855 -> 661 -> 360)
361 333022 (11 -> 125 -> 540 -> 532 -> 934 -> 721 -> 361)
362 399830 (11 -> 125 -> 540 -> 532 -> 934 -> 294 -> 362)
363 501155 (11 -> 125 -> 540 -> 855 -> 216 -> 563 -> 363)
364 750096 (11 -> 125 -> 540 -> 442 -> 686 -> 630 -> 42 -> 383 -> 87 -> 186 -> 750 -> 52 -> 130 -> 364)
365 567665 (11 -> 125 -> 424 -> 297 -> 285 -> 365)
366 430356 (11 -> 125 -> 540 -> 841 -> 840 -> 708 -> 366)
367 572720 (11 -> 125 -> 540 -> 442 -> 686 -> 630 -> 42 -> 383 -> 950 -> 589 -> 920 -> 367)
368 1311013 (11 -> 125 -> 614 -> 153 -> 133 -> 382 -> 550 -> 368)
369 607651 (11 -> 125 -> 424 -> 297 -> 285 -> 625 -> 369)
370 649306 (11 -> 125 -> 540 -> 442 -> 686 -> 630 -> 42 -> 383 -> 950 -> 589 -> 426 -> 924 -> 370)
371 608534 (11 -> 125 -> 540 -> 442 -> 686 -> 173 -> 214 -> 371)
372 471352 (11 -> 125 -> 614 -> 153 -> 372)
373 768281 (11 -> 125 -> 424 -> 297 -> 285 -> 740 -> 373)
374 577275 (11 -> 125 -> 540 -> 442 -> 686 -> 630 -> 42 -> 699 -> 142 -> 374)
375 690233 (11 -> 125 -> 540 -> 855 -> 436 -> 341 -> 613 -> 705 -> 12 -> 375)
376 717482 (11 -> 125 -> 540 -> 841 -> 840 -> 708 -> 366 -> 117 -> 609 -> 798 -> 267 -> 376)
377 901137 (11 -> 125 -> 540 -> 855 -> 436 -> 720 -> 444 -> 668 -> 804 -> 377)
378 682996 (11 -> 125 -> 540 -> 855 -> 436 -> 341 -> 613 -> 705 -> 387 -> 378)
379 694927 (11 -> 125 -> 540 -> 855 -> 436 -> 341 -> 613 -> 621 -> 379)
380 529325 (11 -> 125 -> 540 -> 442 -> 686 -> 630 -> 517 -> 828 -> 380)
381 716910 (11 -> 125 -> 540 -> 532 -> 934 -> 721 -> 361 -> 381)
382 529626 (11 -> 125 -> 614 -> 153 -> 133 -> 382)
383 297340 (11 -> 125 -> 540 -> 442 -> 686 -> 630 -> 42 -> 383)
384 510264 (11 -> 125 -> 540 -> 532 -> 989 -> 384)
385 717713 (11 -> 125 -> 540 -> 442 -> 686 -> 630 -> 42 -> 699 -> 142 -> 385)
386 469058 (11 -> 386)
387 649444 (11 -> 125 -> 540 -> 855 -> 436 -> 341 -> 613 -> 705 -> 387)
388 693497 (11 -> 125 -> 614 -> 153 -> 372 -> 465 -> 227 -> 388)
389 614809 (11 -> 125 -> 540 -> 442 -> 686 -> 630 -> 42 -> 383 -> 87 -> 895 -> 583 -> 313 -> 389)
390 911561 (11 -> 125 -> 540 -> 532 -> 989 -> 384 -> 68 -> 327 -> 390)
391 601372 (11 -> 125 -> 540 -> 841 -> 840 -> 708 -> 35 -> 603 -> 391)
392 673181 (11 -> 125 -> 540 -> 442 -> 686 -> 630 -> 42 -> 699 -> 986 -> 459 -> 392)
393 867380 (11 -> 125 -> 540 -> 841 -> 884 -> 342 -> 393)
394 721046 (11 -> 125 -> 831 -> 754 -> 530 -> 498 -> 394)
395 628956 (11 -> 125 -> 540 -> 841 -> 840 -> 708 -> 35 -> 573 -> 653 -> 395)
396 573191 (11 -> 125 -> 540 -> 442 -> 686 -> 173 -> 935 -> 396)
397 545986 (11 -> 125 -> 540 -> 532 -> 934 -> 721 -> 875 -> 631 -> 585 -> 397)
398 703947 (11 -> 125 -> 540 -> 532 -> 951 -> 820 -> 429 -> 398)
399 591847 (11 -> 425 -> 399)
400 578554 (11 -> 125 -> 540 -> 532 -> 951 -> 400)
401 888985 (11 -> 125 -> 540 -> 855 -> 436 -> 341 -> 613 -> 705 -> 802 -> 998 -> 401)
402 947226 (11 -> 125 -> 540 -> 442 -> 686 -> 630 -> 517 -> 222 -> 717 -> 402)
403 605963 (11 -> 125 -> 614 -> 153 -> 133 -> 862 -> 403)
404 801470 (11 -> 125 -> 540 -> 442 -> 686 -> 630 -> 517 -> 222 -> 404)
405 689983 (11 -> 125 -> 540 -> 442 -> 686 -> 457 -> 826 -> 405)
406 780784 (11 -> 125 -> 540 -> 841 -> 840 -> 708 -> 35 -> 603 -> 406)
407 471739 (11 -> 125 -> 540 -> 532 -> 934 -> 721 -> 407)
408 738129 (11 -> 425 -> 209 -> 138 -> 408)
409 870248 (11 -> 125 -> 831 -> 754 -> 530 -> 498 -> 170 -> 524 -> 409)
410 834330 (11 -> 125 -> 540 -> 442 -> 686 -> 630 -> 671 -> 410)
411 650581 (11 -> 125 -> 614 -> 229 -> 647 -> 411)
412 716652 (11 -> 125 -> 540 -> 442 -> 686 -> 630 -> 42 -> 383 -> 950 -> 589 -> 426 -> 924 -> 412)
413 656137 (11 -> 125 -> 540 -> 532 -> 934 -> 721 -> 407 -> 413)
414 704171 (11 -> 125 -> 540 -> 532 -> 934 -> 294 -> 362 -> 608 -> 414)
415 582659 (11 -> 125 -> 424 -> 297 -> 285 -> 625 -> 178 -> 415)
416 799494 (11 -> 125 -> 614 -> 229 -> 316 -> 860 -> 416)
417 935957 (11 -> 125 -> 540 -> 442 -> 686 -> 630 -> 42 -> 417)
418 532556 (11 -> 125 -> 540 -> 532 -> 934 -> 721 -> 875 -> 631 -> 418)
419 633662 (11 -> 125 -> 540 -> 532 -> 419)
420 551236 (11 -> 125 -> 424 -> 297 -> 285 -> 740 -> 420)
421 814149 (11 -> 125 -> 540 -> 841 -> 840 -> 708 -> 366 -> 834 -> 421)
422 509076 (11 -> 125 -> 540 -> 944 -> 243 -> 268 -> 422)
423 740161 (11 -> 125 -> 540 -> 532 -> 951 -> 820 -> 192 -> 423)
424 353549 (11 -> 125 -> 424)
425 421288 (11 -> 425)
426 529317 (11 -> 125 -> 540 -> 442 -> 686 -> 630 -> 42 -> 383 -> 950 -> 589 -> 426)
427 662069 (11 -> 125 -> 540 -> 442 -> 686 -> 630 -> 42 -> 383 -> 87 -> 186 -> 750 -> 659 -> 748 -> 427)
428 745349 (11 -> 125 -> 424 -> 297 -> 285 -> 625 -> 428)
429 622030 (11 -> 125 -> 540 -> 532 -> 951 -> 820 -> 429)
430 655164 (11 -> 125 -> 614 -> 153 -> 133 -> 862 -> 430)
431 607557 (11 -> 125 -> 614 -> 229 -> 647 -> 523 -> 431)
432 91084 (11 -> 125 -> 614 -> 432)
433 791864 (11 -> 125 -> 614 -> 153 -> 372 -> 465 -> 987 -> 255 -> 433)
434 656092 (11 -> 125 -> 540 -> 442 -> 686 -> 630 -> 42 -> 383 -> 87 -> 186 -> 750 -> 659 -> 748 -> 468 -> 434)
435 752671 (11 -> 125 -> 540 -> 841 -> 840 -> 708 -> 366 -> 117 -> 609 -> 486 -> 435)
436 273610 (11 -> 125 -> 540 -> 855 -> 436)
437 537577 (11 -> 125 -> 540 -> 532 -> 951 -> 437)
438 644107 (11 -> 125 -> 614 -> 432 -> 288 -> 438)
439 698131 (11 -> 125 -> 540 -> 841 -> 840 -> 708 -> 366 -> 117 -> 609 -> 798 -> 95 -> 852 -> 439)
440 737689 (11 -> 125 -> 540 -> 855 -> 759 -> 629 -> 440)
441 773955 (11 -> 125 -> 540 -> 855 -> 436 -> 720 -> 444 -> 668 -> 441)
442 180246 (11 -> 125 -> 540 -> 442)
443 692965 (11 -> 425 -> 209 -> 62 -> 615 -> 443)
444 554588 (11 -> 125 -> 540 -> 855 -> 436 -> 720 -> 444)
445 674077 (11 -> 125 -> 540 -> 944 -> 175 -> 475 -> 146 -> 445)
446 485539 (11 -> 125 -> 540 -> 442 -> 686 -> 488 -> 446)
447 628904 (11 -> 125 -> 540 -> 442 -> 686 -> 630 -> 42 -> 383 -> 950 -> 553 -> 57 -> 447)
448 807819 (11 -> 125 -> 614 -> 229 -> 647 -> 411 -> 448)
449 629310 (11 -> 125 -> 540 -> 532 -> 934 -> 294 -> 362 -> 608 -> 251 -> 449)
450 830678 (11 -> 125 -> 540 -> 442 -> 686 -> 630 -> 42 -> 383 -> 87 -> 186 -> 750 -> 659 -> 518 -> 312 -> 506 -> 638 -> 842 -> 450)
451 507395 (11 -> 125 -> 540 -> 855 -> 436 -> 341 -> 613 -> 621 -> 782 -> 451)
452 1042955 (11 -> 125 -> 424 -> 297 -> 285 -> 740 -> 420 -> 497 -> 452)
453 669583 (11 -> 425 -> 209 -> 62 -> 615 -> 29 -> 453)
454 768206 (11 -> 125 -> 540 -> 532 -> 557 -> 507 -> 454)
455 742231 (11 -> 125 -> 540 -> 442 -> 686 -> 630 -> 42 -> 383 -> 950 -> 553 -> 57 -> 833 -> 455)
456 774151 (11 -> 125 -> 540 -> 442 -> 686 -> 630 -> 42 -> 699 -> 824 -> 590 -> 878 -> 456)
457 562081 (11 -> 125 -> 540 -> 442 -> 686 -> 457)
458 608179 (11 -> 125 -> 540 -> 28 -> 667 -> 458)
459 666345 (11 -> 125 -> 540 -> 442 -> 686 -> 630 -> 42 -> 699 -> 986 -> 459)
460 486744 (11 -> 125 -> 540 -> 532 -> 934 -> 721 -> 407 -> 460)
461 675045 (11 -> 125 -> 540 -> 442 -> 686 -> 630 -> 517 -> 222 -> 948 -> 461)
462 661606 (11 -> 125 -> 540 -> 532 -> 557 -> 552 -> 556 -> 58 -> 462)
463 695893 (11 -> 125 -> 540 -> 855 -> 436 -> 341 -> 613 -> 621 -> 925 -> 654 -> 890 -> 463)
464 424795 (11 -> 125 -> 540 -> 855 -> 436 -> 464)
465 502756 (11 -> 125 -> 614 -> 153 -> 372 -> 465)
466 615659 (11 -> 125 -> 540 -> 442 -> 686 -> 818 -> 217 -> 223 -> 466)
467 827344 (11 -> 125 -> 540 -> 841 -> 840 -> 708 -> 35 -> 603 -> 679 -> 90 -> 467)
468 590847 (11 -> 125 -> 540 -> 442 -> 686 -> 630 -> 42 -> 383 -> 87 -> 186 -> 750 -> 659 -> 748 -> 468)
469 696823 (11 -> 125 -> 540 -> 442 -> 686 -> 630 -> 42 -> 383 -> 950 -> 553 -> 868 -> 91 -> 469)
470 740911 (11 -> 125 -> 540 -> 841 -> 840 -> 204 -> 470)
471 908893 (11 -> 125 -> 540 -> 855 -> 436 -> 341 -> 613 -> 705 -> 387 -> 692 -> 471)
472 775288 (11 -> 125 -> 540 -> 532 -> 557 -> 507 -> 165 -> 306 -> 472)
473 801497 (11 -> 125 -> 540 -> 442 -> 686 -> 630 -> 42 -> 383 -> 87 -> 895 -> 583 -> 228 -> 592 -> 958 -> 473)
474 751782 (11 -> 125 -> 424 -> 297 -> 285 -> 625 -> 369 -> 797 -> 474)
475 550524 (11 -> 125 -> 540 -> 944 -> 175 -> 475)
476 641730 (11 -> 125 -> 540 -> 442 -> 686 -> 173 -> 214 -> 747 -> 476)
477 1234887 (11 -> 125 -> 540 -> 442 -> 686 -> 630 -> 42 -> 383 -> 87 -> 186 -> 750 -> 52 -> 780 -> 579 -> 477)
478 730012 (11 -> 125 -> 540 -> 944 -> 161 -> 478)
479 1139855 (11 -> 125 -> 540 -> 532 -> 989 -> 99 -> 817 -> 479)
480 438150 (11 -> 125 -> 540 -> 442 -> 686 -> 630 -> 42 -> 383 -> 950 -> 589 -> 920 -> 480)
481 927681 (11 -> 125 -> 540 -> 532 -> 934 -> 294 -> 362 -> 608 -> 251 -> 449 -> 481)
482 664495 (11 -> 125 -> 540 -> 442 -> 686 -> 630 -> 42 -> 383 -> 87 -> 186 -> 750 -> 659 -> 748 -> 468 -> 482)
483 798803 (11 -> 125 -> 540 -> 532 -> 934 -> 721 -> 407 -> 869 -> 145 -> 483)
484 765845 (11 -> 125 -> 540 -> 855 -> 436 -> 341 -> 613 -> 621 -> 925 -> 654 -> 890 -> 484)
485 670460 (11 -> 425 -> 399 -> 485)
486 750865 (11 -> 125 -> 540 -> 841 -> 840 -> 708 -> 366 -> 117 -> 609 -> 486)
487 765265 (11 -> 125 -> 896 -> 844 -> 975 -> 487)
488 304701 (11 -> 125 -> 540 -> 442 -> 686 -> 488)
489 1241773 (11 -> 425 -> 209 -> 489)
490 951899 (11 -> 125 -> 540 -> 944 -> 350 -> 490)
491 379066 (11 -> 125 -> 540 -> 442 -> 686 -> 630 -> 42 -> 699 -> 491)
492 939392 (11 -> 125 -> 614 -> 229 -> 187 -> 492)
493 1174285 (11 -> 125 -> 614 -> 153 -> 133 -> 382 -> 550 -> 493)
494 680777 (11 -> 125 -> 896 -> 844 -> 348 -> 494)
495 852152 (11 -> 125 -> 540 -> 442 -> 686 -> 630 -> 517 -> 495)
496 587828 (11 -> 125 -> 831 -> 564 -> 545 -> 923 -> 496)
497 584771 (11 -> 125 -> 424 -> 297 -> 285 -> 740 -> 420 -> 497)
498 514053 (11 -> 125 -> 831 -> 754 -> 530 -> 498)
499 724786 (11 -> 125 -> 540 -> 855 -> 436 -> 341 -> 613 -> 705 -> 802 -> 499)
500 967642 (11 -> 125 -> 540 -> 855 -> 436 -> 341 -> 613 -> 621 -> 658 -> 706 -> 500)
501 512686 (11 -> 125 -> 540 -> 442 -> 686 -> 630 -> 42 -> 699 -> 824 -> 590 -> 501)
502 768643 (11 -> 125 -> 540 -> 855 -> 436 -> 720 -> 444 -> 668 -> 893 -> 80 -> 252 -> 502)
503 817898 (11 -> 125 -> 540 -> 442 -> 686 -> 630 -> 42 -> 383 -> 950 -> 589 -> 426 -> 924 -> 503)
504 690110 (11 -> 125 -> 540 -> 442 -> 686 -> 630 -> 42 -> 383 -> 87 -> 895 -> 504)
505 1254762 (11 -> 125 -> 540 -> 28 -> 667 -> 66 -> 505)
506 630465 (11 -> 125 -> 540 -> 442 -> 686 -> 630 -> 42 -> 383 -> 87 -> 186 -> 750 -> 659 -> 518 -> 312 -> 506)
507 552370 (11 -> 125 -> 540 -> 532 -> 557 -> 507)
508 728859 (11 -> 125 -> 540 -> 442 -> 686 -> 630 -> 743 -> 768 -> 508)
509 718549 (11 -> 125 -> 540 -> 532 -> 989 -> 99 -> 817 -> 509)
510 534792 (11 -> 125 -> 540 -> 442 -> 686 -> 630 -> 42 -> 699 -> 824 -> 796 -> 510)
511 597914 (11 -> 125 -> 540 -> 442 -> 686 -> 630 -> 517 -> 828 -> 723 -> 511)
512 753324 (11 -> 125 -> 614 -> 229 -> 647 -> 523 -> 512)
513 717465 (11 -> 125 -> 540 -> 855 -> 513)
514 663144 (11 -> 125 -> 540 -> 841 -> 135 -> 514)
515 925502 (11 -> 125 -> 540 -> 855 -> 436 -> 720 -> 444 -> 515)
516 641144 (11 -> 125 -> 540 -> 532 -> 934 -> 721 -> 875 -> 631 -> 585 -> 397 -> 947 -> 516)
517 467988 (11 -> 125 -> 540 -> 442 -> 686 -> 630 -> 517)
518 566825 (11 -> 125 -> 540 -> 442 -> 686 -> 630 -> 42 -> 383 -> 87 -> 186 -> 750 -> 659 -> 518)
519 721564 (11 -> 125 -> 540 -> 442 -> 686 -> 630 -> 42 -> 383 -> 87 -> 186 -> 750 -> 52 -> 130 -> 519)
520 729381 (11 -> 125 -> 540 -> 442 -> 686 -> 630 -> 42 -> 699 -> 824 -> 590 -> 356 -> 307 -> 520)
521 1077421 (11 -> 125 -> 831 -> 754 -> 530 -> 498 -> 170 -> 524 -> 521)
522 787276 (11 -> 125 -> 614 -> 229 -> 790 -> 522)
523 514577 (11 -> 125 -> 614 -> 229 -> 647 -> 523)
524 668521 (11 -> 125 -> 831 -> 754 -> 530 -> 498 -> 170 -> 524)
525 588036 (11 -> 125 -> 614 -> 153 -> 372 -> 465 -> 227 -> 525)
526 554892 (11 -> 125 -> 540 -> 442 -> 686 -> 630 -> 743 -> 526)
527 621804 (11 -> 125 -> 540 -> 442 -> 686 -> 630 -> 42 -> 383 -> 87 -> 895 -> 583 -> 527)
528 879120 (11 -> 125 -> 614 -> 229 -> 647 -> 411 -> 528)
529 717540 (11 -> 125 -> 896 -> 844 -> 975 -> 765 -> 529)
530 466079 (11 -> 125 -> 831 -> 754 -> 530)
531 728661 (11 -> 125 -> 896 -> 844 -> 975 -> 765 -> 531)
532 183332 (11 -> 125 -> 540 -> 532)
533 556736 (11 -> 125 -> 540 -> 442 -> 686 -> 77 -> 533)
534 643468 (11 -> 125 -> 424 -> 297 -> 285 -> 534)
535 814111 (11 -> 125 -> 540 -> 944 -> 243 -> 535)
536 790309 (11 -> 125 -> 540 -> 944 -> 243 -> 268 -> 422 -> 351 -> 536)
537 607438 (11 -> 125 -> 540 -> 442 -> 686 -> 630 -> 517 -> 222 -> 537)
538 801336 (11 -> 125 -> 614 -> 229 -> 316 -> 860 -> 323 -> 538)
539 816471 (11 -> 425 -> 209 -> 62 -> 539)
540 65607 (11 -> 125 -> 540)
541 895275 (11 -> 125 -> 540 -> 855 -> 436 -> 341 -> 613 -> 705 -> 387 -> 378 -> 541)
542 824820 (11 -> 125 -> 540 -> 855 -> 436 -> 341 -> 613 -> 621 -> 782 -> 451 -> 301 -> 542)
543 636943 (11 -> 125 -> 540 -> 442 -> 686 -> 818 -> 543)
544 522889 (11 -> 125 -> 540 -> 532 -> 934 -> 721 -> 407 -> 869 -> 145 -> 156 -> 544)
545 469599 (11 -> 125 -> 831 -> 564 -> 545)
546 568077 (11 -> 125 -> 831 -> 754 -> 530 -> 498 -> 170 -> 546)
547 669871 (11 -> 125 -> 614 -> 229 -> 790 -> 547)
548 608553 (11 -> 125 -> 540 -> 841 -> 840 -> 708 -> 35 -> 573 -> 548)
549 625654 (11 -> 125 -> 540 -> 532 -> 934 -> 294 -> 362 -> 608 -> 251 -> 317 -> 126 -> 549)
550 555650 (11 -> 125 -> 614 -> 153 -> 133 -> 382 -> 550)
551 834907 (11 -> 125 -> 424 -> 297 -> 285 -> 625 -> 178 -> 318 -> 551)
552 590278 (11 -> 125 -> 540 -> 532 -> 557 -> 552)
553 356502 (11 -> 125 -> 540 -> 442 -> 686 -> 630 -> 42 -> 383 -> 950 -> 553)
554 584925 (11 -> 125 -> 540 -> 532 -> 554)
555 820475 (11 -> 125 -> 540 -> 532 -> 557 -> 552 -> 556 -> 58 -> 462 -> 555)
556 647997 (11 -> 125 -> 540 -> 532 -> 557 -> 552 -> 556)
557 332070 (11 -> 125 -> 540 -> 532 -> 557)
558 1067187 (11 -> 125 -> 540 -> 442 -> 686 -> 630 -> 42 -> 699 -> 824 -> 590 -> 878 -> 271 -> 558)
559 522951 (11 -> 125 -> 896 -> 844 -> 975 -> 559)
560 1150350 (11 -> 125 -> 540 -> 855 -> 216 -> 563 -> 234 -> 8 -> 560)
561 833065 (11 -> 125 -> 540 -> 532 -> 951 -> 437 -> 561)
562 771444 (11 -> 125 -> 540 -> 442 -> 686 -> 630 -> 42 -> 383 -> 87 -> 895 -> 583 -> 527 -> 562)
563 486765 (11 -> 125 -> 540 -> 855 -> 216 -> 563)
564 468979 (11 -> 125 -> 831 -> 564)
565 610625 (11 -> 125 -> 896 -> 565)
566 671696 (11 -> 125 -> 540 -> 855 -> 436 -> 341 -> 613 -> 705 -> 802 -> 993 -> 566)
567 691344 (11 -> 125 -> 424 -> 297 -> 285 -> 365 -> 639 -> 567)
568 608846 (11 -> 125 -> 424 -> 297 -> 285 -> 625 -> 843 -> 568)
569 904408 (11 -> 125 -> 831 -> 105 -> 569)
570 620845 (11 -> 125 -> 540 -> 442 -> 686 -> 630 -> 42 -> 383 -> 950 -> 570)
571 852197 (11 -> 125 -> 896 -> 571)
572 738371 (11 -> 125 -> 540 -> 944 -> 243 -> 880 -> 572)
573 555037 (11 -> 125 -> 540 -> 841 -> 840 -> 708 -> 35 -> 573)
574 781628 (11 -> 125 -> 540 -> 855 -> 436 -> 341 -> 613 -> 621 -> 782 -> 785 -> 218 -> 713 -> 574)
575 848110 (11 -> 125 -> 540 -> 442 -> 686 -> 173 -> 935 -> 340 -> 575)
576 815509 (11 -> 125 -> 614 -> 153 -> 372 -> 576)
577 1161456 (11 -> 125 -> 540 -> 855 -> 436 -> 341 -> 613 -> 621 -> 925 -> 654 -> 890 -> 463 -> 846 -> 577)
578 765741 (11 -> 125 -> 540 -> 855 -> 436 -> 720 -> 444 -> 668 -> 578)
579 973487 (11 -> 125 -> 540 -> 442 -> 686 -> 630 -> 42 -> 383 -> 87 -> 186 -> 750 -> 52 -> 780 -> 579)
580 925272 (11 -> 125 -> 540 -> 442 -> 686 -> 630 -> 42 -> 699 -> 824 -> 590 -> 878 -> 456 -> 580)
581 1005601 (11 -> 125 -> 540 -> 442 -> 686 -> 630 -> 743 -> 757 -> 581)
582 691355 (11 -> 125 -> 831 -> 564 -> 582)
583 530149 (11 -> 125 -> 540 -> 442 -> 686 -> 630 -> 42 -> 383 -> 87 -> 895 -> 583)
584 768553 (11 -> 125 -> 540 -> 532 -> 989 -> 99 -> 817 -> 584)
585 424091 (11 -> 125 -> 540 -> 532 -> 934 -> 721 -> 875 -> 631 -> 585)
586 729709 (11 -> 125 -> 540 -> 442 -> 686 -> 173 -> 214 -> 747 -> 476 -> 586)
587 916059 (11 -> 125 -> 540 -> 442 -> 686 -> 630 -> 42 -> 383 -> 950 -> 553 -> 688 -> 587)
588 678952 (11 -> 125 -> 614 -> 229 -> 790 -> 547 -> 588)
589 328686 (11 -> 125 -> 540 -> 442 -> 686 -> 630 -> 42 -> 383 -> 950 -> 589)
590 490378 (11 -> 125 -> 540 -> 442 -> 686 -> 630 -> 42 -> 699 -> 824 -> 590)
591 978318 (11 -> 125 -> 540 -> 532 -> 989 -> 384 -> 68 -> 327 -> 591)
592 761878 (11 -> 125 -> 540 -> 442 -> 686 -> 630 -> 42 -> 383 -> 87 -> 895 -> 583 -> 228 -> 592)
593 522313 (11 -> 125 -> 540 -> 442 -> 686 -> 488 -> 446 -> 593)
594 745694 (11 -> 125 -> 540 -> 841 -> 840 -> 708 -> 35 -> 758 -> 718 -> 664 -> 594)
595 541076 (11 -> 125 -> 540 -> 442 -> 686 -> 630 -> 42 -> 699 -> 824 -> 595)
596 774373 (11 -> 125 -> 424 -> 297 -> 285 -> 740 -> 373 -> 596)
597 1001338 (11 -> 125 -> 540 -> 532 -> 934 -> 294 -> 362 -> 608 -> 251 -> 449 -> 179 -> 597)
598 555232 (11 -> 125 -> 540 -> 532 -> 989 -> 384 -> 148 -> 598)
599 442573 (11 -> 125 -> 831 -> 599)
600 787087 (11 -> 125 -> 540 -> 532 -> 934 -> 721 -> 407 -> 963 -> 766 -> 600)
601 859531 (11 -> 125 -> 540 -> 442 -> 686 -> 173 -> 214 -> 236 -> 601)
602 696709 (11 -> 125 -> 540 -> 532 -> 951 -> 820 -> 284 -> 602)
603 458890 (11 -> 125 -> 540 -> 841 -> 840 -> 708 -> 35 -> 603)
604 752299 (11 -> 125 -> 540 -> 855 -> 436 -> 341 -> 613 -> 621 -> 925 -> 654 -> 890 -> 463 -> 604)
605 814921 (11 -> 125 -> 831 -> 105 -> 974 -> 605)
606 650297 (11 -> 125 -> 831 -> 564 -> 545 -> 923 -> 606)
607 982458 (11 -> 125 -> 540 -> 532 -> 554 -> 155 -> 607)
608 413703 (11 -> 125 -> 540 -> 532 -> 934 -> 294 -> 362 -> 608)
609 552359 (11 -> 125 -> 540 -> 841 -> 840 -> 708 -> 366 -> 117 -> 609)
610 561728 (11 -> 125 -> 540 -> 841 -> 840 -> 708 -> 366 -> 117 -> 609 -> 610)
611 750332 (11 -> 125 -> 896 -> 844 -> 975 -> 559 -> 120 -> 611)
612 702196 (11 -> 125 -> 540 -> 855 -> 436 -> 341 -> 612)
613 397015 (11 -> 125 -> 540 -> 855 -> 436 -> 341 -> 613)
614 82691 (11 -> 125 -> 614)
615 611834 (11 -> 425 -> 209 -> 62 -> 615)
616 861296 (11 -> 125 -> 540 -> 442 -> 686 -> 630 -> 42 -> 383 -> 87 -> 186 -> 189 -> 225 -> 616)
617 609736 (11 -> 125 -> 540 -> 855 -> 436 -> 341 -> 613 -> 705 -> 802 -> 10 -> 617)
618 746154 (11 -> 125 -> 540 -> 532 -> 989 -> 99 -> 817 -> 618)
619 725554 (11 -> 125 -> 540 -> 442 -> 686 -> 173 -> 214 -> 747 -> 476 -> 619)
620 1001119 (11 -> 125 -> 540 -> 442 -> 686 -> 173 -> 214 -> 747 -> 137 -> 620)
621 397476 (11 -> 125 -> 540 -> 855 -> 436 -> 341 -> 613 -> 621)
622 775836 (11 -> 125 -> 540 -> 532 -> 951 -> 820 -> 192 -> 423 -> 622)
623 897074 (11 -> 125 -> 614 -> 153 -> 372 -> 465 -> 227 -> 525 -> 18 -> 623)
624 752427 (11 -> 125 -> 540 -> 855 -> 436 -> 341 -> 613 -> 621 -> 925 -> 290 -> 988 -> 624)
625 548086 (11 -> 125 -> 424 -> 297 -> 285 -> 625)
626 825297 (11 -> 125 -> 540 -> 442 -> 686 -> 77 -> 533 -> 626)
627 781164 (11 -> 125 -> 831 -> 754 -> 530 -> 498 -> 170 -> 524 -> 885 -> 627)
628 816555 (11 -> 125 -> 831 -> 754 -> 530 -> 498 -> 170 -> 546 -> 152 -> 628)
629 558457 (11 -> 125 -> 540 -> 855 -> 759 -> 629)
630 264124 (11 -> 125 -> 540 -> 442 -> 686 -> 630)
631 421206 (11 -> 125 -> 540 -> 532 -> 934 -> 721 -> 875 -> 631)
632 555755 (11 -> 125 -> 540 -> 944 -> 161 -> 632)
633 919218 (11 -> 125 -> 831 -> 754 -> 530 -> 498 -> 170 -> 524 -> 409 -> 633)
634 1222115 (11 -> 125 -> 614 -> 153 -> 810 -> 910 -> 634)
635 1315484 (11 -> 125 -> 540 -> 442 -> 686 -> 630 -> 42 -> 699 -> 824 -> 590 -> 501 -> 15 -> 635)
636 371700 (11 -> 125 -> 540 -> 532 -> 989 -> 636)
637 841103 (11 -> 125 -> 540 -> 442 -> 686 -> 630 -> 42 -> 699 -> 824 -> 590 -> 501 -> 637)
638 715457 (11 -> 125 -> 540 -> 442 -> 686 -> 630 -> 42 -> 383 -> 87 -> 186 -> 750 -> 659 -> 518 -> 312 -> 506 -> 638)
639 575878 (11 -> 125 -> 424 -> 297 -> 285 -> 365 -> 639)
640 851856 (11 -> 125 -> 540 -> 442 -> 686 -> 630 -> 42 -> 383 -> 87 -> 895 -> 583 -> 527 -> 562 -> 640)
641 606759 (11 -> 125 -> 614 -> 961 -> 641)
642 641256 (11 -> 125 -> 540 -> 532 -> 934 -> 721 -> 875 -> 631 -> 585 -> 397 -> 947 -> 642)
643 824796 (11 -> 125 -> 540 -> 442 -> 686 -> 630 -> 42 -> 383 -> 87 -> 186 -> 750 -> 52 -> 130 -> 364 -> 643)
644 575391 (11 -> 125 -> 540 -> 841 -> 840 -> 708 -> 366 -> 117 -> 609 -> 610 -> 644)
645 668743 (11 -> 125 -> 540 -> 944 -> 645)
646 659292 (11 -> 125 -> 540 -> 442 -> 686 -> 630 -> 517 -> 222 -> 646)
647 212772 (11 -> 125 -> 614 -> 229 -> 647)
648 730708 (11 -> 125 -> 540 -> 841 -> 840 -> 648)
649 799766 (11 -> 125 -> 540 -> 442 -> 686 -> 630 -> 42 -> 383 -> 950 -> 553 -> 649)
650 796856 (11 -> 125 -> 540 -> 442 -> 686 -> 630 -> 42 -> 383 -> 950 -> 589 -> 426 -> 154 -> 650)
651 601772 (11 -> 125 -> 540 -> 841 -> 840 -> 708 -> 35 -> 573 -> 651)
652 976894 (11 -> 125 -> 540 -> 442 -> 686 -> 630 -> 42 -> 383 -> 87 -> 186 -> 750 -> 52 -> 130 -> 519 -> 922 -> 652)
653 581600 (11 -> 125 -> 540 -> 841 -> 840 -> 708 -> 35 -> 573 -> 653)
654 496420 (11 -> 125 -> 540 -> 855 -> 436 -> 341 -> 613 -> 621 -> 925 -> 654)
655 789680 (11 -> 125 -> 540 -> 442 -> 686 -> 173 -> 214 -> 747 -> 476 -> 655)
656 650960 (11 -> 125 -> 540 -> 841 -> 840 -> 708 -> 35 -> 758 -> 718 -> 952 -> 980 -> 656)
657 862153 (11 -> 125 -> 540 -> 442 -> 686 -> 630 -> 42 -> 699 -> 824 -> 219 -> 657)
658 822881 (11 -> 125 -> 540 -> 855 -> 436 -> 341 -> 613 -> 621 -> 658)
659 478964 (11 -> 125 -> 540 -> 442 -> 686 -> 630 -> 42 -> 383 -> 87 -> 186 -> 750 -> 659)
660 637612 (11 -> 125 -> 540 -> 442 -> 686 -> 630 -> 42 -> 383 -> 950 -> 589 -> 220 -> 660)
661 495405 (11 -> 125 -> 540 -> 855 -> 661)
662 548162 (11 -> 125 -> 540 -> 532 -> 934 -> 294 -> 362 -> 608 -> 662)
663 775021 (11 -> 125 -> 896 -> 663)
664 530239 (11 -> 125 -> 540 -> 841 -> 840 -> 708 -> 35 -> 758 -> 718 -> 664)
665 627899 (11 -> 125 -> 540 -> 442 -> 686 -> 630 -> 42 -> 383 -> 950 -> 553 -> 665)
666 573070 (11 -> 125 -> 614 -> 229 -> 316 -> 666)
667 588109 (11 -> 125 -> 540 -> 28 -> 667)
668 558539 (11 -> 125 -> 540 -> 855 -> 436 -> 720 -> 444 -> 668)
669 724841 (11 -> 125 -> 540 -> 532 -> 934 -> 721 -> 361 -> 669)
670 1066297 (11 -> 125 -> 540 -> 855 -> 436 -> 720 -> 825 -> 670)
671 620782 (11 -> 125 -> 540 -> 442 -> 686 -> 630 -> 671)
672 927173 (11 -> 125 -> 540 -> 442 -> 686 -> 630 -> 42 -> 383 -> 87 -> 186 -> 750 -> 659 -> 748 -> 468 -> 482 -> 673 -> 672)
673 762755 (11 -> 125 -> 540 -> 442 -> 686 -> 630 -> 42 -> 383 -> 87 -> 186 -> 750 -> 659 -> 748 -> 468 -> 482 -> 673)
674 816801 (11 -> 425 -> 209 -> 62 -> 615 -> 29 -> 453 -> 674)
675 780295 (11 -> 125 -> 896 -> 565 -> 675)
676 641788 (11 -> 125 -> 540 -> 944 -> 175 -> 329 -> 676)
677 788531 (11 -> 125 -> 540 -> 532 -> 951 -> 820 -> 284 -> 677)
678 964530 (11 -> 125 -> 540 -> 532 -> 934 -> 721 -> 777 -> 678)
679 683761 (11 -> 125 -> 540 -> 841 -> 840 -> 708 -> 35 -> 603 -> 679)
680 774590 (11 -> 125 -> 540 -> 442 -> 686 -> 818 -> 217 -> 945 -> 972 -> 680)
681 838688 (11 -> 425 -> 209 -> 62 -> 615 -> 29 -> 453 -> 674 -> 681)
682 616717 (11 -> 125 -> 614 -> 229 -> 682)
683 762554 (11 -> 125 -> 540 -> 532 -> 989 -> 636 -> 25 -> 683)
684 884041 (11 -> 125 -> 540 -> 442 -> 686 -> 630 -> 42 -> 383 -> 950 -> 553 -> 684)
685 572386 (11 -> 125 -> 540 -> 442 -> 686 -> 630 -> 42 -> 383 -> 87 -> 186 -> 750 -> 52 -> 130 -> 685)
686 203983 (11 -> 125 -> 540 -> 442 -> 686)
687 661995 (11 -> 125 -> 540 -> 841 -> 840 -> 708 -> 366 -> 117 -> 609 -> 610 -> 644 -> 812 -> 687)
688 653624 (11 -> 125 -> 540 -> 442 -> 686 -> 630 -> 42 -> 383 -> 950 -> 553 -> 688)
689 1140124 (11 -> 125 -> 540 -> 855 -> 436 -> 341 -> 613 -> 705 -> 802 -> 998 -> 689)
690 611670 (11 -> 125 -> 896 -> 690)
691 535636 (11 -> 125 -> 540 -> 855 -> 216 -> 563 -> 363 -> 691)
692 678674 (11 -> 125 -> 540 -> 855 -> 436 -> 341 -> 613 -> 705 -> 387 -> 692)
693 914655 (11 -> 125 -> 540 -> 855 -> 436 -> 341 -> 613 -> 621 -> 782 -> 785 -> 218 -> 713 -> 693)
694 1039368 (11 -> 125 -> 614 -> 432 -> 288 -> 438 -> 830 -> 694)
695 601747 (11 -> 125 -> 540 -> 442 -> 686 -> 630 -> 517 -> 828 -> 835 -> 695)
696 701544 (11 -> 125 -> 831 -> 105 -> 974 -> 696)
697 947054 (11 -> 125 -> 540 -> 855 -> 436 -> 341 -> 613 -> 621 -> 925 -> 966 -> 735 -> 697)
698 927959 (11 -> 125 -> 540 -> 944 -> 175 -> 329 -> 676 -> 698)
699 297788 (11 -> 125 -> 540 -> 442 -> 686 -> 630 -> 42 -> 699)
700 807812 (11 -> 125 -> 540 -> 855 -> 661 -> 700)
701 623682 (11 -> 125 -> 540 -> 442 -> 686 -> 630 -> 42 -> 699 -> 142 -> 374 -> 701)
702 978671 (11 -> 125 -> 540 -> 841 -> 840 -> 708 -> 249 -> 44 -> 702)
703 582729 (11 -> 125 -> 540 -> 532 -> 934 -> 721 -> 875 -> 703)
704 837644 (11 -> 125 -> 540 -> 532 -> 951 -> 820 -> 284 -> 296 -> 54 -> 967 -> 704)
705 462741 (11 -> 125 -> 540 -> 855 -> 436 -> 341 -> 613 -> 705)
706 880053 (11 -> 125 -> 540 -> 855 -> 436 -> 341 -> 613 -> 621 -> 658 -> 706)
707 860457 (11 -> 125 -> 614 -> 153 -> 372 -> 465 -> 227 -> 525 -> 32 -> 707)
708 389968 (11 -> 125 -> 540 -> 841 -> 840 -> 708)
709 869751 (11 -> 125 -> 540 -> 442 -> 686 -> 173 -> 935 -> 340 -> 575 -> 709)
710 607642 (11 -> 125 -> 540 -> 442 -> 686 -> 818 -> 217 -> 945 -> 710)
711 753840 (11 -> 125 -> 896 -> 844 -> 348 -> 711)
712 674370 (11 -> 125 -> 831 -> 564 -> 545 -> 712)
713 759909 (11 -> 125 -> 540 -> 855 -> 436 -> 341 -> 613 -> 621 -> 782 -> 785 -> 218 -> 713)
714 606966 (11 -> 125 -> 540 -> 855 -> 714)
715 639186 (11 -> 125 -> 540 -> 442 -> 686 -> 818 -> 217 -> 945 -> 715)
716 765182 (11 -> 125 -> 540 -> 532 -> 951 -> 400 -> 805 -> 716)
717 873788 (11 -> 125 -> 540 -> 442 -> 686 -> 630 -> 517 -> 222 -> 717)
718 501916 (11 -> 125 -> 540 -> 841 -> 840 -> 708 -> 35 -> 758 -> 718)
719 800321 (11 -> 125 -> 540 -> 532 -> 934 -> 294 -> 362 -> 608 -> 251 -> 317 -> 126 -> 719)
720 356114 (11 -> 125 -> 540 -> 855 -> 436 -> 720)
721 332189 (11 -> 125 -> 540 -> 532 -> 934 -> 721)
722 666462 (11 -> 125 -> 896 -> 844 -> 975 -> 559 -> 120 -> 905 -> 722)
723 583675 (11 -> 125 -> 540 -> 442 -> 686 -> 630 -> 517 -> 828 -> 723)
724 808839 (11 -> 125 -> 540 -> 532 -> 934 -> 721 -> 407 -> 869 -> 145 -> 156 -> 724)
725 592237 (11 -> 125 -> 540 -> 442 -> 686 -> 630 -> 42 -> 383 -> 87 -> 186 -> 281 -> 738 -> 725)
726 736907 (11 -> 125 -> 540 -> 855 -> 436 -> 720 -> 444 -> 668 -> 893 -> 80 -> 213 -> 726)
727 995171 (11 -> 125 -> 540 -> 841 -> 840 -> 708 -> 35 -> 758 -> 245 -> 823 -> 727)
728 958971 (11 -> 125 -> 540 -> 442 -> 686 -> 818 -> 217 -> 223 -> 19 -> 14 -> 728)
729 677910 (11 -> 125 -> 614 -> 153 -> 133 -> 862 -> 729)
730 617768 (11 -> 125 -> 540 -> 442 -> 686 -> 630 -> 42 -> 383 -> 87 -> 186 -> 750 -> 659 -> 518 -> 730)
731 1010936 (11 -> 125 -> 614 -> 229 -> 187 -> 731)
732 577341 (11 -> 125 -> 540 -> 442 -> 686 -> 630 -> 42 -> 699 -> 824 -> 796 -> 732)
733 723333 (11 -> 125 -> 540 -> 442 -> 686 -> 630 -> 42 -> 699 -> 824 -> 763 -> 246 -> 733)
734 838257 (11 -> 125 -> 540 -> 17 -> 174 -> 38 -> 734)
735 825745 (11 -> 125 -> 540 -> 855 -> 436 -> 341 -> 613 -> 621 -> 925 -> 966 -> 735)
736 730205 (11 -> 125 -> 614 -> 153 -> 372 -> 465 -> 227 -> 525 -> 18 -> 72 -> 736)
737 614309 (11 -> 125 -> 831 -> 564 -> 545 -> 737)
738 560430 (11 -> 125 -> 540 -> 442 -> 686 -> 630 -> 42 -> 383 -> 87 -> 186 -> 281 -> 738)
739 694720 (11 -> 125 -> 540 -> 442 -> 686 -> 630 -> 42 -> 383 -> 87 -> 186 -> 750 -> 52 -> 130 -> 739)
740 541838 (11 -> 125 -> 424 -> 297 -> 285 -> 740)
741 925204 (11 -> 125 -> 540 -> 841 -> 840 -> 708 -> 35 -> 758 -> 981 -> 741)
742 809755 (11 -> 125 -> 540 -> 442 -> 686 -> 630 -> 42 -> 383 -> 87 -> 186 -> 750 -> 52 -> 130 -> 742)
743 411482 (11 -> 125 -> 540 -> 442 -> 686 -> 630 -> 743)
744 929864 (11 -> 125 -> 540 -> 532 -> 557 -> 507 -> 165 -> 306 -> 744)
745 662961 (11 -> 125 -> 540 -> 28 -> 667 -> 458 -> 745)
746 842522 (11 -> 125 -> 614 -> 229 -> 647 -> 523 -> 431 -> 746)
747 562605 (11 -> 125 -> 540 -> 442 -> 686 -> 173 -> 214 -> 747)
748 580853 (11 -> 125 -> 540 -> 442 -> 686 -> 630 -> 42 -> 383 -> 87 -> 186 -> 750 -> 659 -> 748)
749 661540 (11 -> 125 -> 540 -> 532 -> 989 -> 636 -> 749)
750 470742 (11 -> 125 -> 540 -> 442 -> 686 -> 630 -> 42 -> 383 -> 87 -> 186 -> 750)
751 977534 (11 -> 125 -> 540 -> 855 -> 436 -> 341 -> 613 -> 621 -> 782 -> 451 -> 301 -> 991 -> 751)
752 828507 (11 -> 125 -> 540 -> 442 -> 686 -> 630 -> 42 -> 383 -> 87 -> 186 -> 750 -> 52 -> 130 -> 742 -> 752)
753 656458 (11 -> 125 -> 614 -> 153 -> 755 -> 850 -> 753)
754 430496 (11 -> 125 -> 831 -> 754)
755 400665 (11 -> 125 -> 614 -> 153 -> 755)
756 549804 (11 -> 125 -> 540 -> 442 -> 686 -> 818 -> 217 -> 756)
757 660934 (11 -> 125 -> 540 -> 442 -> 686 -> 630 -> 743 -> 757)
758 422929 (11 -> 125 -> 540 -> 841 -> 840 -> 708 -> 35 -> 758)
759 480211 (11 -> 125 -> 540 -> 855 -> 759)
760 974853 (11 -> 125 -> 614 -> 153 -> 372 -> 465 -> 227 -> 525 -> 18 -> 623 -> 760)
761 882204 (11 -> 125 -> 614 -> 229 -> 790 -> 522 -> 761)
762 769556 (11 -> 125 -> 762)
763 557371 (11 -> 125 -> 540 -> 442 -> 686 -> 630 -> 42 -> 699 -> 824 -> 763)
764 618687 (11 -> 125 -> 540 -> 532 -> 934 -> 721 -> 875 -> 631 -> 585 -> 397 -> 947 -> 764)
765 689786 (11 -> 125 -> 896 -> 844 -> 975 -> 765)
766 582998 (11 -> 125 -> 540 -> 532 -> 934 -> 721 -> 407 -> 963 -> 766)
767 806261 (11 -> 125 -> 540 -> 442 -> 686 -> 630 -> 42 -> 383 -> 87 -> 186 -> 750 -> 659 -> 748 -> 468 -> 434 -> 767)
768 513899 (11 -> 125 -> 540 -> 442 -> 686 -> 630 -> 743 -> 768)
769 629004 (11 -> 125 -> 614 -> 153 -> 769)
770 787400 (11 -> 125 -> 540 -> 532 -> 951 -> 820 -> 192 -> 423 -> 622 -> 770)
771 657072 (11 -> 125 -> 540 -> 532 -> 934 -> 294 -> 362 -> 147 -> 771)
772 644007 (11 -> 125 -> 540 -> 841 -> 840 -> 708 -> 366 -> 117 -> 609 -> 610 -> 644 -> 772)
773 633306 (11 -> 425 -> 209 -> 62 -> 615 -> 773)
774 993287 (11 -> 125 -> 614 -> 229 -> 682 -> 774)
775 879178 (11 -> 125 -> 540 -> 442 -> 686 -> 630 -> 42 -> 383 -> 950 -> 589 -> 426 -> 154 -> 650 -> 775)
776 867870 (11 -> 125 -> 540 -> 841 -> 840 -> 708 -> 35 -> 573 -> 653 -> 776)
777 811474 (11 -> 125 -> 540 -> 532 -> 934 -> 721 -> 777)
778 700166 (11 -> 125 -> 540 -> 442 -> 686 -> 630 -> 42 -> 383 -> 950 -> 589 -> 920 -> 480 -> 778)
779 783350 (11 -> 125 -> 540 -> 532 -> 934 -> 721 -> 875 -> 779)
780 758812 (11 -> 125 -> 540 -> 442 -> 686 -> 630 -> 42 -> 383 -> 87 -> 186 -> 750 -> 52 -> 780)
781 659893 (11 -> 125 -> 424 -> 297 -> 285 -> 740 -> 781)
782 474761 (11 -> 125 -> 540 -> 855 -> 436 -> 341 -> 613 -> 621 -> 782)
783 631671 (11 -> 125 -> 540 -> 442 -> 686 -> 818 -> 217 -> 756 -> 783)
784 1050321 (11 -> 125 -> 540 -> 442 -> 686 -> 77 -> 253 -> 892 -> 260 -> 784)
785 529480 (11 -> 125 -> 540 -> 855 -> 436 -> 341 -> 613 -> 621 -> 782 -> 785)
786 953690 (11 -> 125 -> 540 -> 532 -> 557 -> 552 -> 556 -> 58 -> 786)
787 862630 (11 -> 125 -> 540 -> 944 -> 243 -> 535 -> 787)
788 868638 (11 -> 125 -> 540 -> 532 -> 0 -> 788)
789 852447 (11 -> 125 -> 831 -> 754 -> 530 -> 498 -> 170 -> 546 -> 152 -> 628 -> 789)
790 551323 (11 -> 125 -> 614 -> 229 -> 790)
791 652331 (11 -> 125 -> 540 -> 532 -> 791)
792 781285 (11 -> 125 -> 614 -> 229 -> 647 -> 523 -> 792)
793 758283 (11 -> 125 -> 540 -> 841 -> 840 -> 708 -> 366 -> 117 -> 609 -> 610 -> 644 -> 812 -> 687 -> 793)
794 654180 (11 -> 125 -> 540 -> 532 -> 951 -> 820 -> 429 -> 794)
795 572196 (11 -> 125 -> 540 -> 532 -> 934 -> 721 -> 875 -> 631 -> 795)
796 440905 (11 -> 125 -> 540 -> 442 -> 686 -> 630 -> 42 -> 699 -> 824 -> 796)
797 650058 (11 -> 125 -> 424 -> 297 -> 285 -> 625 -> 369 -> 797)
798 558451 (11 -> 125 -> 540 -> 841 -> 840 -> 708 -> 366 -> 117 -> 609 -> 798)
799 902095 (11 -> 125 -> 540 -> 442 -> 686 -> 630 -> 42 -> 383 -> 87 -> 186 -> 750 -> 659 -> 748 -> 468 -> 482 -> 799)
800 1153718 (11 -> 125 -> 540 -> 855 -> 436 -> 341 -> 613 -> 705 -> 802 -> 993 -> 566 -> 800)
801 716089 (11 -> 125 -> 540 -> 855 -> 216 -> 563 -> 363 -> 250 -> 801)
802 511862 (11 -> 125 -> 540 -> 855 -> 436 -> 341 -> 613 -> 705 -> 802)
803 1072909 (11 -> 125 -> 540 -> 532 -> 934 -> 294 -> 362 -> 608 -> 803)
804 822054 (11 -> 125 -> 540 -> 855 -> 436 -> 720 -> 444 -> 668 -> 804)
805 627307 (11 -> 125 -> 540 -> 532 -> 951 -> 400 -> 805)
806 1021736 (11 -> 125 -> 540 -> 532 -> 951 -> 437 -> 806)
807 950713 (11 -> 125 -> 540 -> 442 -> 686 -> 630 -> 42 -> 699 -> 824 -> 590 -> 878 -> 807)
808 704506 (11 -> 125 -> 540 -> 855 -> 436 -> 720 -> 444 -> 668 -> 893 -> 808)
809 807215 (11 -> 125 -> 540 -> 532 -> 934 -> 294 -> 362 -> 608 -> 809)
810 611766 (11 -> 125 -> 614 -> 153 -> 810)
811 1268198 (11 -> 125 -> 540 -> 442 -> 686 -> 630 -> 42 -> 383 -> 950 -> 589 -> 811)
812 592972 (11 -> 125 -> 540 -> 841 -> 840 -> 708 -> 366 -> 117 -> 609 -> 610 -> 644 -> 812)
813 816717 (11 -> 125 -> 540 -> 532 -> 934 -> 721 -> 407 -> 460 -> 984 -> 813)
814 845132 (11 -> 125 -> 540 -> 28 -> 667 -> 814)
815 826410 (11 -> 125 -> 614 -> 153 -> 372 -> 465 -> 987 -> 255 -> 433 -> 815)
816 786841 (11 -> 125 -> 614 -> 229 -> 316 -> 162 -> 816)
817 702087 (11 -> 125 -> 540 -> 532 -> 989 -> 99 -> 817)
818 433130 (11 -> 125 -> 540 -> 442 -> 686 -> 818)
819 770823 (11 -> 125 -> 540 -> 855 -> 436 -> 720 -> 819)
820 434413 (11 -> 125 -> 540 -> 532 -> 951 -> 820)
821 725326 (11 -> 125 -> 821)
822 909143 (11 -> 125 -> 614 -> 432 -> 288 -> 438 -> 822)
823 651208 (11 -> 125 -> 540 -> 841 -> 840 -> 708 -> 35 -> 758 -> 245 -> 823)
824 355965 (11 -> 125 -> 540 -> 442 -> 686 -> 630 -> 42 -> 699 -> 824)
825 536022 (11 -> 125 -> 540 -> 855 -> 436 -> 720 -> 825)
826 649719 (11 -> 125 -> 540 -> 442 -> 686 -> 457 -> 826)
827 575092 (11 -> 125 -> 614 -> 919 -> 827)
828 488807 (11 -> 125 -> 540 -> 442 -> 686 -> 630 -> 517 -> 828)
829 861670 (11 -> 829)
830 727906 (11 -> 125 -> 614 -> 432 -> 288 -> 438 -> 830)
831 160487 (11 -> 125 -> 831)
832 868879 (11 -> 425 -> 209 -> 62 -> 954 -> 832)
833 568904 (11 -> 125 -> 540 -> 442 -> 686 -> 630 -> 42 -> 383 -> 950 -> 553 -> 57 -> 833)
834 693770 (11 -> 125 -> 540 -> 841 -> 840 -> 708 -> 366 -> 834)
835 554001 (11 -> 125 -> 540 -> 442 -> 686 -> 630 -> 517 -> 828 -> 835)
836 832406 (11 -> 125 -> 540 -> 442 -> 686 -> 630 -> 743 -> 167 -> 836)
837 566575 (11 -> 125 -> 614 -> 153 -> 372 -> 465 -> 837)
838 973597 (11 -> 125 -> 540 -> 442 -> 686 -> 630 -> 42 -> 383 -> 87 -> 186 -> 750 -> 659 -> 518 -> 312 -> 506 -> 849 -> 200 -> 838)
839 588044 (11 -> 125 -> 540 -> 532 -> 934 -> 721 -> 407 -> 839)
840 387727 (11 -> 125 -> 540 -> 841 -> 840)
841 248008 (11 -> 125 -> 540 -> 841)
842 782820 (11 -> 125 -> 540 -> 442 -> 686 -> 630 -> 42 -> 383 -> 87 -> 186 -> 750 -> 659 -> 518 -> 312 -> 506 -> 638 -> 842)
843 587296 (11 -> 125 -> 424 -> 297 -> 285 -> 625 -> 843)
844 466685 (11 -> 125 -> 896 -> 844)
845 762694 (11 -> 125 -> 896 -> 844 -> 348 -> 711 -> 845)
846 704375 (11 -> 125 -> 540 -> 855 -> 436 -> 341 -> 613 -> 621 -> 925 -> 654 -> 890 -> 463 -> 846)
847 568135 (11 -> 125 -> 540 -> 442 -> 686 -> 630 -> 42 -> 699 -> 824 -> 796 -> 847)
848 849924 (11 -> 125 -> 540 -> 442 -> 686 -> 630 -> 517 -> 344 -> 848)
849 725427 (11 -> 125 -> 540 -> 442 -> 686 -> 630 -> 42 -> 383 -> 87 -> 186 -> 750 -> 659 -> 518 -> 312 -> 506 -> 849)
850 652586 (11 -> 125 -> 614 -> 153 -> 755 -> 850)
851 758716 (11 -> 125 -> 424 -> 297 -> 285 -> 740 -> 851)
852 657244 (11 -> 125 -> 540 -> 841 -> 840 -> 708 -> 366 -> 117 -> 609 -> 798 -> 95 -> 852)
853 1084669 (11 -> 125 -> 614 -> 229 -> 316 -> 860 -> 853)
854 839549 (11 -> 125 -> 540 -> 532 -> 951 -> 820 -> 284 -> 677 -> 854)
855 234097 (11 -> 125 -> 540 -> 855)
856 484337 (11 -> 125 -> 540 -> 841 -> 840 -> 708 -> 35 -> 758 -> 856)
857 823441 (11 -> 125 -> 540 -> 944 -> 243 -> 268 -> 422 -> 351 -> 857)
858 894634 (11 -> 125 -> 540 -> 442 -> 686 -> 818 -> 217 -> 756 -> 858)
859 741145 (11 -> 125 -> 540 -> 442 -> 686 -> 77 -> 253 -> 859)
860 540795 (11 -> 125 -> 614 -> 229 -> 316 -> 860)
861 822889 (11 -> 125 -> 614 -> 153 -> 755 -> 59 -> 224 -> 861)
862 529732 (11 -> 125 -> 614 -> 153 -> 133 -> 862)
863 549873 (11 -> 125 -> 614 -> 229 -> 904 -> 863)
864 881597 (11 -> 125 -> 540 -> 442 -> 686 -> 630 -> 743 -> 864)
865 895249 (11 -> 125 -> 540 -> 442 -> 686 -> 630 -> 42 -> 383 -> 87 -> 895 -> 583 -> 527 -> 562 -> 640 -> 865)
866 705334 (11 -> 125 -> 540 -> 532 -> 934 -> 721 -> 407 -> 869 -> 866)
867 610737 (11 -> 386 -> 867)
868 601298 (11 -> 125 -> 540 -> 442 -> 686 -> 630 -> 42 -> 383 -> 950 -> 553 -> 868)
869 477671 (11 -> 125 -> 540 -> 532 -> 934 -> 721 -> 407 -> 869)
870 792909 (11 -> 125 -> 896 -> 844 -> 975 -> 765 -> 870)
871 694476 (11 -> 425 -> 209 -> 62 -> 615 -> 443 -> 871)
872 748888 (11 -> 125 -> 540 -> 944 -> 243 -> 268 -> 422 -> 872)
873 939499 (11 -> 125 -> 540 -> 841 -> 840 -> 708 -> 366 -> 834 -> 421 -> 873)
874 855608 (11 -> 125 -> 614 -> 229 -> 904 -> 293 -> 874)
875 379038 (11 -> 125 -> 540 -> 532 -> 934 -> 721 -> 875)
876 618042 (11 -> 125 -> 614 -> 229 -> 790 -> 876)
877 639988 (11 -> 125 -> 614 -> 229 -> 682 -> 877)
878 529429 (11 -> 125 -> 540 -> 442 -> 686 -> 630 -> 42 -> 699 -> 824 -> 590 -> 878)
879 732896 (11 -> 125 -> 540 -> 442 -> 686 -> 630 -> 517 -> 828 -> 723 -> 511 -> 879)
880 588748 (11 -> 125 -> 540 -> 944 -> 243 -> 880)
881 559481 (11 -> 125 -> 614 -> 153 -> 755 -> 881)
882 730507 (11 -> 125 -> 540 -> 841 -> 840 -> 708 -> 366 -> 117 -> 609 -> 610 -> 644 -> 812 -> 687 -> 882)
883 695431 (11 -> 125 -> 540 -> 442 -> 686 -> 630 -> 883)
884 594811 (11 -> 125 -> 540 -> 841 -> 884)
885 703613 (11 -> 125 -> 831 -> 754 -> 530 -> 498 -> 170 -> 524 -> 885)
886 670598 (11 -> 125 -> 614 -> 919 -> 992 -> 886)
887 888802 (11 -> 125 -> 540 -> 442 -> 686 -> 630 -> 42 -> 383 -> 87 -> 186 -> 750 -> 52 -> 130 -> 364 -> 643 -> 887)
888 1014837 (11 -> 125 -> 540 -> 841 -> 840 -> 648 -> 888)
889 1052905 (11 -> 125 -> 540 -> 442 -> 686 -> 630 -> 42 -> 383 -> 87 -> 895 -> 583 -> 889)
890 541973 (11 -> 125 -> 540 -> 855 -> 436 -> 341 -> 613 -> 621 -> 925 -> 654 -> 890)
891 801104 (11 -> 125 -> 540 -> 532 -> 934 -> 721 -> 361 -> 938 -> 891)
892 754611 (11 -> 125 -> 540 -> 442 -> 686 -> 77 -> 253 -> 892)
893 590245 (11 -> 125 -> 540 -> 855 -> 436 -> 720 -> 444 -> 668 -> 893)
894 768434 (11 -> 125 -> 540 -> 532 -> 934 -> 294 -> 362 -> 608 -> 251 -> 317 -> 894)
895 433694 (11 -> 125 -> 540 -> 442 -> 686 -> 630 -> 42 -> 383 -> 87 -> 895)
896 160307 (11 -> 125 -> 896)
897 927581 (11 -> 125 -> 540 -> 442 -> 686 -> 630 -> 883 -> 900 -> 897)
898 545873 (11 -> 125 -> 540 -> 442 -> 686 -> 173 -> 898)
899 598181 (11 -> 425 -> 209 -> 138 -> 899)
900 751551 (11 -> 125 -> 540 -> 442 -> 686 -> 630 -> 883 -> 900)
901 786578 (11 -> 125 -> 540 -> 442 -> 686 -> 630 -> 42 -> 699 -> 824 -> 595 -> 901)
902 555387 (11 -> 125 -> 540 -> 532 -> 934 -> 721 -> 407 -> 869 -> 145 -> 156 -> 902)
903 756747 (11 -> 125 -> 540 -> 442 -> 686 -> 630 -> 517 -> 828 -> 723 -> 511 -> 903)
904 479039 (11 -> 125 -> 614 -> 229 -> 904)
905 629934 (11 -> 125 -> 896 -> 844 -> 975 -> 559 -> 120 -> 905)
906 631919 (11 -> 125 -> 831 -> 564 -> 545 -> 923 -> 906)
907 709755 (11 -> 125 -> 896 -> 844 -> 975 -> 765 -> 907)
908 881515 (11 -> 125 -> 540 -> 532 -> 989 -> 636 -> 749 -> 908)
909 586161 (11 -> 125 -> 540 -> 944 -> 243 -> 268 -> 422 -> 351 -> 909)
910 688544 (11 -> 125 -> 614 -> 153 -> 810 -> 910)
911 719004 (11 -> 125 -> 540 -> 442 -> 686 -> 630 -> 671 -> 310 -> 911)
912 846621 (11 -> 912)
913 754330 (11 -> 125 -> 614 -> 153 -> 913)
914 687658 (11 -> 125 -> 540 -> 855 -> 759 -> 629 -> 997 -> 914)
915 1039051 (11 -> 125 -> 614 -> 153 -> 372 -> 465 -> 987 -> 255 -> 433 -> 270 -> 915)
916 679955 (11 -> 125 -> 614 -> 153 -> 133 -> 382 -> 916)
917 595851 (11 -> 125 -> 614 -> 229 -> 917)
918 758230 (11 -> 125 -> 540 -> 442 -> 686 -> 630 -> 42 -> 699 -> 824 -> 763 -> 246 -> 733 -> 918)
919 515480 (11 -> 125 -> 614 -> 919)
920 437323 (11 -> 125 -> 540 -> 442 -> 686 -> 630 -> 42 -> 383 -> 950 -> 589 -> 920)
921 995250 (11 -> 125 -> 614 -> 229 -> 790 -> 921)
922 819900 (11 -> 125 -> 540 -> 442 -> 686 -> 630 -> 42 -> 383 -> 87 -> 186 -> 750 -> 52 -> 130 -> 519 -> 922)
923 580934 (11 -> 125 -> 831 -> 564 -> 545 -> 923)
924 573200 (11 -> 125 -> 540 -> 442 -> 686 -> 630 -> 42 -> 383 -> 950 -> 589 -> 426 -> 924)
925 427166 (11 -> 125 -> 540 -> 855 -> 436 -> 341 -> 613 -> 621 -> 925)
926 921961 (11 -> 125 -> 540 -> 532 -> 951 -> 820 -> 429 -> 398 -> 926)
927 540532 (11 -> 125 -> 540 -> 442 -> 686 -> 630 -> 517 -> 828 -> 927)
928 781774 (11 -> 125 -> 614 -> 919 -> 992 -> 928)
929 872115 (11 -> 125 -> 540 -> 532 -> 557 -> 507 -> 454 -> 194 -> 929)
930 602748 (11 -> 125 -> 424 -> 297 -> 285 -> 740 -> 930)
931 620337 (11 -> 125 -> 540 -> 841 -> 840 -> 708 -> 35 -> 603 -> 931)
932 1179862 (11 -> 125 -> 540 -> 841 -> 840 -> 708 -> 35 -> 758 -> 718 -> 952 -> 932)
933 748632 (11 -> 125 -> 540 -> 532 -> 934 -> 721 -> 407 -> 460 -> 108 -> 933)
934 284264 (11 -> 125 -> 540 -> 532 -> 934)
935 416309 (11 -> 125 -> 540 -> 442 -> 686 -> 173 -> 935)
936 1071975 (11 -> 125 -> 540 -> 855 -> 436 -> 720 -> 96 -> 936)
937 847996 (11 -> 125 -> 540 -> 442 -> 686 -> 630 -> 42 -> 699 -> 986 -> 459 -> 937)
938 644142 (11 -> 125 -> 540 -> 532 -> 934 -> 721 -> 361 -> 938)
939 1005036 (11 -> 125 -> 540 -> 442 -> 686 -> 630 -> 517 -> 828 -> 927 -> 269 -> 973 -> 939)
940 748920 (11 -> 125 -> 540 -> 442 -> 686 -> 818 -> 217 -> 940)
941 739346 (11 -> 125 -> 941)
942 817444 (11 -> 125 -> 540 -> 532 -> 934 -> 294 -> 362 -> 608 -> 251 -> 317 -> 894 -> 942)
943 701138 (11 -> 125 -> 614 -> 432 -> 288 -> 943)
944 357914 (11 -> 125 -> 540 -> 944)
945 564147 (11 -> 125 -> 540 -> 442 -> 686 -> 818 -> 217 -> 945)
946 857651 (11 -> 125 -> 540 -> 944 -> 946)
947 595007 (11 -> 125 -> 540 -> 532 -> 934 -> 721 -> 875 -> 631 -> 585 -> 397 -> 947)
948 505391 (11 -> 125 -> 540 -> 442 -> 686 -> 630 -> 517 -> 222 -> 948)
949 811340 (11 -> 125 -> 614 -> 153 -> 372 -> 465 -> 227 -> 525 -> 18 -> 72 -> 308 -> 949)
950 314156 (11 -> 125 -> 540 -> 442 -> 686 -> 630 -> 42 -> 383 -> 950)
951 210621 (11 -> 125 -> 540 -> 532 -> 951)
952 554279 (11 -> 125 -> 540 -> 841 -> 840 -> 708 -> 35 -> 758 -> 718 -> 952)
953 903040 (11 -> 125 -> 424 -> 297 -> 285 -> 625 -> 843 -> 953)
954 680835 (11 -> 425 -> 209 -> 62 -> 954)
955 807367 (11 -> 125 -> 540 -> 532 -> 934 -> 721 -> 875 -> 631 -> 795 -> 955)
956 688465 (11 -> 125 -> 540 -> 442 -> 686 -> 630 -> 42 -> 699 -> 824 -> 956)
957 626980 (11 -> 125 -> 540 -> 442 -> 686 -> 630 -> 42 -> 383 -> 950 -> 553 -> 57 -> 957)
958 766583 (11 -> 125 -> 540 -> 442 -> 686 -> 630 -> 42 -> 383 -> 87 -> 895 -> 583 -> 228 -> 592 -> 958)
959 651297 (11 -> 125 -> 540 -> 442 -> 686 -> 630 -> 42 -> 383 -> 950 -> 589 -> 920 -> 367 -> 959)
960 896286 (11 -> 125 -> 540 -> 442 -> 686 -> 818 -> 217 -> 945 -> 972 -> 680 -> 960)
961 572464 (11 -> 125 -> 614 -> 961)
962 829198 (11 -> 125 -> 540 -> 442 -> 686 -> 630 -> 517 -> 828 -> 723 -> 511 -> 118 -> 962)
963 549846 (11 -> 125 -> 540 -> 532 -> 934 -> 721 -> 407 -> 963)
964 735484 (11 -> 125 -> 540 -> 442 -> 686 -> 173 -> 214 -> 747 -> 476 -> 619 -> 964)
965 737602 (11 -> 125 -> 540 -> 532 -> 934 -> 721 -> 875 -> 631 -> 585 -> 397 -> 947 -> 642 -> 965)
966 623108 (11 -> 125 -> 540 -> 855 -> 436 -> 341 -> 613 -> 621 -> 925 -> 966)
967 780744 (11 -> 125 -> 540 -> 532 -> 951 -> 820 -> 284 -> 296 -> 54 -> 967)
968 789815 (11 -> 125 -> 540 -> 855 -> 216 -> 563 -> 968)
969 800884 (11 -> 125 -> 896 -> 844 -> 348 -> 103 -> 969)
970 548913 (11 -> 125 -> 540 -> 532 -> 934 -> 294 -> 362 -> 970)
971 840234 (11 -> 125 -> 971)
972 667995 (11 -> 125 -> 540 -> 442 -> 686 -> 818 -> 217 -> 945 -> 972)
973 700198 (11 -> 125 -> 540 -> 442 -> 686 -> 630 -> 517 -> 828 -> 927 -> 269 -> 973)
974 666990 (11 -> 125 -> 831 -> 105 -> 974)
975 505352 (11 -> 125 -> 896 -> 844 -> 975)
976 741204 (11 -> 125 -> 540 -> 532 -> 951 -> 820 -> 192 -> 976)
977 675002 (11 -> 125 -> 540 -> 944 -> 26 -> 977)
978 792266 (11 -> 125 -> 540 -> 442 -> 686 -> 630 -> 517 -> 222 -> 948 -> 990 -> 978)
979 948051 (11 -> 125 -> 540 -> 532 -> 951 -> 400 -> 805 -> 716 -> 979)
980 586336 (11 -> 125 -> 540 -> 841 -> 840 -> 708 -> 35 -> 758 -> 718 -> 952 -> 980)
981 625029 (11 -> 125 -> 540 -> 841 -> 840 -> 708 -> 35 -> 758 -> 981)
982 452156 (11 -> 125 -> 614 -> 982)
983 668418 (11 -> 125 -> 540 -> 532 -> 791 -> 983)
984 747518 (11 -> 125 -> 540 -> 532 -> 934 -> 721 -> 407 -> 460 -> 984)
985 784233 (11 -> 125 -> 540 -> 532 -> 934 -> 721 -> 875 -> 631 -> 134 -> 985)
986 575890 (11 -> 125 -> 540 -> 442 -> 686 -> 630 -> 42 -> 699 -> 986)
987 581822 (11 -> 125 -> 614 -> 153 -> 372 -> 465 -> 987)
988 638868 (11 -> 125 -> 540 -> 855 -> 436 -> 341 -> 613 -> 621 -> 925 -> 290 -> 988)
989 314097 (11 -> 125 -> 540 -> 532 -> 989)
990 507262 (11 -> 125 -> 540 -> 442 -> 686 -> 630 -> 517 -> 222 -> 948 -> 990)
991 973343 (11 -> 125 -> 540 -> 855 -> 436 -> 341 -> 613 -> 621 -> 782 -> 451 -> 301 -> 991)
992 632654 (11 -> 125 -> 614 -> 919 -> 992)
993 657404 (11 -> 125 -> 540 -> 855 -> 436 -> 341 -> 613 -> 705 -> 802 -> 993)
994 971109 (11 -> 125 -> 540 -> 442 -> 686 -> 488 -> 446 -> 994)
995 846186 (11 -> 125 -> 540 -> 442 -> 686 -> 995)
996 967563 (11 -> 125 -> 540 -> 532 -> 989 -> 99 -> 817 -> 618 -> 207 -> 996)
997 603446 (11 -> 125 -> 540 -> 855 -> 759 -> 629 -> 997)
998 646906 (11 -> 125 -> 540 -> 855 -> 436 -> 341 -> 613 -> 705 -> 802 -> 998)
999 683804 (11 -> 125 -> 540 -> 442 -> 686 -> 818 -> 217 -> 235 -> 999)
