0 0 (0)
1 14487711 (0 -> 43 -> 41 -> 1)
2 inf
3 17696776 (0 -> 43 -> 41 -> 22 -> 3)
4 29681770 (0 -> 15 -> 23 -> 27 -> 44 -> 4)
5 14409903 (0 -> 15 -> 16 -> 6 -> 5)
6 10222992 (0 -> 15 -> 16 -> 6)
7 inf
8 19336748 (0 -> 15 -> 23 -> 27 -> 8)
9 22546036 (0 -> 43 -> 34 -> 37 -> 9)
10 inf
11 inf
12 inf
13 21461709 (0 -> 43 -> 46 -> 24 -> 26 -> 13)
14 26441180 (0 -> 15 -> 23 -> 27 -> 44 -> 29 -> 48 -> 14)
15 8004589 (0 -> 15)
16 10111236 (0 -> 15 -> 16)
17 21707114 (0 -> 43 -> 46 -> 24 -> 26 -> 13 -> 17)
18 inf
19 21122514 (0 -> 43 -> 41 -> 39 -> 19)
20 11904237 (0 -> 49 -> 20)
21 inf
22 12745762 (0 -> 43 -> 41 -> 22)
23 8313716 (0 -> 15 -> 23)
24 15170323 (0 -> 43 -> 46 -> 24)
25 8995899 (0 -> 49 -> 25)
26 19206696 (0 -> 43 -> 46 -> 24 -> 26)
27 14063001 (0 -> 15 -> 23 -> 27)
28 inf
29 22109739 (0 -> 15 -> 23 -> 27 -> 44 -> 29)
30 16010548 (0 -> 32 -> 30)
31 inf
32 6072347 (0 -> 32)
33 25228587 (0 -> 43 -> 41 -> 22 -> 3 -> 33)
34 14777661 (0 -> 43 -> 34)
35 16941309 (0 -> 15 -> 23 -> 27 -> 35)
36 9008935 (0 -> 43 -> 36)
37 21329127 (0 -> 43 -> 34 -> 37)
38 18976806 (0 -> 43 -> 41 -> 22 -> 3 -> 38)
39 18296898 (0 -> 43 -> 41 -> 39)
40 19915524 (0 -> 15 -> 16 -> 40)
41 8410057 (0 -> 43 -> 41)
42 19725788 (0 -> 15 -> 16 -> 6 -> 42)
43 6375605 (0 -> 43)
44 19965304 (0 -> 15 -> 23 -> 27 -> 44)
45 19105575 (0 -> 43 -> 41 -> 1 -> 45)
46 14352629 (0 -> 43 -> 46)
47 15959986 (0 -> 43 -> 46 -> 47)
48 24159398 (0 -> 15 -> 23 -> 27 -> 44 -> 29 -> 48)
49 7386977 (0 -> 49)
